  HardwareListingCAN.cpp
c:\users\kmartin\desktop\origincpy\sources\kernel\protocoldefinitions\protocolsdefinitions.h(23): warning C4091: 'typedef ' : ignoré à gauche de 'eBUSEVENT' quand aucune variable n'est déclarée
c:\users\kmartin\desktop\origincpy\sources\busmaster\dil_interface\hardwarelistingcan.cpp(727): warning C4018: '<' : incompatibilité signed/unsigned
c:\users\kmartin\desktop\origincpy\sources\busmaster\dil_interface\hardwarelistingcan.cpp(1104): warning C4245: 'initialisation' : conversion de 'int' en 'UINT', incompatibilité signed/unsigned
c:\users\kmartin\desktop\origincpy\sources\busmaster\dil_interface\hardwarelistingcan.cpp(1149): warning C4100: 'pResult' : paramètre formel non référencé
c:\users\kmartin\desktop\origincpy\sources\busmaster\dil_interface\hardwarelistingcan.cpp(1149): warning C4100: 'pNMHDR' : paramètre formel non référencé
c:\users\kmartin\desktop\origincpy\sources\busmaster\dil_interface\hardwarelistingcan.cpp(1153): warning C4100: 'pResult' : paramètre formel non référencé
c:\users\kmartin\desktop\origincpy\sources\busmaster\dil_interface\hardwarelistingcan.cpp(1153): warning C4100: 'pNMHDR' : paramètre formel non référencé
  CAN_VSCOM.cpp
c:\users\kmartin\desktop\origincpy\sources\kernel\protocoldefinitions\protocolsdefinitions.h(23): warning C4091: 'typedef ' : ignoré à gauche de 'eBUSEVENT' quand aucune variable n'est déclarée
c:\users\kmartin\desktop\origincpy\sources\busmaster\can_vscom\can_vscom.cpp(315): warning C4456: la déclaration de 'i' masque la déclaration locale précédente
  c:\users\kmartin\desktop\origincpy\sources\busmaster\can_vscom\can_vscom.cpp(259): note: voir la déclaration de 'i'
c:\users\kmartin\desktop\origincpy\sources\busmaster\can_vscom\can_vscom.cpp(686): warning C4456: la déclaration de 'j' masque la déclaration locale précédente
  c:\users\kmartin\desktop\origincpy\sources\busmaster\can_vscom\can_vscom.cpp(658): note: voir la déclaration de 'j'
c:\users\kmartin\desktop\origincpy\sources\busmaster\can_vscom\can_vscom.cpp(1312): warning C4100: 'unChannelCount' : paramètre formel non référencé
c:\users\kmartin\desktop\origincpy\sources\busmaster\can_vscom\can_vscom.cpp(1312): warning C4100: 'bIsHardwareListed' : paramètre formel non référencé
c:\users\kmartin\desktop\origincpy\sources\busmaster\can_vscom\can_vscom.cpp(1312): warning C4100: 'dwDriverId' : paramètre formel non référencé
c:\users\kmartin\desktop\origincpy\sources\busmaster\can_vscom\can_vscom.cpp(1320): warning C4101: 'tmp' : variable locale non référencée
c:\users\kmartin\desktop\origincpy\sources\busmaster\can_vscom\can_vscom.cpp(1326): warning C4100: 'speed' : paramètre formel non référencé
c:\users\kmartin\desktop\origincpy\sources\busmaster\can_vscom\can_vscom.cpp(1356): warning C4100: 'nCount' : paramètre formel non référencé
  CAN_VSCOM_stdafx.cpp
  Génération de code en cours...
  can_setup.cpp
c:\users\kmartin\desktop\origincpy\sources\kernel\protocoldefinitions\protocolsdefinitions.h(23): warning C4091: 'typedef ' : ignoré à gauche de 'eBUSEVENT' quand aucune variable n'est déclarée
c:\users\kmartin\desktop\origincpy\sources\busmaster\can_vscom\can_setup.cpp(84): warning C4099: '_VSCanCfg' : nom de type déjà rencontré avec 'class' et utilisant maintenant 'struct'
  c:\users\kmartin\desktop\origincpy\sources\busmaster\can_vscom\can_vscom.h(33): note: voir la déclaration de '_VSCanCfg'
c:\users\kmartin\desktop\origincpy\sources\busmaster\can_vscom\can_setup.cpp(415): warning C4099: '_VSCanCfg' : nom de type déjà rencontré avec 'class' et utilisant maintenant 'struct'
  c:\users\kmartin\desktop\origincpy\sources\busmaster\can_vscom\can_setup.cpp(84): note: voir la déclaration de '_VSCanCfg'
C:\Program Files (x86)\Microsoft Visual Studio\2017\Community\Common7\IDE\VC\VCTargets\Microsoft.CppBuild.targets(1216,5): warning MSB8012: TargetPath(C:\Users\kmartin\Desktop\origincpy\Sources\BUSMASTER\CAN_VSCOM\Release\CAN_VSCOM.dll) ne correspond pas à la valeur de la propriété OutputFile (C:\Users\kmartin\Desktop\origincpy\Sources\BUSMASTER\bin\Release\CAN_VSCOM.dll) de Linker. Cela peut entraîner une génération incorrecte de votre projet. Pour corriger ce problème, vérifiez que les valeurs des propriétés $(OutDir), $(TargetName) et $(TargetExt) correspondent à la valeur spécifiée dans %(Link.OutputFile).
     Création de la bibliothèque C:\Users\kmartin\Desktop\origincpy\Sources\BUSMASTER\/BIN/Libs/Release\CAN_VSCOM.lib et de l'objet C:\Users\kmartin\Desktop\origincpy\Sources\BUSMASTER\/BIN/Libs/Release\CAN_VSCOM.exp
  CAN_VSCOM.vcxproj -> C:\Users\kmartin\Desktop\origincpy\Sources\BUSMASTER\CAN_VSCOM\Release\CAN_VSCOM.dll
