c:\users\kmartin\desktop\origincpy\sources\kernel\busmasterdriverinterface\dil_j1939\busmaster_debug\vc120.pdb
c:\users\kmartin\desktop\origincpy\sources\kernel\bin\dumpfiles\busmaster_debug\obj\dil_j1939\transferlayer.obj
c:\users\kmartin\desktop\origincpy\sources\kernel\bin\dumpfiles\busmaster_debug\obj\dil_j1939\readcanmsg.obj
c:\users\kmartin\desktop\origincpy\sources\kernel\bin\dumpfiles\busmaster_debug\obj\dil_j1939\nodeconmanager.obj
c:\users\kmartin\desktop\origincpy\sources\kernel\bin\dumpfiles\busmaster_debug\obj\dil_j1939\networkmgmt.obj
c:\users\kmartin\desktop\origincpy\sources\kernel\bin\dumpfiles\busmaster_debug\obj\dil_j1939\monitornode.obj
c:\users\kmartin\desktop\origincpy\sources\kernel\bin\dumpfiles\busmaster_debug\obj\dil_j1939\dil_j1939_stdafx.obj
c:\users\kmartin\desktop\origincpy\sources\kernel\bin\dumpfiles\busmaster_debug\obj\dil_j1939\dil_j1939.obj
c:\users\kmartin\desktop\origincpy\sources\kernel\bin\dumpfiles\busmaster_debug\obj\dil_j1939\connectiondet.obj
c:\users\kmartin\desktop\origincpy\sources\kernel\bin\libs\busmaster_debug\dil_j1939.lib
c:\users\kmartin\desktop\origincpy\sources\kernel\bin\libs\busmaster_debug\dil_j1939.exp
c:\users\kmartin\desktop\origincpy\sources\kernel\bin\busmaster_debug\dil_j1939.dll
c:\users\kmartin\desktop\origincpy\sources\kernel\bin\dumpfiles\busmaster_debug\pdb\dil_j1939.pdb
c:\users\kmartin\desktop\origincpy\sources\kernel\busmasterdriverinterface\dil_j1939\busmaster_debug\dil_j1939.tlog\cl.command.1.tlog
c:\users\kmartin\desktop\origincpy\sources\kernel\busmasterdriverinterface\dil_j1939\busmaster_debug\dil_j1939.tlog\cl.read.1.tlog
c:\users\kmartin\desktop\origincpy\sources\kernel\busmasterdriverinterface\dil_j1939\busmaster_debug\dil_j1939.tlog\cl.write.1.tlog
c:\users\kmartin\desktop\origincpy\sources\kernel\busmasterdriverinterface\dil_j1939\busmaster_debug\dil_j1939.tlog\dil_j1939.write.1u.tlog
c:\users\kmartin\desktop\origincpy\sources\kernel\busmasterdriverinterface\dil_j1939\busmaster_debug\dil_j1939.tlog\link.command.1.tlog
c:\users\kmartin\desktop\origincpy\sources\kernel\busmasterdriverinterface\dil_j1939\busmaster_debug\dil_j1939.tlog\link.read.1.tlog
c:\users\kmartin\desktop\origincpy\sources\kernel\busmasterdriverinterface\dil_j1939\busmaster_debug\dil_j1939.tlog\link.write.1.tlog
