  ConnectionDet.cpp
C:\Program Files (x86)\Microsoft Visual Studio 12.0\VC\atlmfc\include\afx.h(38): warning C4996: 'MBCS_Support_Deprecated_In_MFC': MBCS support in MFC is deprecated and may be removed in a future version of MFC.
          C:\Program Files (x86)\Microsoft Visual Studio 12.0\VC\atlmfc\include\afx.h(33) : see declaration of 'MBCS_Support_Deprecated_In_MFC'
  DIL_J1939.cpp
C:\Program Files (x86)\Microsoft Visual Studio 12.0\VC\atlmfc\include\afx.h(38): warning C4996: 'MBCS_Support_Deprecated_In_MFC': MBCS support in MFC is deprecated and may be removed in a future version of MFC.
          C:\Program Files (x86)\Microsoft Visual Studio 12.0\VC\atlmfc\include\afx.h(33) : see declaration of 'MBCS_Support_Deprecated_In_MFC'
  DIL_J1939_stdafx.cpp
C:\Program Files (x86)\Microsoft Visual Studio 12.0\VC\atlmfc\include\afx.h(38): warning C4996: 'MBCS_Support_Deprecated_In_MFC': MBCS support in MFC is deprecated and may be removed in a future version of MFC.
          C:\Program Files (x86)\Microsoft Visual Studio 12.0\VC\atlmfc\include\afx.h(33) : see declaration of 'MBCS_Support_Deprecated_In_MFC'
  MonitorNode.cpp
C:\Program Files (x86)\Microsoft Visual Studio 12.0\VC\atlmfc\include\afx.h(38): warning C4996: 'MBCS_Support_Deprecated_In_MFC': MBCS support in MFC is deprecated and may be removed in a future version of MFC.
          C:\Program Files (x86)\Microsoft Visual Studio 12.0\VC\atlmfc\include\afx.h(33) : see declaration of 'MBCS_Support_Deprecated_In_MFC'
  NetworkMgmt.cpp
C:\Program Files (x86)\Microsoft Visual Studio 12.0\VC\atlmfc\include\afx.h(38): warning C4996: 'MBCS_Support_Deprecated_In_MFC': MBCS support in MFC is deprecated and may be removed in a future version of MFC.
          C:\Program Files (x86)\Microsoft Visual Studio 12.0\VC\atlmfc\include\afx.h(33) : see declaration of 'MBCS_Support_Deprecated_In_MFC'
NetworkMgmt.cpp(296): warning C4996: 'strcpy': This function or variable may be unsafe. Consider using strcpy_s instead. To disable deprecation, use _CRT_SECURE_NO_WARNINGS. See online help for details.
          C:\Program Files (x86)\Microsoft Visual Studio 12.0\VC\include\string.h(112) : see declaration of 'strcpy'
  NodeConManager.cpp
C:\Program Files (x86)\Microsoft Visual Studio 12.0\VC\atlmfc\include\afx.h(38): warning C4996: 'MBCS_Support_Deprecated_In_MFC': MBCS support in MFC is deprecated and may be removed in a future version of MFC.
          C:\Program Files (x86)\Microsoft Visual Studio 12.0\VC\atlmfc\include\afx.h(33) : see declaration of 'MBCS_Support_Deprecated_In_MFC'
NodeConManager.cpp(265): warning C4996: 'strcpy': This function or variable may be unsafe. Consider using strcpy_s instead. To disable deprecation, use _CRT_SECURE_NO_WARNINGS. See online help for details.
          C:\Program Files (x86)\Microsoft Visual Studio 12.0\VC\include\string.h(112) : see declaration of 'strcpy'
  ReadCanMsg.cpp
C:\Program Files (x86)\Microsoft Visual Studio 12.0\VC\atlmfc\include\afx.h(38): warning C4996: 'MBCS_Support_Deprecated_In_MFC': MBCS support in MFC is deprecated and may be removed in a future version of MFC.
          C:\Program Files (x86)\Microsoft Visual Studio 12.0\VC\atlmfc\include\afx.h(33) : see declaration of 'MBCS_Support_Deprecated_In_MFC'
  TransferLayer.cpp
C:\Program Files (x86)\Microsoft Visual Studio 12.0\VC\atlmfc\include\afx.h(38): warning C4996: 'MBCS_Support_Deprecated_In_MFC': MBCS support in MFC is deprecated and may be removed in a future version of MFC.
          C:\Program Files (x86)\Microsoft Visual Studio 12.0\VC\atlmfc\include\afx.h(33) : see declaration of 'MBCS_Support_Deprecated_In_MFC'
  Generating Code...
C:\Program Files (x86)\MSBuild\Microsoft.Cpp\v4.0\V120\Microsoft.CppBuild.targets(1193,5): warning MSB8012: TargetPath(C:\Users\kmartin\Desktop\origincpy\Sources\Kernel\BusmasterDriverInterface\DIL_J1939\busmaster_debug\DIL_J1939.dll) does not match the Linker's OutputFile property value (C:\Users\kmartin\Desktop\origincpy\Sources\Kernel\Bin\busmaster_debug\DIL_J1939.dll). This may cause your project to build incorrectly. To correct this, please make sure that $(OutDir), $(TargetName) and $(TargetExt) property values match the value specified in %(Link.OutputFile).
  Utilities.lib(Utility_Thread.obj) : MSIL .netmodule or module compiled with /GL found; restarting link with /LTCG; add /LTCG to the link command line to improve linker performance
     Creating library C:\Users\kmartin\Desktop\origincpy\Sources\Kernel\/BIN/Libs/busmaster_debug\DIL_J1939.lib and object C:\Users\kmartin\Desktop\origincpy\Sources\Kernel\/BIN/Libs/busmaster_debug\DIL_J1939.exp
  Generating code
  Finished generating code
Utilities.lib(Utility_Thread.obj) : warning LNK4099: PDB 'vc120.pdb' was not found with 'Utilities.lib(Utility_Thread.obj)' or at 'C:\Users\kmartin\Desktop\origincpy\Sources\Kernel\bin\DumpFiles\busmaster_debug\PDB\vc120.pdb'; linking object as if no debug info
Utilities.lib(MsgBufVSE.obj) : warning LNK4099: PDB 'vc120.pdb' was not found with 'Utilities.lib(MsgBufVSE.obj)' or at 'C:\Users\kmartin\Desktop\origincpy\Sources\Kernel\bin\DumpFiles\busmaster_debug\PDB\vc120.pdb'; linking object as if no debug info
  J1939.vcxproj -> C:\Users\kmartin\Desktop\origincpy\Sources\Kernel\BusmasterDriverInterface\DIL_J1939\busmaster_debug\DIL_J1939.dll
  Un sous-répertoire ou un fichier C:\Users\kmartin\Desktop\origincpy\Sources\Kernel\BusmasterDriverInterface\DIL_J1939\..\BIN\busmaster_debug\ existe déjà.
  Le fichier spécifié est introuvable.
C:\Program Files (x86)\MSBuild\Microsoft.Cpp\v4.0\V120\Microsoft.CppCommon.targets(132,5): error MSB3073: La commande "md C:\Users\kmartin\Desktop\origincpy\Sources\Kernel\BusmasterDriverInterface\DIL_J1939\..\BIN\busmaster_debug\
C:\Program Files (x86)\MSBuild\Microsoft.Cpp\v4.0\V120\Microsoft.CppCommon.targets(132,5): error MSB3073: copy C:\Users\kmartin\Desktop\origincpy\Sources\Kernel\BusmasterDriverInterface\DIL_J1939\busmaster_debug\DIL_J1939.dll C:\Users\kmartin\Desktop\origincpy\Sources\Kernel\BusmasterDriverInterface\DIL_J1939\..\BIN\busmaster_debug\
C:\Program Files (x86)\MSBuild\Microsoft.Cpp\v4.0\V120\Microsoft.CppCommon.targets(132,5): error MSB3073: :VCEnd" s'est arrêtée avec le code 1.
