  ConnectionDet.cpp
C:\Program Files (x86)\Microsoft Visual Studio 12.0\VC\atlmfc\include\afx.h(38): warning C4996: 'MBCS_Support_Deprecated_In_MFC': MBCS support in MFC is deprecated and may be removed in a future version of MFC.
          C:\Program Files (x86)\Microsoft Visual Studio 12.0\VC\atlmfc\include\afx.h(33) : see declaration of 'MBCS_Support_Deprecated_In_MFC'
  DIL_J1939.cpp
C:\Program Files (x86)\Microsoft Visual Studio 12.0\VC\atlmfc\include\afx.h(38): warning C4996: 'MBCS_Support_Deprecated_In_MFC': MBCS support in MFC is deprecated and may be removed in a future version of MFC.
          C:\Program Files (x86)\Microsoft Visual Studio 12.0\VC\atlmfc\include\afx.h(33) : see declaration of 'MBCS_Support_Deprecated_In_MFC'
  DIL_J1939_stdafx.cpp
C:\Program Files (x86)\Microsoft Visual Studio 12.0\VC\atlmfc\include\afx.h(38): warning C4996: 'MBCS_Support_Deprecated_In_MFC': MBCS support in MFC is deprecated and may be removed in a future version of MFC.
          C:\Program Files (x86)\Microsoft Visual Studio 12.0\VC\atlmfc\include\afx.h(33) : see declaration of 'MBCS_Support_Deprecated_In_MFC'
  MonitorNode.cpp
C:\Program Files (x86)\Microsoft Visual Studio 12.0\VC\atlmfc\include\afx.h(38): warning C4996: 'MBCS_Support_Deprecated_In_MFC': MBCS support in MFC is deprecated and may be removed in a future version of MFC.
          C:\Program Files (x86)\Microsoft Visual Studio 12.0\VC\atlmfc\include\afx.h(33) : see declaration of 'MBCS_Support_Deprecated_In_MFC'
  NetworkMgmt.cpp
C:\Program Files (x86)\Microsoft Visual Studio 12.0\VC\atlmfc\include\afx.h(38): warning C4996: 'MBCS_Support_Deprecated_In_MFC': MBCS support in MFC is deprecated and may be removed in a future version of MFC.
          C:\Program Files (x86)\Microsoft Visual Studio 12.0\VC\atlmfc\include\afx.h(33) : see declaration of 'MBCS_Support_Deprecated_In_MFC'
NetworkMgmt.cpp(296): warning C4996: 'strcpy': This function or variable may be unsafe. Consider using strcpy_s instead. To disable deprecation, use _CRT_SECURE_NO_WARNINGS. See online help for details.
          C:\Program Files (x86)\Microsoft Visual Studio 12.0\VC\include\string.h(112) : see declaration of 'strcpy'
  NodeConManager.cpp
C:\Program Files (x86)\Microsoft Visual Studio 12.0\VC\atlmfc\include\afx.h(38): warning C4996: 'MBCS_Support_Deprecated_In_MFC': MBCS support in MFC is deprecated and may be removed in a future version of MFC.
          C:\Program Files (x86)\Microsoft Visual Studio 12.0\VC\atlmfc\include\afx.h(33) : see declaration of 'MBCS_Support_Deprecated_In_MFC'
NodeConManager.cpp(265): warning C4996: 'strcpy': This function or variable may be unsafe. Consider using strcpy_s instead. To disable deprecation, use _CRT_SECURE_NO_WARNINGS. See online help for details.
          C:\Program Files (x86)\Microsoft Visual Studio 12.0\VC\include\string.h(112) : see declaration of 'strcpy'
  ReadCanMsg.cpp
C:\Program Files (x86)\Microsoft Visual Studio 12.0\VC\atlmfc\include\afx.h(38): warning C4996: 'MBCS_Support_Deprecated_In_MFC': MBCS support in MFC is deprecated and may be removed in a future version of MFC.
          C:\Program Files (x86)\Microsoft Visual Studio 12.0\VC\atlmfc\include\afx.h(33) : see declaration of 'MBCS_Support_Deprecated_In_MFC'
  TransferLayer.cpp
C:\Program Files (x86)\Microsoft Visual Studio 12.0\VC\atlmfc\include\afx.h(38): warning C4996: 'MBCS_Support_Deprecated_In_MFC': MBCS support in MFC is deprecated and may be removed in a future version of MFC.
          C:\Program Files (x86)\Microsoft Visual Studio 12.0\VC\atlmfc\include\afx.h(33) : see declaration of 'MBCS_Support_Deprecated_In_MFC'
  Generating Code...
  Utilities.lib(Utility_Thread.obj) : MSIL .netmodule or module compiled with /GL found; restarting link with /LTCG; add /LTCG to the link command line to improve linker performance
     Creating library C:\Users\kmartin\Desktop\origincpy\Sources\Kernel\/BIN/Libs/Release\DIL_J1939.lib and object C:\Users\kmartin\Desktop\origincpy\Sources\Kernel\/BIN/Libs/Release\DIL_J1939.exp
  Generating code
  Finished generating code
  J1939.vcxproj -> C:\Users\kmartin\Desktop\origincpy\Sources\Kernel\BusmasterDriverInterface\DIL_J1939\Release\DIL_J1939.dll
  Un sous-répertoire ou un fichier C:\Users\kmartin\Desktop\origincpy\Sources\Kernel\..\BUSMASTER\BIN\Release\ existe déjà.
          1 fichier(s) copié(s).
