  LogObjectLIN.cpp
LogObjectLIN.cpp(317): warning C4189: 'bResult' : local variable is initialized but not referenced
C:\Users\kmartin\Desktop\origincpy\Sources\BUSMASTER\DataTypes/Filter_Datatypes.h(488): warning C4189: 'byVersion' : local variable is initialized but not referenced
          C:\Users\kmartin\Desktop\origincpy\Sources\BUSMASTER\DataTypes/Filter_Datatypes.h(487) : while compiling class template member function 'void SFILTERAPPLIED<tagSFRAMEINFO_BASIC_LIN>::pbGetConfigData(xmlNodePtr &) const'
          c:\users\kmartin\desktop\origincpy\sources\busmaster\frameprocessor\LogObjectLIN.h(37) : see reference to class template instantiation 'SFILTERAPPLIED<tagSFRAMEINFO_BASIC_LIN>' being compiled
C:\Users\kmartin\Desktop\origincpy\Sources\BUSMASTER\DataTypes/Filter_Datatypes.h(473): warning C4189: 'byVersion' : local variable is initialized but not referenced
          C:\Users\kmartin\Desktop\origincpy\Sources\BUSMASTER\DataTypes/Filter_Datatypes.h(472) : while compiling class template member function 'void SFILTERAPPLIED<tagSFRAMEINFO_BASIC_LIN>::pbGetConfigFilterData(xmlNodePtr) const'
          LogObjectLIN.cpp(382) : see reference to function template instantiation 'void SFILTERAPPLIED<tagSFRAMEINFO_BASIC_LIN>::pbGetConfigFilterData(xmlNodePtr) const' being compiled
C:\Users\kmartin\Desktop\origincpy\Sources\BUSMASTER\DataTypes/Filter_Datatypes.h(619): warning C4189: 'nRealFilters' : local variable is initialized but not referenced
          C:\Users\kmartin\Desktop\origincpy\Sources\BUSMASTER\DataTypes/Filter_Datatypes.h(618) : while compiling class template member function 'int SFILTERAPPLIED<tagSFRAMEINFO_BASIC_LIN>::nGetFiltersFromName(SFILTERAPPLIED<tagSFRAMEINFO_BASIC_LIN> &,std::map<std::string,int,std::less<_Kty>,std::allocator<std::pair<const _Kty,_Ty>>> &)'
          with
          [
              _Kty=std::string
  ,            _Ty=int
          ]
          LogObjectLIN.cpp(367) : see reference to function template instantiation 'int SFILTERAPPLIED<tagSFRAMEINFO_BASIC_LIN>::nGetFiltersFromName(SFILTERAPPLIED<tagSFRAMEINFO_BASIC_LIN> &,std::map<std::string,int,std::less<_Kty>,std::allocator<std::pair<const _Kty,_Ty>>> &)' being compiled
          with
          [
              _Kty=std::string
  ,            _Ty=int
          ]
  LogObjectJ1939.cpp
LogObjectJ1939.cpp(68): warning C4244: 'initializing' : conversion from '__int64' to 'TYPE_CHANNEL', possible loss of data
LogObjectJ1939.cpp(279): warning C4189: 'bResult' : local variable is initialized but not referenced
C:\Users\kmartin\Desktop\origincpy\Sources\BUSMASTER\DataTypes/Filter_Datatypes.h(488): warning C4189: 'byVersion' : local variable is initialized but not referenced
          C:\Users\kmartin\Desktop\origincpy\Sources\BUSMASTER\DataTypes/Filter_Datatypes.h(487) : while compiling class template member function 'void SFILTERAPPLIED<tagSFRAMEINFO_BASIC_J1939>::pbGetConfigData(xmlNodePtr &) const'
          c:\users\kmartin\desktop\origincpy\sources\busmaster\frameprocessor\LogObjectJ1939.h(38) : see reference to class template instantiation 'SFILTERAPPLIED<tagSFRAMEINFO_BASIC_J1939>' being compiled
C:\Users\kmartin\Desktop\origincpy\Sources\BUSMASTER\DataTypes/Filter_Datatypes.h(473): warning C4189: 'byVersion' : local variable is initialized but not referenced
          C:\Users\kmartin\Desktop\origincpy\Sources\BUSMASTER\DataTypes/Filter_Datatypes.h(472) : while compiling class template member function 'void SFILTERAPPLIED<tagSFRAMEINFO_BASIC_J1939>::pbGetConfigFilterData(xmlNodePtr) const'
          LogObjectJ1939.cpp(298) : see reference to function template instantiation 'void SFILTERAPPLIED<tagSFRAMEINFO_BASIC_J1939>::pbGetConfigFilterData(xmlNodePtr) const' being compiled
  LogObjectCAN.cpp
LogObjectCAN.cpp(293): warning C4189: 'bResult' : local variable is initialized but not referenced
C:\Users\kmartin\Desktop\origincpy\Sources\BUSMASTER\DataTypes/Filter_Datatypes.h(488): warning C4189: 'byVersion' : local variable is initialized but not referenced
          C:\Users\kmartin\Desktop\origincpy\Sources\BUSMASTER\DataTypes/Filter_Datatypes.h(487) : while compiling class template member function 'void SFILTERAPPLIED<tagSFRAMEINFO_BASIC_CAN>::pbGetConfigData(xmlNodePtr &) const'
          c:\users\kmartin\desktop\origincpy\sources\busmaster\frameprocessor\LogObjectCAN.h(37) : see reference to class template instantiation 'SFILTERAPPLIED<tagSFRAMEINFO_BASIC_CAN>' being compiled
C:\Users\kmartin\Desktop\origincpy\Sources\BUSMASTER\DataTypes/Filter_Datatypes.h(473): warning C4189: 'byVersion' : local variable is initialized but not referenced
          C:\Users\kmartin\Desktop\origincpy\Sources\BUSMASTER\DataTypes/Filter_Datatypes.h(472) : while compiling class template member function 'void SFILTERAPPLIED<tagSFRAMEINFO_BASIC_CAN>::pbGetConfigFilterData(xmlNodePtr) const'
          LogObjectCAN.cpp(358) : see reference to function template instantiation 'void SFILTERAPPLIED<tagSFRAMEINFO_BASIC_CAN>::pbGetConfigFilterData(xmlNodePtr) const' being compiled
C:\Users\kmartin\Desktop\origincpy\Sources\BUSMASTER\DataTypes/Filter_Datatypes.h(619): warning C4189: 'nRealFilters' : local variable is initialized but not referenced
          C:\Users\kmartin\Desktop\origincpy\Sources\BUSMASTER\DataTypes/Filter_Datatypes.h(618) : while compiling class template member function 'int SFILTERAPPLIED<tagSFRAMEINFO_BASIC_CAN>::nGetFiltersFromName(SFILTERAPPLIED<tagSFRAMEINFO_BASIC_CAN> &,std::map<std::string,int,std::less<_Kty>,std::allocator<std::pair<const _Kty,_Ty>>> &)'
          with
          [
              _Kty=std::string
  ,            _Ty=int
          ]
          LogObjectCAN.cpp(343) : see reference to function template instantiation 'int SFILTERAPPLIED<tagSFRAMEINFO_BASIC_CAN>::nGetFiltersFromName(SFILTERAPPLIED<tagSFRAMEINFO_BASIC_CAN> &,std::map<std::string,int,std::less<_Kty>,std::allocator<std::pair<const _Kty,_Ty>>> &)' being compiled
          with
          [
              _Kty=std::string
  ,            _Ty=int
          ]
  FrameProcessor_LIN.cpp
C:\Users\kmartin\Desktop\origincpy\Sources\BUSMASTER\DataTypes/Filter_DataTypes.h(488): warning C4189: 'byVersion' : local variable is initialized but not referenced
          C:\Users\kmartin\Desktop\origincpy\Sources\BUSMASTER\DataTypes/Filter_DataTypes.h(487) : while compiling class template member function 'void SFILTERAPPLIED<tagSFRAMEINFO_BASIC_LIN>::pbGetConfigData(xmlNodePtr &) const'
          c:\users\kmartin\desktop\origincpy\sources\busmaster\frameprocessor\LogObjectLIN.h(37) : see reference to class template instantiation 'SFILTERAPPLIED<tagSFRAMEINFO_BASIC_LIN>' being compiled
  FrameProcessor_J1939.cpp
C:\Users\kmartin\Desktop\origincpy\Sources\BUSMASTER\Application/StdAfx.h(81): warning C4192: automatically excluding 'ISequentialStream' while importing type library 'msxml6.dll'
C:\Users\kmartin\Desktop\origincpy\Sources\BUSMASTER\Application/StdAfx.h(81): warning C4192: automatically excluding '_FILETIME' while importing type library 'msxml6.dll'
C:\Users\kmartin\Desktop\origincpy\Sources\BUSMASTER\DataTypes/Filter_DataTypes.h(488): warning C4189: 'byVersion' : local variable is initialized but not referenced
          C:\Users\kmartin\Desktop\origincpy\Sources\BUSMASTER\DataTypes/Filter_DataTypes.h(487) : while compiling class template member function 'void SFILTERAPPLIED<tagSFRAMEINFO_BASIC_J1939>::pbGetConfigData(xmlNodePtr &) const'
          c:\users\kmartin\desktop\origincpy\sources\busmaster\frameprocessor\LogObjectJ1939.h(38) : see reference to class template instantiation 'SFILTERAPPLIED<tagSFRAMEINFO_BASIC_J1939>' being compiled
  FrameProcessor_Common.cpp
FrameProcessor_Common.cpp(579): warning C4189: 'isEnabled' : local variable is initialized but not referenced
FrameProcessor_Common.cpp(623): warning C4244: '=' : conversion from 'int' to 'USHORT', possible loss of data
  FrameProcessor_CAN.cpp
C:\Users\kmartin\Desktop\origincpy\Sources\BUSMASTER\DataTypes/Filter_DataTypes.h(488): warning C4189: 'byVersion' : local variable is initialized but not referenced
          C:\Users\kmartin\Desktop\origincpy\Sources\BUSMASTER\DataTypes/Filter_DataTypes.h(487) : while compiling class template member function 'void SFILTERAPPLIED<tagSFRAMEINFO_BASIC_CAN>::pbGetConfigData(xmlNodePtr &) const'
          c:\users\kmartin\desktop\origincpy\sources\busmaster\frameprocessor\LogObjectCAN.h(37) : see reference to class template instantiation 'SFILTERAPPLIED<tagSFRAMEINFO_BASIC_CAN>' being compiled
  FrameProcessor.cpp
  FormatMsgLIN.cpp
Format\FormatMsgLIN.cpp(155): warning C4244: '=' : conversion from 'eLinMsgType' to 'BYTE', possible loss of data
Format\FormatMsgLIN.cpp(182): warning C4245: '=' : conversion from 'int' to 'DWORD', signed/unsigned mismatch
Format\FormatMsgLIN.cpp(195): warning C4244: '=' : conversion from 'eLinMsgType' to 'BYTE', possible loss of data
  FormatMsgJ1939.cpp
  FormatMsgCommon.cpp
  FormatMsgCAN.cpp
  ConfigMsgLogLINDlg.cpp
C:\Users\kmartin\Desktop\origincpy\Sources\BUSMASTER\DataTypes/Filter_DataTypes.h(488): warning C4189: 'byVersion' : local variable is initialized but not referenced
          C:\Users\kmartin\Desktop\origincpy\Sources\BUSMASTER\DataTypes/Filter_DataTypes.h(487) : while compiling class template member function 'void SFILTERAPPLIED<tagSFRAMEINFO_BASIC_LIN>::pbGetConfigData(xmlNodePtr &) const'
          ConfigMsgLogLINDlg.cpp(19) : see reference to class template instantiation 'SFILTERAPPLIED<tagSFRAMEINFO_BASIC_LIN>' being compiled
  ConfigMsgLogJ1939Dlg.cpp
  ConfigMsgLogDlg.cpp
ConfigMsgLogDlg.cpp(1034): warning C4244: 'argument' : conversion from 'int' to 'USHORT', possible loss of data
ConfigMsgLogDlg.cpp(1316): warning C4389: '!=' : signed/unsigned mismatch
ConfigMsgLogDlg.cpp(1325): warning C4389: '!=' : signed/unsigned mismatch
ConfigMsgLogDlg.cpp(1334): warning C4389: '!=' : signed/unsigned mismatch
  ConfigMsgLogCANDlg.cpp
C:\Users\kmartin\Desktop\origincpy\Sources\BUSMASTER\DataTypes/Filter_DataTypes.h(488): warning C4189: 'byVersion' : local variable is initialized but not referenced
          C:\Users\kmartin\Desktop\origincpy\Sources\BUSMASTER\DataTypes/Filter_DataTypes.h(487) : while compiling class template member function 'void SFILTERAPPLIED<tagSFRAMEINFO_BASIC_CAN>::pbGetConfigData(xmlNodePtr &) const'
          ConfigMsgLogCANDlg.cpp(15) : see reference to class template instantiation 'SFILTERAPPLIED<tagSFRAMEINFO_BASIC_CAN>' being compiled
  BaseLogObject.cpp
  Generating Code...
c:\users\kmartin\desktop\origincpy\sources\busmaster\frameprocessor\baselogobject.cpp(516): warning C4701: potentially uninitialized local variable 'n_pos' used
C:\Program Files (x86)\MSBuild\Microsoft.Cpp\v4.0\V120\Microsoft.CppBuild.targets(1193,5): warning MSB8012: TargetPath(C:\Users\kmartin\Desktop\origincpy\Sources\BUSMASTER\FrameProcessor\Debug\FrameProcessor.dll) does not match the Linker's OutputFile property value (C:\Users\kmartin\Desktop\origincpy\Sources\BUSMASTER\bin\Debug\FrameProcessor.dll). This may cause your project to build incorrectly. To correct this, please make sure that $(OutDir), $(TargetName) and $(TargetExt) property values match the value specified in %(Link.OutputFile).
LINK : fatal error LNK1104: cannot open file 'C:\Users\kmartin\Desktop\origincpy\Sources\BUSMASTER\/BIN/Libs/Debug\Filter.lib'
