  CANTransmitter.cpp
c:\users\kmartin\desktop\origincpy\sources\kernel\protocoldefinitions\protocolsdefinitions.h(23): warning C4091: 'typedef ' : ignoré à gauche de 'eBUSEVENT' quand aucune variable n'est déclarée
c:\users\kmartin\desktop\origincpy\sources\kernel\protocoldefinitions\ccompumethod.h(27): warning C4091: 'typedef ' : ignoré à gauche de 'eCompuType' quand aucune variable n'est déclarée
c:\users\kmartin\desktop\origincpy\sources\busmaster\include\basedefs.h(51): warning C4091: 'typedef ' : ignoré à gauche de 'eBUSEVEHANDLER' quand aucune variable n'est déclarée
c:\users\kmartin\desktop\origincpy\sources\busmaster\txwindow\cantransmitter.cpp(128): warning C4244: '=' : conversion de 'int' en 'unsigned char', perte possible de données
c:\users\kmartin\desktop\origincpy\sources\busmaster\txwindow\cantransmitter.cpp(129): warning C4244: '=' : conversion de 'int' en 'unsigned char', perte possible de données
  CANTxFormView.cpp
c:\users\kmartin\desktop\origincpy\sources\kernel\protocoldefinitions\protocolsdefinitions.h(23): warning C4091: 'typedef ' : ignoré à gauche de 'eBUSEVENT' quand aucune variable n'est déclarée
c:\users\kmartin\desktop\origincpy\sources\kernel\protocoldefinitions\ccompumethod.h(27): warning C4091: 'typedef ' : ignoré à gauche de 'eCompuType' quand aucune variable n'est déclarée
c:\users\kmartin\desktop\origincpy\sources\busmaster\include\basedefs.h(51): warning C4091: 'typedef ' : ignoré à gauche de 'eBUSEVEHANDLER' quand aucune variable n'est déclarée
c:\users\kmartin\desktop\origincpy\sources\busmaster\txwindow\hashdefines.h(36): warning C4005: 'defNO_OF_CHANNELS' : redéfinition de macro
  c:\users\kmartin\desktop\origincpy\sources\kernel\busmasterdriverinterface\include\devicelistinfo.h(40): note: voir la définition précédente de 'defNO_OF_CHANNELS'
c:\users\kmartin\desktop\origincpy\sources\busmaster\utility\utility_structs.h(42): warning C4005: 'defFLC_CREATE_FAILED' : redéfinition de macro
  c:\users\kmartin\desktop\origincpy\sources\busmaster\txwindow\hashdefines.h(43): note: voir la définition précédente de 'defFLC_CREATE_FAILED'
c:\users\kmartin\desktop\origincpy\sources\busmaster\utility\utility_structs.h(43): warning C4005: 'defCOMBO_ITEM' : redéfinition de macro
  c:\users\kmartin\desktop\origincpy\sources\busmaster\txwindow\hashdefines.h(44): note: voir la définition précédente de 'defCOMBO_ITEM'
c:\users\kmartin\desktop\origincpy\sources\busmaster\utility\utility_structs.h(44): warning C4005: 'defCOMBO_LIST' : redéfinition de macro
  c:\users\kmartin\desktop\origincpy\sources\busmaster\txwindow\hashdefines.h(45): note: voir la définition précédente de 'defCOMBO_LIST'
c:\users\kmartin\desktop\origincpy\sources\busmaster\utility\utility_structs.h(45): warning C4005: 'defEDIT_ITEM' : redéfinition de macro
  c:\users\kmartin\desktop\origincpy\sources\busmaster\txwindow\hashdefines.h(46): note: voir la définition précédente de 'defEDIT_ITEM'
c:\users\kmartin\desktop\origincpy\sources\busmaster\utility\utility_structs.h(46): warning C4005: 'defNUM_ITEM' : redéfinition de macro
  c:\users\kmartin\desktop\origincpy\sources\busmaster\txwindow\hashdefines.h(47): note: voir la définition précédente de 'defNUM_ITEM'
c:\users\kmartin\desktop\origincpy\sources\busmaster\txwindow\itxformview.h(41): warning C4091: 'typedef ' : ignoré à gauche de 'eTXWNDDETAILS' quand aucune variable n'est déclarée
c:\users\kmartin\desktop\origincpy\sources\busmaster\txwindow\cantxformview.cpp(213): warning C4457: la déclaration de 'nIndex' masque le paramètre de fonction
  c:\users\kmartin\desktop\origincpy\sources\busmaster\txwindow\cantxformview.cpp(85): note: voir la déclaration de 'nIndex'
c:\users\kmartin\desktop\origincpy\sources\busmaster\txwindow\cantxformview.cpp(332): warning C4018: '<' : incompatibilité signed/unsigned
  CANTxMsgItem.cpp
c:\users\kmartin\desktop\origincpy\sources\kernel\protocoldefinitions\protocolsdefinitions.h(23): warning C4091: 'typedef ' : ignoré à gauche de 'eBUSEVENT' quand aucune variable n'est déclarée
c:\users\kmartin\desktop\origincpy\sources\kernel\protocoldefinitions\ccompumethod.h(27): warning C4091: 'typedef ' : ignoré à gauche de 'eCompuType' quand aucune variable n'est déclarée
c:\users\kmartin\desktop\origincpy\sources\busmaster\include\basedefs.h(51): warning C4091: 'typedef ' : ignoré à gauche de 'eBUSEVEHANDLER' quand aucune variable n'est déclarée
c:\users\kmartin\desktop\origincpy\sources\busmaster\txwindow\cantxmsgitem.cpp(153): warning C4244: '=' : conversion de 'int' en 'unsigned char', perte possible de données
c:\users\kmartin\desktop\origincpy\sources\busmaster\txwindow\cantxmsgitem.cpp(313): warning C4244: '=' : conversion de 'int' en 'unsigned char', perte possible de données
  CCheckColumnTreeCtrl.cpp
c:\users\kmartin\desktop\origincpy\sources\kernel\protocoldefinitions\protocolsdefinitions.h(23): warning C4091: 'typedef ' : ignoré à gauche de 'eBUSEVENT' quand aucune variable n'est déclarée
c:\users\kmartin\desktop\origincpy\sources\kernel\protocoldefinitions\ccompumethod.h(27): warning C4091: 'typedef ' : ignoré à gauche de 'eCompuType' quand aucune variable n'est déclarée
c:\users\kmartin\desktop\origincpy\sources\busmaster\application\hashdefines.h(138): warning C4091: 'typedef ' : ignoré à gauche de 'eREPLAYMODE' quand aucune variable n'est déclarée
c:\users\kmartin\desktop\origincpy\sources\busmaster\application\hashdefines.h(982): warning C4091: 'typedef ' : ignoré à gauche de 'eCONFIGDETAILS' quand aucune variable n'est déclarée
c:\users\kmartin\desktop\origincpy\sources\busmaster\include\basedefs.h(51): warning C4091: 'typedef ' : ignoré à gauche de 'eBUSEVEHANDLER' quand aucune variable n'est déclarée
c:\users\kmartin\desktop\origincpy\sources\busmaster\txwindow\ccheckcolumntreectrl.cpp(87): warning C4244: '=' : conversion de 'INT' en 'unsigned char', perte possible de données
c:\users\kmartin\desktop\origincpy\sources\busmaster\txwindow\ccheckcolumntreectrl.cpp(105): warning C4244: '=' : conversion de 'int' en 'unsigned char', perte possible de données
c:\users\kmartin\desktop\origincpy\sources\busmaster\txwindow\ccheckcolumntreectrl.cpp(129): warning C4244: '=' : conversion de 'int' en 'unsigned char', perte possible de données
  ITxFormView.cpp
c:\users\kmartin\desktop\origincpy\sources\kernel\protocoldefinitions\protocolsdefinitions.h(23): warning C4091: 'typedef ' : ignoré à gauche de 'eBUSEVENT' quand aucune variable n'est déclarée
c:\users\kmartin\desktop\origincpy\sources\kernel\protocoldefinitions\ccompumethod.h(27): warning C4091: 'typedef ' : ignoré à gauche de 'eCompuType' quand aucune variable n'est déclarée
c:\users\kmartin\desktop\origincpy\sources\busmaster\include\basedefs.h(51): warning C4091: 'typedef ' : ignoré à gauche de 'eBUSEVEHANDLER' quand aucune variable n'est déclarée
c:\users\kmartin\desktop\origincpy\sources\busmaster\txwindow\itxformview.h(41): warning C4091: 'typedef ' : ignoré à gauche de 'eTXWNDDETAILS' quand aucune variable n'est déclarée
c:\users\kmartin\desktop\origincpy\sources\busmaster\txwindow\hashdefines.h(36): warning C4005: 'defNO_OF_CHANNELS' : redéfinition de macro
  c:\users\kmartin\desktop\origincpy\sources\kernel\busmasterdriverinterface\include\devicelistinfo.h(40): note: voir la définition précédente de 'defNO_OF_CHANNELS'
c:\users\kmartin\desktop\origincpy\sources\busmaster\txwindow\hashdefines.h(43): warning C4005: 'defFLC_CREATE_FAILED' : redéfinition de macro
  c:\users\kmartin\desktop\origincpy\sources\busmaster\utility\utility_structs.h(42): note: voir la définition précédente de 'defFLC_CREATE_FAILED'
c:\users\kmartin\desktop\origincpy\sources\busmaster\txwindow\hashdefines.h(44): warning C4005: 'defCOMBO_ITEM' : redéfinition de macro
  c:\users\kmartin\desktop\origincpy\sources\busmaster\utility\utility_structs.h(43): note: voir la définition précédente de 'defCOMBO_ITEM'
c:\users\kmartin\desktop\origincpy\sources\busmaster\txwindow\hashdefines.h(45): warning C4005: 'defCOMBO_LIST' : redéfinition de macro
  c:\users\kmartin\desktop\origincpy\sources\busmaster\utility\utility_structs.h(44): note: voir la définition précédente de 'defCOMBO_LIST'
c:\users\kmartin\desktop\origincpy\sources\busmaster\txwindow\hashdefines.h(46): warning C4005: 'defEDIT_ITEM' : redéfinition de macro
  c:\users\kmartin\desktop\origincpy\sources\busmaster\utility\utility_structs.h(45): note: voir la définition précédente de 'defEDIT_ITEM'
c:\users\kmartin\desktop\origincpy\sources\busmaster\txwindow\hashdefines.h(47): warning C4005: 'defNUM_ITEM' : redéfinition de macro
  c:\users\kmartin\desktop\origincpy\sources\busmaster\utility\utility_structs.h(46): note: voir la définition précédente de 'defNUM_ITEM'
c:\users\kmartin\desktop\origincpy\sources\busmaster\txwindow\itxformview.cpp(594): warning C4244: '=' : conversion de 'unsigned int' en 'short', perte possible de données
c:\users\kmartin\desktop\origincpy\sources\busmaster\txwindow\itxformview.cpp(632): warning C4244: '=' : conversion de 'unsigned int' en 'short', perte possible de données
c:\users\kmartin\desktop\origincpy\sources\busmaster\txwindow\itxformview.cpp(654): warning C4018: '<' : incompatibilité signed/unsigned
c:\users\kmartin\desktop\origincpy\sources\busmaster\txwindow\itxformview.cpp(1015): warning C4244: '=' : conversion de 'unsigned long' en 'unsigned char', perte possible de données
c:\users\kmartin\desktop\origincpy\sources\busmaster\txwindow\itxformview.cpp(1019): warning C4244: '=' : conversion de 'unsigned long' en 'unsigned char', perte possible de données
c:\users\kmartin\desktop\origincpy\sources\busmaster\txwindow\itxformview.cpp(1135): warning C4244: 'initialisation' : conversion de 'double' en 'UINT64', perte possible de données
c:\users\kmartin\desktop\origincpy\sources\busmaster\txwindow\itxformview.cpp(1122): warning C4100: 'dataLenght' : paramètre formel non référencé
c:\users\kmartin\desktop\origincpy\sources\busmaster\txwindow\itxformview.cpp(1182): warning C4239: extension non standard utilisée : 'argument' : conversion de 'std::pair<ISignal *,SignalInstanse>' en 'std::pair<ISignal *,SignalInstanse> &'
  c:\users\kmartin\desktop\origincpy\sources\busmaster\txwindow\itxformview.cpp(1182): note: Une référence non const peut uniquement être liée à lvalue
c:\users\kmartin\desktop\origincpy\sources\busmaster\txwindow\itxformview.cpp(1203): warning C4244: 'initialisation' : conversion de 'int' en 'short', perte possible de données
c:\users\kmartin\desktop\origincpy\sources\busmaster\txwindow\itxformview.cpp(1448): warning C4456: la déclaration de 'pObjectPath' masque la déclaration locale précédente
  c:\users\kmartin\desktop\origincpy\sources\busmaster\txwindow\itxformview.cpp(1423): note: voir la déclaration de 'pObjectPath'
  LINScheduleDataStore.cpp
c:\users\kmartin\desktop\origincpy\sources\kernel\protocoldefinitions\protocolsdefinitions.h(23): warning C4091: 'typedef ' : ignoré à gauche de 'eBUSEVENT' quand aucune variable n'est déclarée
c:\users\kmartin\desktop\origincpy\sources\kernel\protocoldefinitions\ccompumethod.h(27): warning C4091: 'typedef ' : ignoré à gauche de 'eCompuType' quand aucune variable n'est déclarée
c:\users\kmartin\desktop\origincpy\sources\busmaster\include\basedefs.h(51): warning C4091: 'typedef ' : ignoré à gauche de 'eBUSEVEHANDLER' quand aucune variable n'est déclarée
c:\users\kmartin\desktop\origincpy\sources\busmaster\txwindow\hashdefines.h(36): warning C4005: 'defNO_OF_CHANNELS' : redéfinition de macro
  c:\users\kmartin\desktop\origincpy\sources\kernel\busmasterdriverinterface\include\devicelistinfo.h(40): note: voir la définition précédente de 'defNO_OF_CHANNELS'
c:\users\kmartin\desktop\origincpy\sources\busmaster\txwindow\linscheduledatastore.cpp(128): warning C4457: la déclaration de 'pNode' masque le paramètre de fonction
  c:\users\kmartin\desktop\origincpy\sources\busmaster\txwindow\linscheduledatastore.cpp(118): note: voir la déclaration de 'pNode'
c:\users\kmartin\desktop\origincpy\sources\busmaster\txwindow\linscheduledatastore.cpp(151): warning C4457: la déclaration de 'pNode' masque le paramètre de fonction
  c:\users\kmartin\desktop\origincpy\sources\busmaster\txwindow\linscheduledatastore.cpp(118): note: voir la déclaration de 'pNode'
c:\users\kmartin\desktop\origincpy\sources\busmaster\txwindow\linscheduledatastore.cpp(169): warning C4457: la déclaration de 'pNode' masque le paramètre de fonction
  c:\users\kmartin\desktop\origincpy\sources\busmaster\txwindow\linscheduledatastore.cpp(118): note: voir la déclaration de 'pNode'
c:\users\kmartin\desktop\origincpy\sources\busmaster\txwindow\linscheduledatastore.cpp(170): warning C4456: la déclaration de 'pchPathMsg' masque la déclaration locale précédente
  c:\users\kmartin\desktop\origincpy\sources\busmaster\txwindow\linscheduledatastore.cpp(160): note: voir la déclaration de 'pchPathMsg'
c:\users\kmartin\desktop\origincpy\sources\busmaster\txwindow\linscheduledatastore.cpp(171): warning C4456: la déclaration de 'pObjectPath' masque la déclaration locale précédente
  c:\users\kmartin\desktop\origincpy\sources\busmaster\txwindow\linscheduledatastore.cpp(121): note: voir la déclaration de 'pObjectPath'
c:\users\kmartin\desktop\origincpy\sources\busmaster\txwindow\linscheduledatastore.cpp(180): warning C4456: la déclaration de 'pchPathMsg' masque la déclaration locale précédente
  c:\users\kmartin\desktop\origincpy\sources\busmaster\txwindow\linscheduledatastore.cpp(170): note: voir la déclaration de 'pchPathMsg'
c:\users\kmartin\desktop\origincpy\sources\busmaster\txwindow\linscheduledatastore.cpp(181): warning C4456: la déclaration de 'pObjectPath' masque la déclaration locale précédente
  c:\users\kmartin\desktop\origincpy\sources\busmaster\txwindow\linscheduledatastore.cpp(171): note: voir la déclaration de 'pObjectPath'
  LINTransmitter.cpp
c:\users\kmartin\desktop\origincpy\sources\kernel\protocoldefinitions\protocolsdefinitions.h(23): warning C4091: 'typedef ' : ignoré à gauche de 'eBUSEVENT' quand aucune variable n'est déclarée
c:\users\kmartin\desktop\origincpy\sources\kernel\protocoldefinitions\ccompumethod.h(27): warning C4091: 'typedef ' : ignoré à gauche de 'eCompuType' quand aucune variable n'est déclarée
c:\users\kmartin\desktop\origincpy\sources\busmaster\include\basedefs.h(51): warning C4091: 'typedef ' : ignoré à gauche de 'eBUSEVEHANDLER' quand aucune variable n'est déclarée
c:\users\kmartin\desktop\origincpy\sources\busmaster\txwindow\lintransmitter.cpp(105): warning C4244: '=' : conversion de 'int' en 'unsigned char', perte possible de données
c:\users\kmartin\desktop\origincpy\sources\busmaster\txwindow\lintransmitter.cpp(107): warning C4244: '=' : conversion de 'int' en 'unsigned char', perte possible de données
c:\users\kmartin\desktop\origincpy\sources\busmaster\txwindow\lintransmitter.cpp(108): warning C4244: '=' : conversion de 'int' en 'unsigned char', perte possible de données
c:\users\kmartin\desktop\origincpy\sources\busmaster\txwindow\lintransmitter.cpp(109): warning C4244: '=' : conversion de 'int' en 'unsigned char', perte possible de données
  LINTxFormView.cpp
c:\users\kmartin\desktop\origincpy\sources\kernel\protocoldefinitions\protocolsdefinitions.h(23): warning C4091: 'typedef ' : ignoré à gauche de 'eBUSEVENT' quand aucune variable n'est déclarée
c:\users\kmartin\desktop\origincpy\sources\kernel\protocoldefinitions\ccompumethod.h(27): warning C4091: 'typedef ' : ignoré à gauche de 'eCompuType' quand aucune variable n'est déclarée
c:\users\kmartin\desktop\origincpy\sources\busmaster\include\basedefs.h(51): warning C4091: 'typedef ' : ignoré à gauche de 'eBUSEVEHANDLER' quand aucune variable n'est déclarée
c:\users\kmartin\desktop\origincpy\sources\busmaster\txwindow\hashdefines.h(36): warning C4005: 'defNO_OF_CHANNELS' : redéfinition de macro
  c:\users\kmartin\desktop\origincpy\sources\kernel\busmasterdriverinterface\include\devicelistinfo.h(40): note: voir la définition précédente de 'defNO_OF_CHANNELS'
c:\users\kmartin\desktop\origincpy\sources\busmaster\utility\utility_structs.h(42): warning C4005: 'defFLC_CREATE_FAILED' : redéfinition de macro
  c:\users\kmartin\desktop\origincpy\sources\busmaster\txwindow\hashdefines.h(43): note: voir la définition précédente de 'defFLC_CREATE_FAILED'
c:\users\kmartin\desktop\origincpy\sources\busmaster\utility\utility_structs.h(43): warning C4005: 'defCOMBO_ITEM' : redéfinition de macro
  c:\users\kmartin\desktop\origincpy\sources\busmaster\txwindow\hashdefines.h(44): note: voir la définition précédente de 'defCOMBO_ITEM'
c:\users\kmartin\desktop\origincpy\sources\busmaster\utility\utility_structs.h(44): warning C4005: 'defCOMBO_LIST' : redéfinition de macro
  c:\users\kmartin\desktop\origincpy\sources\busmaster\txwindow\hashdefines.h(45): note: voir la définition précédente de 'defCOMBO_LIST'
c:\users\kmartin\desktop\origincpy\sources\busmaster\utility\utility_structs.h(45): warning C4005: 'defEDIT_ITEM' : redéfinition de macro
  c:\users\kmartin\desktop\origincpy\sources\busmaster\txwindow\hashdefines.h(46): note: voir la définition précédente de 'defEDIT_ITEM'
c:\users\kmartin\desktop\origincpy\sources\busmaster\utility\utility_structs.h(46): warning C4005: 'defNUM_ITEM' : redéfinition de macro
  c:\users\kmartin\desktop\origincpy\sources\busmaster\txwindow\hashdefines.h(47): note: voir la définition précédente de 'defNUM_ITEM'
c:\users\kmartin\desktop\origincpy\sources\busmaster\txwindow\itxformview.h(41): warning C4091: 'typedef ' : ignoré à gauche de 'eTXWNDDETAILS' quand aucune variable n'est déclarée
c:\users\kmartin\desktop\origincpy\sources\busmaster\txwindow\lintxformview.cpp(197): warning C4457: la déclaration de 'nIndex' masque le paramètre de fonction
  c:\users\kmartin\desktop\origincpy\sources\busmaster\txwindow\lintxformview.cpp(84): note: voir la déclaration de 'nIndex'
c:\users\kmartin\desktop\origincpy\sources\busmaster\txwindow\lintxformview.cpp(515): warning C4239: extension non standard utilisée : 'argument' : conversion de 'std::pair<ISignal *,SignalInstanse>' en 'std::pair<ISignal *,SignalInstanse> &'
  c:\users\kmartin\desktop\origincpy\sources\busmaster\txwindow\lintxformview.cpp(515): note: Une référence non const peut uniquement être liée à lvalue
c:\users\kmartin\desktop\origincpy\sources\busmaster\txwindow\lintxformview.cpp(841): warning C4456: la déclaration de 'pObjectPath' masque la déclaration locale précédente
  c:\users\kmartin\desktop\origincpy\sources\busmaster\txwindow\lintxformview.cpp(833): note: voir la déclaration de 'pObjectPath'
  LINTxMsgItem.cpp
c:\users\kmartin\desktop\origincpy\sources\kernel\protocoldefinitions\protocolsdefinitions.h(23): warning C4091: 'typedef ' : ignoré à gauche de 'eBUSEVENT' quand aucune variable n'est déclarée
c:\users\kmartin\desktop\origincpy\sources\kernel\protocoldefinitions\ccompumethod.h(27): warning C4091: 'typedef ' : ignoré à gauche de 'eCompuType' quand aucune variable n'est déclarée
c:\users\kmartin\desktop\origincpy\sources\busmaster\include\basedefs.h(51): warning C4091: 'typedef ' : ignoré à gauche de 'eBUSEVEHANDLER' quand aucune variable n'est déclarée
c:\users\kmartin\desktop\origincpy\sources\busmaster\txwindow\lintxmsgitem.cpp(142): warning C4244: '=' : conversion de 'int' en 'unsigned char', perte possible de données
  ScheduleTableCfgDlg.cpp
c:\users\kmartin\desktop\origincpy\sources\kernel\protocoldefinitions\protocolsdefinitions.h(23): warning C4091: 'typedef ' : ignoré à gauche de 'eBUSEVENT' quand aucune variable n'est déclarée
c:\users\kmartin\desktop\origincpy\sources\kernel\protocoldefinitions\ccompumethod.h(27): warning C4091: 'typedef ' : ignoré à gauche de 'eCompuType' quand aucune variable n'est déclarée
c:\users\kmartin\desktop\origincpy\sources\kernel\busmasterdriverinterface\include\devicelistinfo.h(40): warning C4005: 'defNO_OF_CHANNELS' : redéfinition de macro
  c:\users\kmartin\desktop\origincpy\sources\busmaster\txwindow\hashdefines.h(36): note: voir la définition précédente de 'defNO_OF_CHANNELS'
c:\users\kmartin\desktop\origincpy\sources\busmaster\include\basedefs.h(51): warning C4091: 'typedef ' : ignoré à gauche de 'eBUSEVEHANDLER' quand aucune variable n'est déclarée
c:\users\kmartin\desktop\origincpy\sources\busmaster\txwindow\scheduletablecfgdlg.cpp(116): warning C4244: '=' : conversion de 'double' en 'int', perte possible de données
c:\users\kmartin\desktop\origincpy\sources\busmaster\txwindow\scheduletablecfgdlg.cpp(121): warning C4244: '=' : conversion de 'double' en 'int', perte possible de données
c:\users\kmartin\desktop\origincpy\sources\busmaster\txwindow\scheduletablecfgdlg.cpp(126): warning C4244: '=' : conversion de 'double' en 'int', perte possible de données
c:\users\kmartin\desktop\origincpy\sources\busmaster\txwindow\scheduletablecfgdlg.cpp(131): warning C4244: '=' : conversion de 'double' en 'int', perte possible de données
  stdafx.cpp
c:\users\kmartin\desktop\origincpy\sources\kernel\protocoldefinitions\protocolsdefinitions.h(23): warning C4091: 'typedef ' : ignoré à gauche de 'eBUSEVENT' quand aucune variable n'est déclarée
c:\users\kmartin\desktop\origincpy\sources\kernel\protocoldefinitions\ccompumethod.h(27): warning C4091: 'typedef ' : ignoré à gauche de 'eCompuType' quand aucune variable n'est déclarée
  TxDataStore.cpp
c:\users\kmartin\desktop\origincpy\sources\kernel\protocoldefinitions\protocolsdefinitions.h(23): warning C4091: 'typedef ' : ignoré à gauche de 'eBUSEVENT' quand aucune variable n'est déclarée
c:\users\kmartin\desktop\origincpy\sources\kernel\protocoldefinitions\ccompumethod.h(27): warning C4091: 'typedef ' : ignoré à gauche de 'eCompuType' quand aucune variable n'est déclarée
c:\users\kmartin\desktop\origincpy\sources\busmaster\include\basedefs.h(51): warning C4091: 'typedef ' : ignoré à gauche de 'eBUSEVEHANDLER' quand aucune variable n'est déclarée
  TXWindow_Extern.cpp
c:\users\kmartin\desktop\origincpy\sources\kernel\protocoldefinitions\protocolsdefinitions.h(23): warning C4091: 'typedef ' : ignoré à gauche de 'eBUSEVENT' quand aucune variable n'est déclarée
c:\users\kmartin\desktop\origincpy\sources\kernel\protocoldefinitions\ccompumethod.h(27): warning C4091: 'typedef ' : ignoré à gauche de 'eCompuType' quand aucune variable n'est déclarée
c:\users\kmartin\desktop\origincpy\sources\busmaster\include\basedefs.h(51): warning C4091: 'typedef ' : ignoré à gauche de 'eBUSEVEHANDLER' quand aucune variable n'est déclarée
c:\users\kmartin\desktop\origincpy\sources\busmaster\txwindow\hashdefines.h(36): warning C4005: 'defNO_OF_CHANNELS' : redéfinition de macro
  c:\users\kmartin\desktop\origincpy\sources\kernel\busmasterdriverinterface\include\devicelistinfo.h(40): note: voir la définition précédente de 'defNO_OF_CHANNELS'
c:\users\kmartin\desktop\origincpy\sources\busmaster\utility\utility_structs.h(42): warning C4005: 'defFLC_CREATE_FAILED' : redéfinition de macro
  c:\users\kmartin\desktop\origincpy\sources\busmaster\txwindow\hashdefines.h(43): note: voir la définition précédente de 'defFLC_CREATE_FAILED'
c:\users\kmartin\desktop\origincpy\sources\busmaster\utility\utility_structs.h(43): warning C4005: 'defCOMBO_ITEM' : redéfinition de macro
  c:\users\kmartin\desktop\origincpy\sources\busmaster\txwindow\hashdefines.h(44): note: voir la définition précédente de 'defCOMBO_ITEM'
c:\users\kmartin\desktop\origincpy\sources\busmaster\utility\utility_structs.h(44): warning C4005: 'defCOMBO_LIST' : redéfinition de macro
  c:\users\kmartin\desktop\origincpy\sources\busmaster\txwindow\hashdefines.h(45): note: voir la définition précédente de 'defCOMBO_LIST'
c:\users\kmartin\desktop\origincpy\sources\busmaster\utility\utility_structs.h(45): warning C4005: 'defEDIT_ITEM' : redéfinition de macro
  c:\users\kmartin\desktop\origincpy\sources\busmaster\txwindow\hashdefines.h(46): note: voir la définition précédente de 'defEDIT_ITEM'
c:\users\kmartin\desktop\origincpy\sources\busmaster\utility\utility_structs.h(46): warning C4005: 'defNUM_ITEM' : redéfinition de macro
  c:\users\kmartin\desktop\origincpy\sources\busmaster\txwindow\hashdefines.h(47): note: voir la définition précédente de 'defNUM_ITEM'
c:\users\kmartin\desktop\origincpy\sources\busmaster\txwindow\itxformview.h(41): warning C4091: 'typedef ' : ignoré à gauche de 'eTXWNDDETAILS' quand aucune variable n'est déclarée
  Tx_MDIChildBase.cpp
c:\users\kmartin\desktop\origincpy\sources\kernel\protocoldefinitions\protocolsdefinitions.h(23): warning C4091: 'typedef ' : ignoré à gauche de 'eBUSEVENT' quand aucune variable n'est déclarée
c:\users\kmartin\desktop\origincpy\sources\kernel\protocoldefinitions\ccompumethod.h(27): warning C4091: 'typedef ' : ignoré à gauche de 'eCompuType' quand aucune variable n'est déclarée
c:\users\kmartin\desktop\origincpy\sources\kernel\busmasterdriverinterface\include\devicelistinfo.h(40): warning C4005: 'defNO_OF_CHANNELS' : redéfinition de macro
  c:\users\kmartin\desktop\origincpy\sources\busmaster\txwindow\hashdefines.h(36): note: voir la définition précédente de 'defNO_OF_CHANNELS'
c:\users\kmartin\desktop\origincpy\sources\busmaster\include\basedefs.h(51): warning C4091: 'typedef ' : ignoré à gauche de 'eBUSEVEHANDLER' quand aucune variable n'est déclarée
c:\users\kmartin\desktop\origincpy\sources\busmaster\utility\utility_structs.h(42): warning C4005: 'defFLC_CREATE_FAILED' : redéfinition de macro
  c:\users\kmartin\desktop\origincpy\sources\busmaster\txwindow\hashdefines.h(43): note: voir la définition précédente de 'defFLC_CREATE_FAILED'
c:\users\kmartin\desktop\origincpy\sources\busmaster\utility\utility_structs.h(43): warning C4005: 'defCOMBO_ITEM' : redéfinition de macro
  c:\users\kmartin\desktop\origincpy\sources\busmaster\txwindow\hashdefines.h(44): note: voir la définition précédente de 'defCOMBO_ITEM'
c:\users\kmartin\desktop\origincpy\sources\busmaster\utility\utility_structs.h(44): warning C4005: 'defCOMBO_LIST' : redéfinition de macro
  c:\users\kmartin\desktop\origincpy\sources\busmaster\txwindow\hashdefines.h(45): note: voir la définition précédente de 'defCOMBO_LIST'
c:\users\kmartin\desktop\origincpy\sources\busmaster\utility\utility_structs.h(45): warning C4005: 'defEDIT_ITEM' : redéfinition de macro
  c:\users\kmartin\desktop\origincpy\sources\busmaster\txwindow\hashdefines.h(46): note: voir la définition précédente de 'defEDIT_ITEM'
c:\users\kmartin\desktop\origincpy\sources\busmaster\utility\utility_structs.h(46): warning C4005: 'defNUM_ITEM' : redéfinition de macro
  c:\users\kmartin\desktop\origincpy\sources\busmaster\txwindow\hashdefines.h(47): note: voir la définition précédente de 'defNUM_ITEM'
c:\users\kmartin\desktop\origincpy\sources\busmaster\txwindow\itxformview.h(41): warning C4091: 'typedef ' : ignoré à gauche de 'eTXWNDDETAILS' quand aucune variable n'est déclarée
  TxMsgChildFrame.cpp
c:\users\kmartin\desktop\origincpy\sources\kernel\protocoldefinitions\protocolsdefinitions.h(23): warning C4091: 'typedef ' : ignoré à gauche de 'eBUSEVENT' quand aucune variable n'est déclarée
c:\users\kmartin\desktop\origincpy\sources\kernel\protocoldefinitions\ccompumethod.h(27): warning C4091: 'typedef ' : ignoré à gauche de 'eCompuType' quand aucune variable n'est déclarée
c:\users\kmartin\desktop\origincpy\sources\busmaster\include\basedefs.h(51): warning C4091: 'typedef ' : ignoré à gauche de 'eBUSEVEHANDLER' quand aucune variable n'est déclarée
c:\users\kmartin\desktop\origincpy\sources\busmaster\txwindow\hashdefines.h(36): warning C4005: 'defNO_OF_CHANNELS' : redéfinition de macro
  c:\users\kmartin\desktop\origincpy\sources\kernel\busmasterdriverinterface\include\devicelistinfo.h(40): note: voir la définition précédente de 'defNO_OF_CHANNELS'
c:\users\kmartin\desktop\origincpy\sources\busmaster\utility\utility_structs.h(42): warning C4005: 'defFLC_CREATE_FAILED' : redéfinition de macro
  c:\users\kmartin\desktop\origincpy\sources\busmaster\txwindow\hashdefines.h(43): note: voir la définition précédente de 'defFLC_CREATE_FAILED'
c:\users\kmartin\desktop\origincpy\sources\busmaster\utility\utility_structs.h(43): warning C4005: 'defCOMBO_ITEM' : redéfinition de macro
  c:\users\kmartin\desktop\origincpy\sources\busmaster\txwindow\hashdefines.h(44): note: voir la définition précédente de 'defCOMBO_ITEM'
c:\users\kmartin\desktop\origincpy\sources\busmaster\utility\utility_structs.h(44): warning C4005: 'defCOMBO_LIST' : redéfinition de macro
  c:\users\kmartin\desktop\origincpy\sources\busmaster\txwindow\hashdefines.h(45): note: voir la définition précédente de 'defCOMBO_LIST'
c:\users\kmartin\desktop\origincpy\sources\busmaster\utility\utility_structs.h(45): warning C4005: 'defEDIT_ITEM' : redéfinition de macro
  c:\users\kmartin\desktop\origincpy\sources\busmaster\txwindow\hashdefines.h(46): note: voir la définition précédente de 'defEDIT_ITEM'
c:\users\kmartin\desktop\origincpy\sources\busmaster\utility\utility_structs.h(46): warning C4005: 'defNUM_ITEM' : redéfinition de macro
  c:\users\kmartin\desktop\origincpy\sources\busmaster\txwindow\hashdefines.h(47): note: voir la définition précédente de 'defNUM_ITEM'
c:\users\kmartin\desktop\origincpy\sources\busmaster\txwindow\itxformview.h(41): warning C4091: 'typedef ' : ignoré à gauche de 'eTXWNDDETAILS' quand aucune variable n'est déclarée
  Génération de code en cours...
c:\users\kmartin\desktop\origincpy\sources\busmaster\txwindow\lintxmsgitem.cpp(296): warning C4715: 'CLINTxMsgItem::GetSignalList' : les chemins de contrôle ne retournent pas tous une valeur
c:\users\kmartin\desktop\origincpy\sources\busmaster\txwindow\cantxmsgitem.cpp(364): warning C4715: 'CCANTxMsgItem::GetSignalList' : les chemins de contrôle ne retournent pas tous une valeur
C:\Program Files (x86)\Microsoft Visual Studio\2017\Community\Common7\IDE\VC\VCTargets\Microsoft.CppBuild.targets(1216,5): warning MSB8012: TargetPath(C:\Users\kmartin\Desktop\origincpy\Sources\BUSMASTER\TXWindow\Release\TXWindow.dll) ne correspond pas à la valeur de la propriété OutputFile (C:\Users\kmartin\Desktop\origincpy\Sources\BUSMASTER\BIN\Release\TXWindow.dll) de Linker. Cela peut entraîner une génération incorrecte de votre projet. Pour corriger ce problème, vérifiez que les valeurs des propriétés $(OutDir), $(TargetName) et $(TargetExt) correspondent à la valeur spécifiée dans %(Link.OutputFile).
     Création de la bibliothèque Release\TXWindow.lib et de l'objet Release\TXWindow.exp
  TXWindow.vcxproj -> C:\Users\kmartin\Desktop\origincpy\Sources\BUSMASTER\TXWindow\Release\TXWindow.dll
