c:\users\kmartin\desktop\busmaster\sources\busmaster\txwindow\release\vc141.pdb
c:\users\kmartin\desktop\busmaster\sources\busmaster\bin\dumpfiles\release\obj\txwindow\txmsgchildframe.obj
c:\users\kmartin\desktop\busmaster\sources\busmaster\bin\dumpfiles\release\obj\txwindow\tx_mdichildbase.obj
c:\users\kmartin\desktop\busmaster\sources\busmaster\bin\dumpfiles\release\obj\txwindow\txwindow_extern.obj
c:\users\kmartin\desktop\busmaster\sources\busmaster\bin\dumpfiles\release\obj\txwindow\txdatastore.obj
c:\users\kmartin\desktop\busmaster\sources\busmaster\bin\dumpfiles\release\obj\txwindow\stdafx.obj
c:\users\kmartin\desktop\busmaster\sources\busmaster\bin\dumpfiles\release\obj\txwindow\scheduletablecfgdlg.obj
c:\users\kmartin\desktop\busmaster\sources\busmaster\bin\dumpfiles\release\obj\txwindow\lintxmsgitem.obj
c:\users\kmartin\desktop\busmaster\sources\busmaster\bin\dumpfiles\release\obj\txwindow\lintxformview.obj
c:\users\kmartin\desktop\busmaster\sources\busmaster\bin\dumpfiles\release\obj\txwindow\lintransmitter.obj
c:\users\kmartin\desktop\busmaster\sources\busmaster\bin\dumpfiles\release\obj\txwindow\linscheduledatastore.obj
c:\users\kmartin\desktop\busmaster\sources\busmaster\bin\dumpfiles\release\obj\txwindow\itxformview.obj
c:\users\kmartin\desktop\busmaster\sources\busmaster\bin\dumpfiles\release\obj\txwindow\ccheckcolumntreectrl.obj
c:\users\kmartin\desktop\busmaster\sources\busmaster\bin\dumpfiles\release\obj\txwindow\cantxmsgitem.obj
c:\users\kmartin\desktop\busmaster\sources\busmaster\bin\dumpfiles\release\obj\txwindow\cantxformview.obj
c:\users\kmartin\desktop\busmaster\sources\busmaster\bin\dumpfiles\release\obj\txwindow\cantransmitter.obj
c:\users\kmartin\desktop\busmaster\sources\busmaster\bin\release\txwindow.dll
c:\users\kmartin\desktop\busmaster\sources\busmaster\bin\dumpfiles\release\pdb\txwindow.pdb
c:\users\kmartin\desktop\busmaster\sources\busmaster\txwindow\release\txwindow.res
c:\users\kmartin\desktop\busmaster\sources\busmaster\txwindow\release\txwindow.lib
c:\users\kmartin\desktop\busmaster\sources\busmaster\txwindow\release\txwindow.exp
c:\users\kmartin\desktop\busmaster\sources\busmaster\txwindow\release\vc142.pdb
c:\users\kmartin\desktop\busmaster\sources\busmaster\txwindow\release\txwindow.tlog\cl.command.1.tlog
c:\users\kmartin\desktop\busmaster\sources\busmaster\txwindow\release\txwindow.tlog\cl.read.1.tlog
c:\users\kmartin\desktop\busmaster\sources\busmaster\txwindow\release\txwindow.tlog\cl.write.1.tlog
c:\users\kmartin\desktop\busmaster\sources\busmaster\txwindow\release\txwindow.tlog\link.command.1.tlog
c:\users\kmartin\desktop\busmaster\sources\busmaster\txwindow\release\txwindow.tlog\link.delete.1.tlog
c:\users\kmartin\desktop\busmaster\sources\busmaster\txwindow\release\txwindow.tlog\link.read.1.tlog
c:\users\kmartin\desktop\busmaster\sources\busmaster\txwindow\release\txwindow.tlog\link.write.1.tlog
c:\users\kmartin\desktop\busmaster\sources\busmaster\txwindow\release\txwindow.tlog\rc.command.1.tlog
c:\users\kmartin\desktop\busmaster\sources\busmaster\txwindow\release\txwindow.tlog\rc.read.1.tlog
c:\users\kmartin\desktop\busmaster\sources\busmaster\txwindow\release\txwindow.tlog\rc.write.1.tlog
c:\users\kmartin\desktop\busmaster\sources\busmaster\txwindow\release\txwindow.tlog\txwindow.write.1u.tlog
