  Processing .\BusEmulation.idl
  BusEmulation.idl
  Processing C:\Program Files (x86)\Windows Kits\8.1\Include\um\oaidl.idl
  oaidl.idl
  Processing C:\Program Files (x86)\Windows Kits\8.1\Include\um\objidl.idl
  objidl.idl
  Processing C:\Program Files (x86)\Windows Kits\8.1\Include\um\unknwn.idl
  unknwn.idl
  Processing C:\Program Files (x86)\Windows Kits\8.1\Include\shared\wtypes.idl
  wtypes.idl
  Processing C:\Program Files (x86)\Windows Kits\8.1\Include\shared\wtypesbase.idl
  wtypesbase.idl
  Processing C:\Program Files (x86)\Windows Kits\8.1\Include\shared\basetsd.h
  basetsd.h
  Processing C:\Program Files (x86)\Windows Kits\8.1\Include\shared\guiddef.h
  guiddef.h
  Processing C:\Program Files (x86)\Windows Kits\8.1\Include\um\ocidl.idl
  ocidl.idl
  Processing C:\Program Files (x86)\Windows Kits\8.1\Include\um\oleidl.idl
  oleidl.idl
  Processing C:\Program Files (x86)\Windows Kits\8.1\Include\um\servprov.idl
  servprov.idl
  Processing C:\Program Files (x86)\Windows Kits\8.1\Include\um\urlmon.idl
  urlmon.idl
  Processing C:\Program Files (x86)\Windows Kits\8.1\Include\um\msxml.idl
  msxml.idl
  Processing C:\Program Files (x86)\Windows Kits\8.1\Include\um\oaidl.acf
  oaidl.acf
  Processing C:\Program Files (x86)\Windows Kits\8.1\Include\um\ocidl.acf
  ocidl.acf
  SimENG.cpp
  BusEmulation.cpp
  Generating Code...
  BusEmulation_i.c
  dlldata.c
  BusEmulation_p.c
  Generating Code...
C:\Program Files (x86)\MSBuild\Microsoft.Cpp\v4.0\V120\Microsoft.CppBuild.targets(1193,5): warning MSB8012: TargetPath(C:\Users\kmartin\Desktop\origincpy\Sources\BUSMASTER\BusEmulation\Debug\BusEmulation.exe) does not match the Linker's OutputFile property value (C:\Users\kmartin\Desktop\origincpy\Sources\BUSMASTER\BIN\Debug\BusEmulation.exe). This may cause your project to build incorrectly. To correct this, please make sure that $(OutDir), $(TargetName) and $(TargetExt) property values match the value specified in %(Link.OutputFile).
LINK : fatal error LNK1104: cannot open file '..\..\Kernel\bin\Debug\Utilities.lib'
