c:\users\kmartin\desktop\dll\mf_iocanbox\debug\iocanbox2.bsc
c:\users\kmartin\desktop\dll\mf_iocanbox\debug\mf_iocanbox.lib
c:\users\kmartin\desktop\dll\mf_iocanbox\debug\mf_iocanbox.exp
c:\users\kmartin\desktop\dll\mf_iocanbox\debug\iocanbox2.pch
c:\users\kmartin\desktop\dll\mf_iocanbox\debug\vc141.pdb
c:\users\kmartin\desktop\dll\mf_iocanbox\debug\vc141.idb
c:\users\kmartin\desktop\dll\mf_iocanbox\debug\stdafx.sbr
c:\users\kmartin\desktop\dll\mf_iocanbox\debug\stdafx.obj
c:\users\kmartin\desktop\dll\mf_iocanbox\debug\iocanbox2.sbr
c:\users\kmartin\desktop\dll\mf_iocanbox\debug\gestionmessages.sbr
c:\users\kmartin\desktop\dll\mf_iocanbox\debug\canbox2.sbr
c:\users\kmartin\desktop\dll\mf_iocanbox\debug\canbox2.obj
c:\users\kmartin\desktop\dll\mf_iocanbox\debug\gestionmessages.obj
c:\users\kmartin\desktop\dll\mf_iocanbox\debug\iocanbox2.obj
c:\users\kmartin\desktop\dll\mf_iocanbox\debug\can_agco.ilk
c:\users\kmartin\desktop\dll\mf_iocanbox\debug\can_agco.dll
c:\users\kmartin\desktop\dll\mf_iocanbox\debug\can_agco.pdb
c:\users\kmartin\desktop\dll\mf_iocanbox\debug\iocanbox2.res
c:\users\kmartin\desktop\dll\mf_iocanbox\debug\can_agco.tlog\bscmake.command.1.tlog
c:\users\kmartin\desktop\dll\mf_iocanbox\debug\can_agco.tlog\bscmake.read.1.tlog
c:\users\kmartin\desktop\dll\mf_iocanbox\debug\can_agco.tlog\bscmake.write.1.tlog
c:\users\kmartin\desktop\dll\mf_iocanbox\debug\can_agco.tlog\can_agco.write.1u.tlog
c:\users\kmartin\desktop\dll\mf_iocanbox\debug\can_agco.tlog\cl.command.1.tlog
c:\users\kmartin\desktop\dll\mf_iocanbox\debug\can_agco.tlog\cl.read.1.tlog
c:\users\kmartin\desktop\dll\mf_iocanbox\debug\can_agco.tlog\cl.write.1.tlog
c:\users\kmartin\desktop\dll\mf_iocanbox\debug\can_agco.tlog\link.command.1.tlog
c:\users\kmartin\desktop\dll\mf_iocanbox\debug\can_agco.tlog\link.read.1.tlog
c:\users\kmartin\desktop\dll\mf_iocanbox\debug\can_agco.tlog\link.write.1.tlog
c:\users\kmartin\desktop\dll\mf_iocanbox\debug\can_agco.tlog\rc.command.1.tlog
c:\users\kmartin\desktop\dll\mf_iocanbox\debug\can_agco.tlog\rc.read.1.tlog
c:\users\kmartin\desktop\dll\mf_iocanbox\debug\can_agco.tlog\rc.write.1.tlog
