c:\users\kmartin\desktop\dll\mf_iocanbox\debug\iocanbox2.bsc
c:\users\kmartin\desktop\dll\mf_iocanbox\debug\iocanbox2.pch
c:\users\kmartin\desktop\dll\mf_iocanbox\debug\vc141.pdb
c:\users\kmartin\desktop\dll\mf_iocanbox\debug\vc141.idb
c:\users\kmartin\desktop\dll\mf_iocanbox\debug\stdafx.sbr
c:\users\kmartin\desktop\dll\mf_iocanbox\debug\stdafx.obj
c:\users\kmartin\desktop\dll\mf_iocanbox\debug\iocanbox2.sbr
c:\users\kmartin\desktop\dll\mf_iocanbox\debug\gestionmessages.sbr
c:\users\kmartin\desktop\dll\mf_iocanbox\debug\canbox2.sbr
c:\users\kmartin\desktop\dll\mf_iocanbox\debug\canbox2.obj
c:\users\kmartin\desktop\dll\mf_iocanbox\debug\gestionmessages.obj
c:\users\kmartin\desktop\dll\mf_iocanbox\debug\iocanbox2.obj
c:\users\kmartin\desktop\dll\mf_iocanbox\debug\mf_iocanbox.lib
c:\users\kmartin\desktop\dll\mf_iocanbox\debug\mf_iocanbox.exp
c:\users\kmartin\desktop\dll\mf_iocanbox\debug\iocanbox2.dll
c:\users\kmartin\desktop\dll\mf_iocanbox\debug\iocanbox2.ilk
c:\users\kmartin\desktop\dll\mf_iocanbox\debug\iocanbox2.pdb
c:\users\kmartin\desktop\dll\mf_iocanbox\debug\iocanbox2.res
c:\users\kmartin\desktop\dll\mf_iocanbox\debug\iocanbox2.tlog\bscmake.command.1.tlog
c:\users\kmartin\desktop\dll\mf_iocanbox\debug\iocanbox2.tlog\bscmake.read.1.tlog
c:\users\kmartin\desktop\dll\mf_iocanbox\debug\iocanbox2.tlog\bscmake.write.1.tlog
c:\users\kmartin\desktop\dll\mf_iocanbox\debug\iocanbox2.tlog\cl.command.1.tlog
c:\users\kmartin\desktop\dll\mf_iocanbox\debug\iocanbox2.tlog\cl.read.1.tlog
c:\users\kmartin\desktop\dll\mf_iocanbox\debug\iocanbox2.tlog\cl.write.1.tlog
c:\users\kmartin\desktop\dll\mf_iocanbox\debug\iocanbox2.tlog\iocanbox2.write.1u.tlog
c:\users\kmartin\desktop\dll\mf_iocanbox\debug\iocanbox2.tlog\link.command.1.tlog
c:\users\kmartin\desktop\dll\mf_iocanbox\debug\iocanbox2.tlog\link.read.1.tlog
c:\users\kmartin\desktop\dll\mf_iocanbox\debug\iocanbox2.tlog\link.write.1.tlog
c:\users\kmartin\desktop\dll\mf_iocanbox\debug\iocanbox2.tlog\rc.command.1.tlog
c:\users\kmartin\desktop\dll\mf_iocanbox\debug\iocanbox2.tlog\rc.read.1.tlog
c:\users\kmartin\desktop\dll\mf_iocanbox\debug\iocanbox2.tlog\rc.write.1.tlog
