  GUI_FormatMsgCAN.cpp
c:\users\kmartin\desktop\origincpy\sources\kernel\protocoldefinitions\protocolsdefinitions.h(23): warning C4091: 'typedef ' : ignoré à gauche de 'eBUSEVENT' quand aucune variable n'est déclarée
c:\users\kmartin\desktop\origincpy\sources\busmaster\include\basedefs.h(51): warning C4091: 'typedef ' : ignoré à gauche de 'eBUSEVEHANDLER' quand aucune variable n'est déclarée
  GUI_FormatMsgCommon.cpp
  GUI_FormatMsgJ1939.cpp
c:\users\kmartin\desktop\origincpy\sources\kernel\protocoldefinitions\protocolsdefinitions.h(23): warning C4091: 'typedef ' : ignoré à gauche de 'eBUSEVENT' quand aucune variable n'est déclarée
c:\users\kmartin\desktop\origincpy\sources\busmaster\include\basedefs.h(51): warning C4091: 'typedef ' : ignoré à gauche de 'eBUSEVEHANDLER' quand aucune variable n'est déclarée
c:\users\kmartin\desktop\origincpy\sources\kernel\busmasterdriverinterface\include\j1939driverdefines.h(238): warning C4091: 'typedef ' : ignoré à gauche de 'EJ1939_MSG_TYPE' quand aucune variable n'est déclarée
  GUI_FormatMsgLIN.cpp
c:\users\kmartin\desktop\origincpy\sources\kernel\protocoldefinitions\protocolsdefinitions.h(23): warning C4091: 'typedef ' : ignoré à gauche de 'eBUSEVENT' quand aucune variable n'est déclarée
c:\users\kmartin\desktop\origincpy\sources\busmaster\include\basedefs.h(51): warning C4091: 'typedef ' : ignoré à gauche de 'eBUSEVEHANDLER' quand aucune variable n'est déclarée
c:\users\kmartin\desktop\origincpy\sources\busmaster\commonclass\gui_formatmsglin.cpp(210): warning C4244: '=' : conversion de 'eLinBusEventType' en 'USHORT', perte possible de données
c:\users\kmartin\desktop\origincpy\sources\busmaster\commonclass\gui_formatmsglin.cpp(359): warning C4245: '=' : conversion de 'int' en 'DWORD', incompatibilité signed/unsigned
  MsgContainerBase.cpp
c:\users\kmartin\desktop\origincpy\sources\kernel\protocoldefinitions\protocolsdefinitions.h(23): warning C4091: 'typedef ' : ignoré à gauche de 'eBUSEVENT' quand aucune variable n'est déclarée
c:\users\kmartin\desktop\origincpy\sources\busmaster\include\basedefs.h(51): warning C4091: 'typedef ' : ignoré à gauche de 'eBUSEVEHANDLER' quand aucune variable n'est déclarée
c:\users\kmartin\desktop\origincpy\sources\busmaster\application\common.h(30): warning C4091: 'typedef ' : ignoré à gauche de '<unnamed-enum-LOAD_CONFIG>' quand aucune variable n'est déclarée
c:\users\kmartin\desktop\origincpy\sources\busmaster\application\hashdefines.h(138): warning C4091: 'typedef ' : ignoré à gauche de 'eREPLAYMODE' quand aucune variable n'est déclarée
c:\users\kmartin\desktop\origincpy\sources\busmaster\application\hashdefines.h(982): warning C4091: 'typedef ' : ignoré à gauche de 'eCONFIGDETAILS' quand aucune variable n'est déclarée
c:\users\kmartin\desktop\origincpy\sources\kernel\protocoldefinitions\ccompumethod.h(27): warning C4091: 'typedef ' : ignoré à gauche de 'eCompuType' quand aucune variable n'est déclarée
c:\users\kmartin\desktop\origincpy\sources\busmaster\datatypes\filter_datatypes.h(564): warning C5037: 'SFILTERAPPLIED<SFRAMEINFO_BASIC_BUS>::pbSetConfigData' : une définition hors ligne d'un membre d'un modèle de classe ne peut pas avoir d'arguments par défaut
c:\users\kmartin\desktop\origincpy\sources\busmaster\application\struct.h(218): warning C4091: 'typedef ' : ignoré à gauche de 'eUSERSELCTION' quand aucune variable n'est déclarée
c:\users\kmartin\desktop\origincpy\sources\busmaster\commonclass\msgcontainerbase.cpp(209): warning C4456: la déclaration de 'nTempMsgCode' masque la déclaration locale précédente
  c:\users\kmartin\desktop\origincpy\sources\busmaster\commonclass\msgcontainerbase.cpp(205): note: voir la déclaration de 'nTempMsgCode'
  RefTimeKeeper.cpp
  Génération de code en cours...
C:\Program Files (x86)\Microsoft Visual Studio\2017\Community\Common7\IDE\VC\VCTargets\Microsoft.CppBuild.targets(1397,5): warning MSB8012: TargetPath(C:\Users\kmartin\Desktop\origincpy\Sources\BUSMASTER\CommonClass\Release\CommonClass.lib) ne correspond pas à la valeur de la propriété OutputFile (C:\Users\kmartin\Desktop\origincpy\Sources\BUSMASTER\BIN\Libs\Release\CommonClass.lib) de Library. Cela peut entraîner une génération incorrecte de votre projet. Pour corriger ce problème, vérifiez que les valeurs des propriétés $(OutDir), $(TargetName) et $(TargetExt) correspondent à la valeur spécifiée dans %(Lib.OutputFile).
  CommonClass.vcxproj -> C:\Users\kmartin\Desktop\origincpy\Sources\BUSMASTER\CommonClass\Release\CommonClass.lib
