c:\users\kmartin\desktop\busmaster\sources\busmaster\bin\libs\release\can_kvaser_can.lib
c:\users\kmartin\desktop\busmaster\sources\busmaster\bin\libs\release\can_kvaser_can.exp
c:\users\kmartin\desktop\busmaster\sources\busmaster\bin\dumpfiles\release\obj\can_kvaser_can\multilanguage.obj
c:\users\kmartin\desktop\busmaster\sources\busmaster\bin\dumpfiles\release\obj\can_kvaser_can\changeregisters.obj
c:\users\kmartin\desktop\busmaster\sources\busmaster\bin\dumpfiles\release\obj\can_kvaser_can\canreganalysis.obj
c:\users\kmartin\desktop\busmaster\sources\busmaster\bin\dumpfiles\release\obj\can_kvaser_can\can_kvaser_can.obj
c:\users\kmartin\desktop\busmaster\sources\busmaster\bin\dumpfiles\release\obj\can_kvaser_can\acceptancefilterdlg.obj
c:\users\kmartin\desktop\busmaster\sources\busmaster\bin\dumpfiles\release\obj\can_kvaser_can\hardwarelistingcan.obj
c:\users\kmartin\desktop\busmaster\sources\busmaster\bin\release\can_kvaser_can.dll
c:\users\kmartin\desktop\busmaster\sources\busmaster\bin\dumpfiles\release\pdb\can_kvaser_can.pdb
c:\users\kmartin\desktop\busmaster\sources\busmaster\can_kvaser_can\release\can_kvaser_can.res
c:\users\kmartin\desktop\busmaster\sources\busmaster\can_kvaser_can\release\can_kvaser_can.tlog\can_kvaser_can.write.1u.tlog
c:\users\kmartin\desktop\busmaster\sources\busmaster\can_kvaser_can\release\can_kvaser_can.tlog\cl.command.1.tlog
c:\users\kmartin\desktop\busmaster\sources\busmaster\can_kvaser_can\release\can_kvaser_can.tlog\cl.read.1.tlog
c:\users\kmartin\desktop\busmaster\sources\busmaster\can_kvaser_can\release\can_kvaser_can.tlog\cl.write.1.tlog
c:\users\kmartin\desktop\busmaster\sources\busmaster\can_kvaser_can\release\can_kvaser_can.tlog\link.command.1.tlog
c:\users\kmartin\desktop\busmaster\sources\busmaster\can_kvaser_can\release\can_kvaser_can.tlog\link.read.1.tlog
c:\users\kmartin\desktop\busmaster\sources\busmaster\can_kvaser_can\release\can_kvaser_can.tlog\link.write.1.tlog
c:\users\kmartin\desktop\busmaster\sources\busmaster\can_kvaser_can\release\can_kvaser_can.tlog\rc.command.1.tlog
c:\users\kmartin\desktop\busmaster\sources\busmaster\can_kvaser_can\release\can_kvaser_can.tlog\rc.read.1.tlog
c:\users\kmartin\desktop\busmaster\sources\busmaster\can_kvaser_can\release\can_kvaser_can.tlog\rc.write.1.tlog
