c:\users\kmartin\desktop\origincpy\sources\busmaster\bin\libs\release\can_etas_boa_1_5.lib
c:\users\kmartin\desktop\origincpy\sources\busmaster\bin\libs\release\can_etas_boa_1_5.exp
c:\users\kmartin\desktop\origincpy\sources\busmaster\can_etas_boa\release_can_etas_boa_1_5\multilanguage.obj
c:\users\kmartin\desktop\origincpy\sources\busmaster\can_etas_boa\release_can_etas_boa_1_5\changeregisters_can_etas_boa.obj
c:\users\kmartin\desktop\origincpy\sources\busmaster\can_etas_boa\release_can_etas_boa_1_5\can_etas_boa.obj
c:\users\kmartin\desktop\origincpy\sources\busmaster\can_etas_boa\release_can_etas_boa_1_5\hardwarelistingcan.obj
c:\users\kmartin\desktop\origincpy\sources\busmaster\bin\release\can_etas_boa_1_5.dll
c:\users\kmartin\desktop\origincpy\sources\busmaster\bin\dumpfiles\release_can_etas_boa_1_5\pdb\can_etas_boa_1_5.pdb
c:\users\kmartin\desktop\origincpy\sources\busmaster\can_etas_boa\release_can_etas_boa_1_5\can_etas_boa.res
c:\users\kmartin\desktop\origincpy\sources\busmaster\can_etas_boa\release_can_etas_boa_1_5\msxml6.tli
c:\users\kmartin\desktop\origincpy\sources\busmaster\can_etas_boa\release_can_etas_boa_1_5\msxml6.tlh
c:\users\kmartin\desktop\origincpy\sources\busmaster\can_etas_boa\release_can_etas_boa_1_5\can_etas_boa_1_5.tlog\can_etas_boa_1_5.write.1u.tlog
c:\users\kmartin\desktop\origincpy\sources\busmaster\can_etas_boa\release_can_etas_boa_1_5\can_etas_boa_1_5.tlog\cl.command.1.tlog
c:\users\kmartin\desktop\origincpy\sources\busmaster\can_etas_boa\release_can_etas_boa_1_5\can_etas_boa_1_5.tlog\cl.read.1.tlog
c:\users\kmartin\desktop\origincpy\sources\busmaster\can_etas_boa\release_can_etas_boa_1_5\can_etas_boa_1_5.tlog\cl.write.1.tlog
c:\users\kmartin\desktop\origincpy\sources\busmaster\can_etas_boa\release_can_etas_boa_1_5\can_etas_boa_1_5.tlog\link.command.1.tlog
c:\users\kmartin\desktop\origincpy\sources\busmaster\can_etas_boa\release_can_etas_boa_1_5\can_etas_boa_1_5.tlog\link.read.1.tlog
c:\users\kmartin\desktop\origincpy\sources\busmaster\can_etas_boa\release_can_etas_boa_1_5\can_etas_boa_1_5.tlog\link.write.1.tlog
c:\users\kmartin\desktop\origincpy\sources\busmaster\can_etas_boa\release_can_etas_boa_1_5\can_etas_boa_1_5.tlog\rc.command.1.tlog
c:\users\kmartin\desktop\origincpy\sources\busmaster\can_etas_boa\release_can_etas_boa_1_5\can_etas_boa_1_5.tlog\rc.read.1.tlog
c:\users\kmartin\desktop\origincpy\sources\busmaster\can_etas_boa\release_can_etas_boa_1_5\can_etas_boa_1_5.tlog\rc.write.1.tlog
