c:\users\kmartin\desktop\busmaster\sources\busmaster\bin\libs\release\can_agco.lib
c:\users\kmartin\desktop\busmaster\sources\busmaster\bin\libs\release\can_agco.exp
c:\users\kmartin\desktop\busmaster\sources\busmaster\bin\dumpfiles\release\obj\can_agco\multilanguage.obj
c:\users\kmartin\desktop\busmaster\sources\busmaster\bin\dumpfiles\release\obj\can_agco\changeregisters.obj
c:\users\kmartin\desktop\busmaster\sources\busmaster\bin\dumpfiles\release\obj\can_agco\canreganalysis.obj
c:\users\kmartin\desktop\busmaster\sources\busmaster\bin\dumpfiles\release\obj\can_agco\can_agco.obj
c:\users\kmartin\desktop\busmaster\sources\busmaster\bin\dumpfiles\release\obj\can_agco\acceptancefilterdlg.obj
c:\users\kmartin\desktop\busmaster\sources\busmaster\bin\dumpfiles\release\obj\can_agco\hardwarelistingcan.obj
c:\users\kmartin\desktop\busmaster\sources\busmaster\bin\release\can_agco.dll
c:\users\kmartin\desktop\busmaster\sources\busmaster\bin\dumpfiles\release\pdb\can_agco.pdb
c:\users\kmartin\desktop\busmaster\sources\busmaster\can_agco\release\can_agco.res
c:\users\kmartin\desktop\busmaster\sources\busmaster\can_agco\release\can_agco.tlog\can_agco.write.1u.tlog
c:\users\kmartin\desktop\busmaster\sources\busmaster\can_agco\release\can_agco.tlog\cl.command.1.tlog
c:\users\kmartin\desktop\busmaster\sources\busmaster\can_agco\release\can_agco.tlog\cl.read.1.tlog
c:\users\kmartin\desktop\busmaster\sources\busmaster\can_agco\release\can_agco.tlog\cl.write.1.tlog
c:\users\kmartin\desktop\busmaster\sources\busmaster\can_agco\release\can_agco.tlog\link.command.1.tlog
c:\users\kmartin\desktop\busmaster\sources\busmaster\can_agco\release\can_agco.tlog\link.read.1.tlog
c:\users\kmartin\desktop\busmaster\sources\busmaster\can_agco\release\can_agco.tlog\link.write.1.tlog
c:\users\kmartin\desktop\busmaster\sources\busmaster\can_agco\release\can_agco.tlog\rc.command.1.tlog
c:\users\kmartin\desktop\busmaster\sources\busmaster\can_agco\release\can_agco.tlog\rc.read.1.tlog
c:\users\kmartin\desktop\busmaster\sources\busmaster\can_agco\release\can_agco.tlog\rc.write.1.tlog
