c:\users\kmartin\desktop\origincpy\sources\busmaster\bin\libs\release\can_etas_boa_2.lib
c:\users\kmartin\desktop\origincpy\sources\busmaster\bin\libs\release\can_etas_boa_2.exp
c:\users\kmartin\desktop\origincpy\sources\busmaster\can_etas_boa\release_can_etas_boa_2\multilanguage.obj
c:\users\kmartin\desktop\origincpy\sources\busmaster\can_etas_boa\release_can_etas_boa_2\changeregisters_can_etas_boa.obj
c:\users\kmartin\desktop\origincpy\sources\busmaster\can_etas_boa\release_can_etas_boa_2\can_etas_boa.obj
c:\users\kmartin\desktop\origincpy\sources\busmaster\can_etas_boa\release_can_etas_boa_2\hardwarelistingcan.obj
c:\users\kmartin\desktop\origincpy\sources\busmaster\bin\release\can_etas_boa_2.dll
c:\users\kmartin\desktop\origincpy\sources\busmaster\bin\dumpfiles\release_can_etas_boa_2\pdb\can_etas_boa_2.pdb
c:\users\kmartin\desktop\origincpy\sources\busmaster\can_etas_boa\release_can_etas_boa_2\can_etas_boa.res
c:\users\kmartin\desktop\origincpy\sources\busmaster\can_etas_boa\release_can_etas_boa_2\msxml6.tli
c:\users\kmartin\desktop\origincpy\sources\busmaster\can_etas_boa\release_can_etas_boa_2\msxml6.tlh
c:\users\kmartin\desktop\origincpy\sources\busmaster\can_etas_boa\release_can_etas_boa_2\can_etas_boa_2.tlog\can_etas_boa_2.write.1u.tlog
c:\users\kmartin\desktop\origincpy\sources\busmaster\can_etas_boa\release_can_etas_boa_2\can_etas_boa_2.tlog\cl.command.1.tlog
c:\users\kmartin\desktop\origincpy\sources\busmaster\can_etas_boa\release_can_etas_boa_2\can_etas_boa_2.tlog\cl.read.1.tlog
c:\users\kmartin\desktop\origincpy\sources\busmaster\can_etas_boa\release_can_etas_boa_2\can_etas_boa_2.tlog\cl.write.1.tlog
c:\users\kmartin\desktop\origincpy\sources\busmaster\can_etas_boa\release_can_etas_boa_2\can_etas_boa_2.tlog\link.command.1.tlog
c:\users\kmartin\desktop\origincpy\sources\busmaster\can_etas_boa\release_can_etas_boa_2\can_etas_boa_2.tlog\link.read.1.tlog
c:\users\kmartin\desktop\origincpy\sources\busmaster\can_etas_boa\release_can_etas_boa_2\can_etas_boa_2.tlog\link.write.1.tlog
c:\users\kmartin\desktop\origincpy\sources\busmaster\can_etas_boa\release_can_etas_boa_2\can_etas_boa_2.tlog\rc.command.1.tlog
c:\users\kmartin\desktop\origincpy\sources\busmaster\can_etas_boa\release_can_etas_boa_2\can_etas_boa_2.tlog\rc.read.1.tlog
c:\users\kmartin\desktop\origincpy\sources\busmaster\can_etas_boa\release_can_etas_boa_2\can_etas_boa_2.tlog\rc.write.1.tlog
