  HardwareListingCAN.cpp
  _WIN32_WINNT not defined. Defaulting to _WIN32_WINNT_MAXVER (see WinSDKVer.h)
c:\users\kmartin\desktop\origincpy\sources\kernel\protocoldefinitions\protocolsdefinitions.h(23): warning C4091: 'typedef ' : ignoré à gauche de 'eBUSEVENT' quand aucune variable n'est déclarée
c:\users\kmartin\desktop\origincpy\sources\busmaster\dil_interface\hardwarelistingcan.cpp(727): warning C4018: '<' : incompatibilité signed/unsigned
c:\users\kmartin\desktop\origincpy\sources\busmaster\dil_interface\hardwarelistingcan.cpp(1104): warning C4245: 'initialisation' : conversion de 'int' en 'UINT', incompatibilité signed/unsigned
c:\users\kmartin\desktop\origincpy\sources\busmaster\dil_interface\hardwarelistingcan.cpp(1149): warning C4100: 'pResult' : paramètre formel non référencé
c:\users\kmartin\desktop\origincpy\sources\busmaster\dil_interface\hardwarelistingcan.cpp(1149): warning C4100: 'pNMHDR' : paramètre formel non référencé
c:\users\kmartin\desktop\origincpy\sources\busmaster\dil_interface\hardwarelistingcan.cpp(1153): warning C4100: 'pResult' : paramètre formel non référencé
c:\users\kmartin\desktop\origincpy\sources\busmaster\dil_interface\hardwarelistingcan.cpp(1153): warning C4100: 'pNMHDR' : paramètre formel non référencé
  CAN_ETAS_BOA.cpp
  _WIN32_WINNT not defined. Defaulting to _WIN32_WINNT_MAXVER (see WinSDKVer.h)
c:\users\kmartin\desktop\origincpy\sources\kernel\protocoldefinitions\protocolsdefinitions.h(23): warning C4091: 'typedef ' : ignoré à gauche de 'eBUSEVENT' quand aucune variable n'est déclarée
c:\users\kmartin\desktop\origincpy\sources\busmaster\can_etas_boa\can_etas_boa.cpp(2082): warning C4018: '<' : incompatibilité signed/unsigned
c:\users\kmartin\desktop\origincpy\sources\busmaster\can_etas_boa\can_etas_boa.cpp(2095): warning C4018: '<' : incompatibilité signed/unsigned
  ChangeRegisters_CAN_ETAS_BOA.cpp
  _WIN32_WINNT not defined. Defaulting to _WIN32_WINNT_MAXVER (see WinSDKVer.h)
c:\users\kmartin\desktop\origincpy\sources\busmaster\can_etas_boa\changeregisters_can_etas_boa.cpp(257): warning C4100: 'bEnable' : paramètre formel non référencé
c:\users\kmartin\desktop\origincpy\sources\busmaster\can_etas_boa\changeregisters_can_etas_boa.cpp(664): warning C4840: utilisation non portable de la classe 'ATL::CStringT<char,StrTraitMFC_DLL<char,ATL::ChTraitsCRT<_CharType>>>' en tant qu'argument d'une fonction variadique
          with
          [
              _CharType=char
          ]
  c:\users\kmartin\desktop\origincpy\sources\busmaster\can_etas_boa\changeregisters_can_etas_boa.cpp(664): note: 'ATL::CStringT<char,StrTraitMFC_DLL<char,ATL::ChTraitsCRT<_CharType>>>::CStringT' n'est pas trivial
          with
          [
              _CharType=char
          ]
  c:\program files (x86)\microsoft visual studio\2017\community\vc\tools\msvc\14.16.27023\atlmfc\include\cstringt.h(1026): note: voir la déclaration de 'ATL::CStringT<char,StrTraitMFC_DLL<char,ATL::ChTraitsCRT<_CharType>>>::CStringT'
          with
          [
              _CharType=char
          ]
  c:\users\kmartin\desktop\origincpy\sources\busmaster\can_etas_boa\changeregisters_can_etas_boa.cpp(664): note: le constructeur et le destructeur ne sont pas appelés ; une copie de la classe au niveau du bit est passée en tant qu'argument
  c:\program files (x86)\microsoft visual studio\2017\community\vc\tools\msvc\14.16.27023\atlmfc\include\afxstr.h(87): note: voir la déclaration de 'ATL::CStringT<char,StrTraitMFC_DLL<char,ATL::ChTraitsCRT<_CharType>>>'
          with
          [
              _CharType=char
          ]
c:\users\kmartin\desktop\origincpy\sources\busmaster\can_etas_boa\changeregisters_can_etas_boa.cpp(874): warning C4018: '<' : incompatibilité signed/unsigned
c:\users\kmartin\desktop\origincpy\sources\busmaster\can_etas_boa\changeregisters_can_etas_boa.cpp(881): warning C4018: '<' : incompatibilité signed/unsigned
c:\users\kmartin\desktop\origincpy\sources\busmaster\can_etas_boa\changeregisters_can_etas_boa.cpp(892): warning C4100: 'nItemCount' : paramètre formel non référencé
c:\users\kmartin\desktop\origincpy\sources\busmaster\can_etas_boa\changeregisters_can_etas_boa.cpp(901): warning C4101: 'dEditBaudRate' : variable locale non référencée
  MultiLanguage.cpp
  _WIN32_WINNT not defined. Defaulting to _WIN32_WINNT_MAXVER (see WinSDKVer.h)
c:\users\kmartin\desktop\origincpy\sources\busmaster\application\stdafx.h(81): warning C4192: exclusion automatique de 'ISequentialStream' lors de l'importation de la bibliothèque de types 'msxml6.dll'
c:\users\kmartin\desktop\origincpy\sources\busmaster\application\stdafx.h(81): warning C4192: exclusion automatique de '_FILETIME' lors de l'importation de la bibliothèque de types 'msxml6.dll'
c:\users\kmartin\desktop\origincpy\sources\busmaster\application\multilanguage.cpp(174): warning C4996: 'GetVersion': a été déclaré déconseillé
  c:\program files (x86)\windows kits\10\include\10.0.17763.0\um\sysinfoapi.h(135): note: voir la déclaration de 'GetVersion'
  Génération de code en cours...
C:\Program Files (x86)\Microsoft Visual Studio\2017\Community\Common7\IDE\VC\VCTargets\Microsoft.CppBuild.targets(1216,5): warning MSB8012: TargetPath(C:\Users\kmartin\Desktop\origincpy\Sources\BUSMASTER\CAN_ETAS_BOA\Release\CAN_ETAS_BOA_2.dll) ne correspond pas à la valeur de la propriété OutputFile (C:\Users\kmartin\Desktop\origincpy\Sources\BUSMASTER\bin\Release\CAN_ETAS_BOA_2.dll) de Linker. Cela peut entraîner une génération incorrecte de votre projet. Pour corriger ce problème, vérifiez que les valeurs des propriétés $(OutDir), $(TargetName) et $(TargetExt) correspondent à la valeur spécifiée dans %(Link.OutputFile).
     Création de la bibliothèque C:\Users\kmartin\Desktop\origincpy\Sources\BUSMASTER\/BIN/Libs/Release\CAN_ETAS_BOA_2.lib et de l'objet C:\Users\kmartin\Desktop\origincpy\Sources\BUSMASTER\/BIN/Libs/Release\CAN_ETAS_BOA_2.exp
  CAN_ETAS_BOA_2.vcxproj -> C:\Users\kmartin\Desktop\origincpy\Sources\BUSMASTER\CAN_ETAS_BOA\Release\CAN_ETAS_BOA_2.dll
