  UDSSettingsWnd.cpp
UDSSettingsWnd.cpp(196): warning C4244: '=' : conversion from '__int64' to 'int', possible loss of data
UDSSettingsWnd.cpp(259): warning C4244: '=' : conversion from '__int64' to 'int', possible loss of data
UDSSettingsWnd.cpp(273): warning C4244: '=' : conversion from '__int64' to 'int', possible loss of data
UDSSettingsWnd.cpp(281): warning C4244: '=' : conversion from '__int64' to 'int', possible loss of data
UDSSettingsWnd.cpp(297): warning C4244: '=' : conversion from '__int64' to 'int', possible loss of data
UDSSettingsWnd.cpp(313): warning C4244: '=' : conversion from '__int64' to 'int', possible loss of data
UDSSettingsWnd.cpp(584): warning C4244: '=' : conversion from '__int64' to 'long', possible loss of data
UDSSettingsWnd.cpp(585): warning C4244: '=' : conversion from '__int64' to 'long', possible loss of data
UDSSettingsWnd.cpp(643): warning C4244: '=' : conversion from '__int64' to 'long', possible loss of data
UDSSettingsWnd.cpp(644): warning C4244: '=' : conversion from '__int64' to 'long', possible loss of data
UDSSettingsWnd.cpp(677): warning C4244: '=' : conversion from '__int64' to 'long', possible loss of data
UDSSettingsWnd.cpp(678): warning C4244: '=' : conversion from '__int64' to 'long', possible loss of data
UDSSettingsWnd.cpp(714): warning C4244: '=' : conversion from '__int64' to 'long', possible loss of data
UDSSettingsWnd.cpp(715): warning C4244: '=' : conversion from '__int64' to 'long', possible loss of data
  UDSMainWnd.cpp
UDSMainWnd.cpp(193): warning C4018: '<' : signed/unsigned mismatch
UDSMainWnd.cpp(236): warning C4018: '<' : signed/unsigned mismatch
UDSMainWnd.cpp(812): warning C4244: '=' : conversion from '__int64' to 'UINT', possible loss of data
UDSMainWnd.cpp(837): warning C4244: '=' : conversion from '__int64' to 'UINT', possible loss of data
  UDS_TimmingWnd.cpp
  UDS_Protocol.cpp
UDS_Protocol.cpp(255): warning C4244: '=' : conversion from '__int64' to 'UINT', possible loss of data
UDS_Protocol.cpp(256): warning C4244: '=' : conversion from '__int64' to 'UINT', possible loss of data
UDS_Protocol.cpp(280): warning C4804: '<=' : unsafe use of type 'bool' in operation
UDS_Protocol.cpp(282): warning C4244: '=' : conversion from 'double' to 'int', possible loss of data
UDS_Protocol.cpp(366): warning C4244: 'argument' : conversion from 'float' to '__int64', possible loss of data
UDS_Protocol.cpp(392): warning C4244: '=' : conversion from 'int' to 'float', possible loss of data
UDS_Protocol.cpp(480): warning C4244: '=' : conversion from '__int64' to 'UINT', possible loss of data
UDS_Protocol.cpp(481): warning C4244: '=' : conversion from '__int64' to 'UINT', possible loss of data
  UDS_NegRespMng.cpp
  stdafx.cpp
  Generating Code...
C:\Program Files (x86)\MSBuild\Microsoft.Cpp\v4.0\V120\Microsoft.CppBuild.targets(1193,5): warning MSB8012: TargetPath(C:\Users\kmartin\Desktop\origincpy\Sources\BUSMASTER\UDS_Protocol\Debug\UDS_Protocol.dll) does not match the Linker's OutputFile property value (C:\Users\kmartin\Desktop\origincpy\Sources\BUSMASTER\BIN\Debug\UDS_Protocol.dll). This may cause your project to build incorrectly. To correct this, please make sure that $(OutDir), $(TargetName) and $(TargetExt) property values match the value specified in %(Link.OutputFile).
LINK : fatal error LNK1104: cannot open file '..\..\Kernel\bin\Debug\Utilities.lib'
