c:\users\kmartin\desktop\busmaster\sources\busmaster\psdi_can\release\vc141.pdb
c:\users\kmartin\desktop\busmaster\sources\busmaster\bin\dumpfiles\release\obj\psdi_can\psdi_can.obj
c:\users\kmartin\desktop\busmaster\sources\busmaster\bin\dumpfiles\release\obj\psdi_can\msgcontainer_lin.obj
c:\users\kmartin\desktop\busmaster\sources\busmaster\bin\dumpfiles\release\obj\psdi_can\msgcontainer_j1939.obj
c:\users\kmartin\desktop\busmaster\sources\busmaster\bin\dumpfiles\release\obj\psdi_can\msgcontainer_can.obj
c:\users\kmartin\desktop\busmaster\sources\busmaster\bin\dumpfiles\release\obj\psdi_can\messageattrib.obj
c:\users\kmartin\desktop\busmaster\sources\busmaster\bin\release\psdi_can.dll
c:\users\kmartin\desktop\busmaster\sources\busmaster\bin\dumpfiles\release\pdb\psdi_can.pdb
c:\users\kmartin\desktop\busmaster\sources\busmaster\bin\libs\release\psdi_can.lib
c:\users\kmartin\desktop\busmaster\sources\busmaster\bin\libs\release\psdi_can.exp
c:\users\kmartin\desktop\busmaster\sources\busmaster\psdi_can\release\vc142.pdb
c:\users\kmartin\desktop\busmaster\sources\busmaster\psdi_can\release\psdi_can.tlog\cl.command.1.tlog
c:\users\kmartin\desktop\busmaster\sources\busmaster\psdi_can\release\psdi_can.tlog\cl.read.1.tlog
c:\users\kmartin\desktop\busmaster\sources\busmaster\psdi_can\release\psdi_can.tlog\cl.write.1.tlog
c:\users\kmartin\desktop\busmaster\sources\busmaster\psdi_can\release\psdi_can.tlog\link.16852.delete.1.tlog
c:\users\kmartin\desktop\busmaster\sources\busmaster\psdi_can\release\psdi_can.tlog\link.18740.delete.1.tlog
c:\users\kmartin\desktop\busmaster\sources\busmaster\psdi_can\release\psdi_can.tlog\link.command.1.tlog
c:\users\kmartin\desktop\busmaster\sources\busmaster\psdi_can\release\psdi_can.tlog\link.read.1.tlog
c:\users\kmartin\desktop\busmaster\sources\busmaster\psdi_can\release\psdi_can.tlog\link.write.1.tlog
c:\users\kmartin\desktop\busmaster\sources\busmaster\psdi_can\release\psdi_can.tlog\psdi_can.write.1u.tlog
