  MessageAttrib.cpp
c:\users\kmartin\desktop\origincpy\sources\busmaster\application\hashdefines.h(138): warning C4091: 'typedef ' : ignoré à gauche de 'eREPLAYMODE' quand aucune variable n'est déclarée
c:\users\kmartin\desktop\origincpy\sources\busmaster\application\hashdefines.h(982): warning C4091: 'typedef ' : ignoré à gauche de 'eCONFIGDETAILS' quand aucune variable n'est déclarée
c:\users\kmartin\desktop\origincpy\sources\kernel\protocoldefinitions\protocolsdefinitions.h(23): warning C4091: 'typedef ' : ignoré à gauche de 'eBUSEVENT' quand aucune variable n'est déclarée
c:\users\kmartin\desktop\origincpy\sources\busmaster\include\basedefs.h(51): warning C4091: 'typedef ' : ignoré à gauche de 'eBUSEVEHANDLER' quand aucune variable n'est déclarée
c:\users\kmartin\desktop\origincpy\sources\kernel\protocoldefinitions\ccompumethod.h(27): warning C4091: 'typedef ' : ignoré à gauche de 'eCompuType' quand aucune variable n'est déclarée
c:\users\kmartin\desktop\origincpy\sources\busmaster\datatypes\filter_datatypes.h(564): warning C5037: 'SFILTERAPPLIED<SFRAMEINFO_BASIC_BUS>::pbSetConfigData' : une définition hors ligne d'un membre d'un modèle de classe ne peut pas avoir d'arguments par défaut
c:\users\kmartin\desktop\origincpy\sources\busmaster\application\struct.h(218): warning C4091: 'typedef ' : ignoré à gauche de 'eUSERSELCTION' quand aucune variable n'est déclarée
c:\users\kmartin\desktop\origincpy\sources\busmaster\application\flags.h(72): warning C4091: 'typedef ' : ignoré à gauche de 'eCANMONITORFLAG' quand aucune variable n'est déclarée
  MsgContainer_CAN.cpp
c:\users\kmartin\desktop\origincpy\sources\kernel\protocoldefinitions\protocolsdefinitions.h(23): warning C4091: 'typedef ' : ignoré à gauche de 'eBUSEVENT' quand aucune variable n'est déclarée
c:\users\kmartin\desktop\origincpy\sources\kernel\protocoldefinitions\ccompumethod.h(27): warning C4091: 'typedef ' : ignoré à gauche de 'eCompuType' quand aucune variable n'est déclarée
c:\users\kmartin\desktop\origincpy\sources\busmaster\include\basedefs.h(51): warning C4091: 'typedef ' : ignoré à gauche de 'eBUSEVEHANDLER' quand aucune variable n'est déclarée
c:\users\kmartin\desktop\origincpy\sources\busmaster\application\hashdefines.h(138): warning C4091: 'typedef ' : ignoré à gauche de 'eREPLAYMODE' quand aucune variable n'est déclarée
c:\users\kmartin\desktop\origincpy\sources\busmaster\application\hashdefines.h(982): warning C4091: 'typedef ' : ignoré à gauche de 'eCONFIGDETAILS' quand aucune variable n'est déclarée
c:\users\kmartin\desktop\origincpy\sources\busmaster\datatypes\filter_datatypes.h(564): warning C5037: 'SFILTERAPPLIED<SFRAMEINFO_BASIC_BUS>::pbSetConfigData' : une définition hors ligne d'un membre d'un modèle de classe ne peut pas avoir d'arguments par défaut
c:\users\kmartin\desktop\origincpy\sources\busmaster\application\common.h(30): warning C4091: 'typedef ' : ignoré à gauche de '<unnamed-enum-LOAD_CONFIG>' quand aucune variable n'est déclarée
c:\users\kmartin\desktop\origincpy\sources\busmaster\application\struct.h(218): warning C4091: 'typedef ' : ignoré à gauche de 'eUSERSELCTION' quand aucune variable n'est déclarée
c:\users\kmartin\desktop\origincpy\sources\busmaster\datatypes\uds_datatypes.h(24): warning C4091: 'typedef ' : ignoré à gauche de 'UDS_INTERFACE' quand aucune variable n'est déclarée
c:\users\kmartin\desktop\origincpy\sources\busmaster\datatypes\uds_datatypes.h(30): warning C4091: 'typedef ' : ignoré à gauche de 'DIAGNOSTIC_STANDARD' quand aucune variable n'est déclarée
c:\users\kmartin\desktop\origincpy\sources\busmaster\datatypes\uds_datatypes.h(38): warning C4091: 'typedef ' : ignoré à gauche de 'TYPE_OF_FRAME' quand aucune variable n'est déclarée
c:\users\kmartin\desktop\origincpy\sources\busmaster\psdi_can\msgcontainer_can.cpp(46): warning C4005: 'MAKE_CHANNEL_SPECIFIC_MESSAGE' : redéfinition de macro
  c:\users\kmartin\desktop\origincpy\sources\busmaster\application\hashdefines.h(719): note: voir la définition précédente de 'MAKE_CHANNEL_SPECIFIC_MESSAGE'
c:\users\kmartin\desktop\origincpy\sources\busmaster\psdi_can\msgcontainer_can.cpp(785): warning C4244: '=' : conversion de 'int' en 'BYTE', perte possible de données
c:\users\kmartin\desktop\origincpy\sources\busmaster\psdi_can\msgcontainer_can.cpp(991): warning C4456: la déclaration de 'ouSignal' masque la déclaration locale précédente
  c:\users\kmartin\desktop\origincpy\sources\busmaster\psdi_can\msgcontainer_can.cpp(985): note: voir la déclaration de 'ouSignal'
  MsgContainer_J1939.cpp
c:\users\kmartin\desktop\origincpy\sources\kernel\protocoldefinitions\protocolsdefinitions.h(23): warning C4091: 'typedef ' : ignoré à gauche de 'eBUSEVENT' quand aucune variable n'est déclarée
c:\users\kmartin\desktop\origincpy\sources\kernel\protocoldefinitions\ccompumethod.h(27): warning C4091: 'typedef ' : ignoré à gauche de 'eCompuType' quand aucune variable n'est déclarée
c:\users\kmartin\desktop\origincpy\sources\busmaster\include\basedefs.h(51): warning C4091: 'typedef ' : ignoré à gauche de 'eBUSEVEHANDLER' quand aucune variable n'est déclarée
c:\users\kmartin\desktop\origincpy\sources\kernel\busmasterdriverinterface\include\j1939driverdefines.h(238): warning C4091: 'typedef ' : ignoré à gauche de 'EJ1939_MSG_TYPE' quand aucune variable n'est déclarée
c:\users\kmartin\desktop\origincpy\sources\busmaster\datatypes\filter_datatypes.h(564): warning C5037: 'SFILTERAPPLIED<SFRAMEINFO_BASIC_BUS>::pbSetConfigData' : une définition hors ligne d'un membre d'un modèle de classe ne peut pas avoir d'arguments par défaut
c:\users\kmartin\desktop\origincpy\sources\busmaster\application\common.h(30): warning C4091: 'typedef ' : ignoré à gauche de '<unnamed-enum-LOAD_CONFIG>' quand aucune variable n'est déclarée
c:\users\kmartin\desktop\origincpy\sources\busmaster\application\hashdefines.h(138): warning C4091: 'typedef ' : ignoré à gauche de 'eREPLAYMODE' quand aucune variable n'est déclarée
c:\users\kmartin\desktop\origincpy\sources\busmaster\application\hashdefines.h(982): warning C4091: 'typedef ' : ignoré à gauche de 'eCONFIGDETAILS' quand aucune variable n'est déclarée
c:\users\kmartin\desktop\origincpy\sources\busmaster\application\struct.h(218): warning C4091: 'typedef ' : ignoré à gauche de 'eUSERSELCTION' quand aucune variable n'est déclarée
c:\users\kmartin\desktop\origincpy\sources\busmaster\psdi_can\msgcontainer_j1939.cpp(44): warning C4005: 'MAKE_CHANNEL_SPECIFIC_MESSAGE' : redéfinition de macro
  c:\users\kmartin\desktop\origincpy\sources\busmaster\application\hashdefines.h(719): note: voir la définition précédente de 'MAKE_CHANNEL_SPECIFIC_MESSAGE'
c:\users\kmartin\desktop\origincpy\sources\busmaster\psdi_can\msgcontainer_j1939.cpp(45): warning C4005: 'MAKE_SOURCE_SPECIFIC_MESSAGE' : redéfinition de macro
  c:\users\kmartin\desktop\origincpy\sources\busmaster\application\hashdefines.h(720): note: voir la définition précédente de 'MAKE_SOURCE_SPECIFIC_MESSAGE'
c:\users\kmartin\desktop\origincpy\sources\busmaster\psdi_can\msgcontainer_j1939.cpp(46): warning C4005: 'MAKE_DEST_SPECIFIC_MESSAGE' : redéfinition de macro
  c:\users\kmartin\desktop\origincpy\sources\busmaster\application\hashdefines.h(721): note: voir la définition précédente de 'MAKE_DEST_SPECIFIC_MESSAGE'
c:\users\kmartin\desktop\origincpy\sources\busmaster\psdi_can\msgcontainer_j1939.cpp(47): warning C4005: 'MAKE_TYPE_SPECIFIC_MESSAGE' : redéfinition de macro
  c:\users\kmartin\desktop\origincpy\sources\busmaster\application\hashdefines.h(722): note: voir la définition précédente de 'MAKE_TYPE_SPECIFIC_MESSAGE'
c:\users\kmartin\desktop\origincpy\sources\busmaster\psdi_can\msgcontainer_j1939.cpp(958): warning C4456: la déclaration de 'ouSignal' masque la déclaration locale précédente
  c:\users\kmartin\desktop\origincpy\sources\busmaster\psdi_can\msgcontainer_j1939.cpp(952): note: voir la déclaration de 'ouSignal'
  MsgContainer_LIN.cpp
c:\users\kmartin\desktop\origincpy\sources\kernel\protocoldefinitions\protocolsdefinitions.h(23): warning C4091: 'typedef ' : ignoré à gauche de 'eBUSEVENT' quand aucune variable n'est déclarée
c:\users\kmartin\desktop\origincpy\sources\kernel\protocoldefinitions\ccompumethod.h(27): warning C4091: 'typedef ' : ignoré à gauche de 'eCompuType' quand aucune variable n'est déclarée
c:\users\kmartin\desktop\origincpy\sources\busmaster\include\basedefs.h(51): warning C4091: 'typedef ' : ignoré à gauche de 'eBUSEVEHANDLER' quand aucune variable n'est déclarée
c:\users\kmartin\desktop\origincpy\sources\busmaster\datatypes\filter_datatypes.h(564): warning C5037: 'SFILTERAPPLIED<SFRAMEINFO_BASIC_BUS>::pbSetConfigData' : une définition hors ligne d'un membre d'un modèle de classe ne peut pas avoir d'arguments par défaut
c:\users\kmartin\desktop\origincpy\sources\busmaster\application\common.h(30): warning C4091: 'typedef ' : ignoré à gauche de '<unnamed-enum-LOAD_CONFIG>' quand aucune variable n'est déclarée
c:\users\kmartin\desktop\origincpy\sources\busmaster\application\hashdefines.h(138): warning C4091: 'typedef ' : ignoré à gauche de 'eREPLAYMODE' quand aucune variable n'est déclarée
c:\users\kmartin\desktop\origincpy\sources\busmaster\application\hashdefines.h(982): warning C4091: 'typedef ' : ignoré à gauche de 'eCONFIGDETAILS' quand aucune variable n'est déclarée
c:\users\kmartin\desktop\origincpy\sources\busmaster\application\struct.h(218): warning C4091: 'typedef ' : ignoré à gauche de 'eUSERSELCTION' quand aucune variable n'est déclarée
c:\users\kmartin\desktop\origincpy\sources\busmaster\psdi_can\msgcontainer_lin.cpp(47): warning C4005: 'MAKE_CHANNEL_SPECIFIC_MESSAGE' : redéfinition de macro
  c:\users\kmartin\desktop\origincpy\sources\busmaster\application\hashdefines.h(719): note: voir la définition précédente de 'MAKE_CHANNEL_SPECIFIC_MESSAGE'
c:\users\kmartin\desktop\origincpy\sources\busmaster\psdi_can\msgcontainer_lin.cpp(640): warning C4244: '=' : conversion de '__int64' en 'int', perte possible de données
c:\users\kmartin\desktop\origincpy\sources\busmaster\psdi_can\msgcontainer_lin.cpp(669): warning C4245: 'initialisation' : conversion de 'int' en 'unsigned int', incompatibilité signed/unsigned
c:\users\kmartin\desktop\origincpy\sources\busmaster\psdi_can\msgcontainer_lin.cpp(729): warning C4244: '=' : conversion de 'int' en 'BYTE', perte possible de données
c:\users\kmartin\desktop\origincpy\sources\busmaster\psdi_can\msgcontainer_lin.cpp(757): warning C4244: '=' : conversion de 'eLinBusEventType' en 'USHORT', perte possible de données
c:\users\kmartin\desktop\origincpy\sources\busmaster\psdi_can\msgcontainer_lin.cpp(942): warning C4456: la déclaration de 'ouSignal' masque la déclaration locale précédente
  c:\users\kmartin\desktop\origincpy\sources\busmaster\psdi_can\msgcontainer_lin.cpp(935): note: voir la déclaration de 'ouSignal'
  PSDI_CAN.cpp
c:\users\kmartin\desktop\origincpy\sources\kernel\protocoldefinitions\protocolsdefinitions.h(23): warning C4091: 'typedef ' : ignoré à gauche de 'eBUSEVENT' quand aucune variable n'est déclarée
c:\users\kmartin\desktop\origincpy\sources\kernel\protocoldefinitions\ccompumethod.h(27): warning C4091: 'typedef ' : ignoré à gauche de 'eCompuType' quand aucune variable n'est déclarée
c:\users\kmartin\desktop\origincpy\sources\busmaster\include\basedefs.h(51): warning C4091: 'typedef ' : ignoré à gauche de 'eBUSEVEHANDLER' quand aucune variable n'est déclarée
c:\users\kmartin\desktop\origincpy\sources\busmaster\application\hashdefines.h(138): warning C4091: 'typedef ' : ignoré à gauche de 'eREPLAYMODE' quand aucune variable n'est déclarée
c:\users\kmartin\desktop\origincpy\sources\busmaster\application\hashdefines.h(982): warning C4091: 'typedef ' : ignoré à gauche de 'eCONFIGDETAILS' quand aucune variable n'est déclarée
c:\users\kmartin\desktop\origincpy\sources\busmaster\datatypes\filter_datatypes.h(564): warning C5037: 'SFILTERAPPLIED<SFRAMEINFO_BASIC_BUS>::pbSetConfigData' : une définition hors ligne d'un membre d'un modèle de classe ne peut pas avoir d'arguments par défaut
c:\users\kmartin\desktop\origincpy\sources\busmaster\application\common.h(30): warning C4091: 'typedef ' : ignoré à gauche de '<unnamed-enum-LOAD_CONFIG>' quand aucune variable n'est déclarée
c:\users\kmartin\desktop\origincpy\sources\busmaster\application\struct.h(218): warning C4091: 'typedef ' : ignoré à gauche de 'eUSERSELCTION' quand aucune variable n'est déclarée
c:\users\kmartin\desktop\origincpy\sources\busmaster\datatypes\uds_datatypes.h(24): warning C4091: 'typedef ' : ignoré à gauche de 'UDS_INTERFACE' quand aucune variable n'est déclarée
c:\users\kmartin\desktop\origincpy\sources\busmaster\datatypes\uds_datatypes.h(30): warning C4091: 'typedef ' : ignoré à gauche de 'DIAGNOSTIC_STANDARD' quand aucune variable n'est déclarée
c:\users\kmartin\desktop\origincpy\sources\busmaster\datatypes\uds_datatypes.h(38): warning C4091: 'typedef ' : ignoré à gauche de 'TYPE_OF_FRAME' quand aucune variable n'est déclarée
c:\users\kmartin\desktop\origincpy\sources\kernel\busmasterdriverinterface\include\j1939driverdefines.h(238): warning C4091: 'typedef ' : ignoré à gauche de 'EJ1939_MSG_TYPE' quand aucune variable n'est déclarée
  Génération de code en cours...
c:\users\kmartin\desktop\origincpy\sources\busmaster\psdi_can\msgcontainer_j1939.cpp(1001): warning C4715: 'CMsgContainerJ1939::GetMessageDetails' : les chemins de contrôle ne retournent pas tous une valeur
c:\users\kmartin\desktop\origincpy\sources\busmaster\psdi_can\msgcontainer_can.cpp(1020): warning C4715: 'CMsgContainerCAN::GetMessageDetails' : les chemins de contrôle ne retournent pas tous une valeur
C:\Program Files (x86)\Microsoft Visual Studio\2017\Community\Common7\IDE\VC\VCTargets\Microsoft.CppBuild.targets(1216,5): warning MSB8012: TargetPath(C:\Users\kmartin\Desktop\origincpy\Sources\BUSMASTER\PSDI_CAN\Release\PSDI_CAN.dll) ne correspond pas à la valeur de la propriété OutputFile (C:\Users\kmartin\Desktop\origincpy\Sources\BUSMASTER\BIN\Release\PSDI_CAN.dll) de Linker. Cela peut entraîner une génération incorrecte de votre projet. Pour corriger ce problème, vérifiez que les valeurs des propriétés $(OutDir), $(TargetName) et $(TargetExt) correspondent à la valeur spécifiée dans %(Link.OutputFile).
LINK : fatal error LNK1181: impossible d'ouvrir le fichier en entrée 'C:\Users\kmartin\Desktop\origincpy\Sources\BUSMASTER\BIN\Libs\Release\UDS_Protocol.lib'
