  CommanDIL_LIN.cpp
c:\users\kmartin\desktop\origincpy\sources\kernel\protocoldefinitions\protocolsdefinitions.h(23): warning C4091: 'typedef ' : ignoré à gauche de 'eBUSEVENT' quand aucune variable n'est déclarée
c:\users\kmartin\desktop\origincpy\sources\kernel\protocoldefinitions\ccompumethod.h(27): warning C4091: 'typedef ' : ignoré à gauche de 'eCompuType' quand aucune variable n'est déclarée
c:\users\kmartin\desktop\origincpy\sources\busmaster\dil_interface\commandil_lin.cpp(845): warning C4018: '>=' : incompatibilité signed/unsigned
  HardwareListing.cpp
c:\users\kmartin\desktop\origincpy\sources\kernel\protocoldefinitions\protocolsdefinitions.h(23): warning C4091: 'typedef ' : ignoré à gauche de 'eBUSEVENT' quand aucune variable n'est déclarée
c:\users\kmartin\desktop\origincpy\sources\busmaster\dil_interface\hardwarelisting.cpp(538): warning C4018: '<' : incompatibilité signed/unsigned
  LIN_Vector_XL.cpp
c:\users\kmartin\desktop\origincpy\sources\kernel\protocoldefinitions\protocolsdefinitions.h(23): warning C4091: 'typedef ' : ignoré à gauche de 'eBUSEVENT' quand aucune variable n'est déclarée
c:\users\kmartin\desktop\origincpy\sources\kernel\protocoldefinitions\ccompumethod.h(27): warning C4091: 'typedef ' : ignoré à gauche de 'eCompuType' quand aucune variable n'est déclarée
c:\users\kmartin\desktop\origincpy\sources\busmaster\lin_vector_xl\lin_vector_xl.cpp(155): warning C4018: '>=' : incompatibilité signed/unsigned
c:\users\kmartin\desktop\origincpy\sources\busmaster\lin_vector_xl\lin_vector_xl.cpp(172): warning C4244: '=' : conversion de 'LONGLONG' en 'unsigned long', perte possible de données
c:\users\kmartin\desktop\origincpy\sources\busmaster\lin_vector_xl\lin_vector_xl.cpp(596): warning C4018: '>=' : incompatibilité signed/unsigned
c:\users\kmartin\desktop\origincpy\sources\busmaster\lin_vector_xl\lin_vector_xl.cpp(1272): warning C4018: '<' : incompatibilité signed/unsigned
  LIN_Vector_XL_stdafx.cpp
C:\Program Files (x86)\Microsoft Visual Studio\2017\Community\Common7\IDE\VC\VCTargets\Microsoft.CppBuild.targets(1216,5): warning MSB8012: TargetPath(C:\Users\kmartin\Desktop\origincpy\Sources\BUSMASTER\LIN_Vector_XL\Release\LIN_Vector_XL.dll) ne correspond pas à la valeur de la propriété OutputFile (C:\Users\kmartin\Desktop\origincpy\Sources\BUSMASTER\bin\release\LIN_Vector_XL.dll) de Linker. Cela peut entraîner une génération incorrecte de votre projet. Pour corriger ce problème, vérifiez que les valeurs des propriétés $(OutDir), $(TargetName) et $(TargetExt) correspondent à la valeur spécifiée dans %(Link.OutputFile).
     Création de la bibliothèque Release\LIN_Vector_XL.lib et de l'objet Release\LIN_Vector_XL.exp
  Génération de code en cours
  0 of 1205 functions ( 0.0%) were compiled, the rest were copied from previous compilation.
    0 functions were new in current compilation
    0 functions had inline decision re-evaluated but remain unchanged
  Fin de la génération du code
  LIN_Vector_XL.vcxproj -> C:\Users\kmartin\Desktop\origincpy\Sources\BUSMASTER\LIN_Vector_XL\Release\LIN_Vector_XL.dll
