  stdafx.cpp
  UDS_NegRespMng.cpp
c:\users\kmartin\desktop\origincpy\sources\busmaster\datatypes\uds_datatypes.h(24): warning C4091: 'typedef ' : ignoré à gauche de 'UDS_INTERFACE' quand aucune variable n'est déclarée
c:\users\kmartin\desktop\origincpy\sources\busmaster\datatypes\uds_datatypes.h(30): warning C4091: 'typedef ' : ignoré à gauche de 'DIAGNOSTIC_STANDARD' quand aucune variable n'est déclarée
c:\users\kmartin\desktop\origincpy\sources\busmaster\datatypes\uds_datatypes.h(38): warning C4091: 'typedef ' : ignoré à gauche de 'TYPE_OF_FRAME' quand aucune variable n'est déclarée
  UDS_Protocol.cpp
c:\users\kmartin\desktop\origincpy\sources\busmaster\datatypes\uds_datatypes.h(24): warning C4091: 'typedef ' : ignoré à gauche de 'UDS_INTERFACE' quand aucune variable n'est déclarée
c:\users\kmartin\desktop\origincpy\sources\busmaster\datatypes\uds_datatypes.h(30): warning C4091: 'typedef ' : ignoré à gauche de 'DIAGNOSTIC_STANDARD' quand aucune variable n'est déclarée
c:\users\kmartin\desktop\origincpy\sources\busmaster\datatypes\uds_datatypes.h(38): warning C4091: 'typedef ' : ignoré à gauche de 'TYPE_OF_FRAME' quand aucune variable n'est déclarée
c:\users\kmartin\desktop\origincpy\sources\busmaster\uds_protocol\uds_protocol.cpp(255): warning C4244: '=' : conversion de '__int64' en 'UINT', perte possible de données
c:\users\kmartin\desktop\origincpy\sources\busmaster\uds_protocol\uds_protocol.cpp(256): warning C4244: '=' : conversion de '__int64' en 'UINT', perte possible de données
c:\users\kmartin\desktop\origincpy\sources\busmaster\uds_protocol\uds_protocol.cpp(280): warning C4804: '<=' : utilisation risquée du type 'bool' dans l'opération
c:\users\kmartin\desktop\origincpy\sources\busmaster\uds_protocol\uds_protocol.cpp(282): warning C4244: '=' : conversion de 'double' en 'int', perte possible de données
c:\users\kmartin\desktop\origincpy\sources\busmaster\uds_protocol\uds_protocol.cpp(366): warning C4244: 'argument' : conversion de 'float' en '__int64', perte possible de données
c:\users\kmartin\desktop\origincpy\sources\busmaster\uds_protocol\uds_protocol.cpp(392): warning C4244: '=' : conversion de 'int' en 'float', perte possible de données
c:\users\kmartin\desktop\origincpy\sources\busmaster\uds_protocol\uds_protocol.cpp(480): warning C4244: '=' : conversion de '__int64' en 'UINT', perte possible de données
c:\users\kmartin\desktop\origincpy\sources\busmaster\uds_protocol\uds_protocol.cpp(481): warning C4244: '=' : conversion de '__int64' en 'UINT', perte possible de données
  UDS_TimmingWnd.cpp
  UDSMainWnd.cpp
c:\users\kmartin\desktop\origincpy\sources\busmaster\datatypes\uds_datatypes.h(24): warning C4091: 'typedef ' : ignoré à gauche de 'UDS_INTERFACE' quand aucune variable n'est déclarée
c:\users\kmartin\desktop\origincpy\sources\busmaster\datatypes\uds_datatypes.h(30): warning C4091: 'typedef ' : ignoré à gauche de 'DIAGNOSTIC_STANDARD' quand aucune variable n'est déclarée
c:\users\kmartin\desktop\origincpy\sources\busmaster\datatypes\uds_datatypes.h(38): warning C4091: 'typedef ' : ignoré à gauche de 'TYPE_OF_FRAME' quand aucune variable n'est déclarée
c:\users\kmartin\desktop\origincpy\sources\kernel\protocoldefinitions\protocolsdefinitions.h(23): warning C4091: 'typedef ' : ignoré à gauche de 'eBUSEVENT' quand aucune variable n'est déclarée
c:\users\kmartin\desktop\origincpy\sources\kernel\protocoldefinitions\ccompumethod.h(27): warning C4091: 'typedef ' : ignoré à gauche de 'eCompuType' quand aucune variable n'est déclarée
c:\users\kmartin\desktop\origincpy\sources\busmaster\uds_protocol\udsmainwnd.cpp(193): warning C4018: '<' : incompatibilité signed/unsigned
c:\users\kmartin\desktop\origincpy\sources\busmaster\uds_protocol\udsmainwnd.cpp(236): warning C4018: '<' : incompatibilité signed/unsigned
c:\users\kmartin\desktop\origincpy\sources\busmaster\uds_protocol\udsmainwnd.cpp(812): warning C4244: '=' : conversion de '__int64' en 'UINT', perte possible de données
c:\users\kmartin\desktop\origincpy\sources\busmaster\uds_protocol\udsmainwnd.cpp(837): warning C4244: '=' : conversion de '__int64' en 'UINT', perte possible de données
c:\users\kmartin\desktop\origincpy\sources\busmaster\uds_protocol\udsmainwnd.cpp(875): error C2556: 'void CUDSMainWnd::setValue(void)' : la fonction surchargée ne diffère que par le type de retour de 'int CUDSMainWnd::setValue(void)'
  c:\users\kmartin\desktop\origincpy\sources\busmaster\uds_protocol\udsmainwnd.h(117): note: voir la déclaration de 'CUDSMainWnd::setValue'
c:\users\kmartin\desktop\origincpy\sources\busmaster\uds_protocol\udsmainwnd.cpp(874): error C2371: 'CUDSMainWnd::setValue' : redéfinition ; types de base différents
  c:\users\kmartin\desktop\origincpy\sources\busmaster\uds_protocol\udsmainwnd.h(117): note: voir la déclaration de 'CUDSMainWnd::setValue'
c:\users\kmartin\desktop\origincpy\sources\busmaster\uds_protocol\udsmainwnd.cpp(934): error C2556: 'void CUDSMainWnd::vInitializeUDSfFields(void)' : la fonction surchargée ne diffère que par le type de retour de 'int CUDSMainWnd::vInitializeUDSfFields(void)'
  c:\users\kmartin\desktop\origincpy\sources\busmaster\uds_protocol\udsmainwnd.h(111): note: voir la déclaration de 'CUDSMainWnd::vInitializeUDSfFields'
c:\users\kmartin\desktop\origincpy\sources\busmaster\uds_protocol\udsmainwnd.cpp(933): error C2371: 'CUDSMainWnd::vInitializeUDSfFields' : redéfinition ; types de base différents
  c:\users\kmartin\desktop\origincpy\sources\busmaster\uds_protocol\udsmainwnd.h(111): note: voir la déclaration de 'CUDSMainWnd::vInitializeUDSfFields'
  UDSSettingsWnd.cpp
c:\users\kmartin\desktop\origincpy\sources\busmaster\datatypes\uds_datatypes.h(24): warning C4091: 'typedef ' : ignoré à gauche de 'UDS_INTERFACE' quand aucune variable n'est déclarée
c:\users\kmartin\desktop\origincpy\sources\busmaster\datatypes\uds_datatypes.h(30): warning C4091: 'typedef ' : ignoré à gauche de 'DIAGNOSTIC_STANDARD' quand aucune variable n'est déclarée
c:\users\kmartin\desktop\origincpy\sources\busmaster\datatypes\uds_datatypes.h(38): warning C4091: 'typedef ' : ignoré à gauche de 'TYPE_OF_FRAME' quand aucune variable n'est déclarée
c:\users\kmartin\desktop\origincpy\sources\busmaster\uds_protocol\udssettingswnd.cpp(196): warning C4244: '=' : conversion de '__int64' en 'int', perte possible de données
c:\users\kmartin\desktop\origincpy\sources\busmaster\uds_protocol\udssettingswnd.cpp(259): warning C4244: '=' : conversion de '__int64' en 'int', perte possible de données
c:\users\kmartin\desktop\origincpy\sources\busmaster\uds_protocol\udssettingswnd.cpp(273): warning C4244: '=' : conversion de '__int64' en 'int', perte possible de données
c:\users\kmartin\desktop\origincpy\sources\busmaster\uds_protocol\udssettingswnd.cpp(281): warning C4244: '=' : conversion de '__int64' en 'int', perte possible de données
c:\users\kmartin\desktop\origincpy\sources\busmaster\uds_protocol\udssettingswnd.cpp(297): warning C4244: '=' : conversion de '__int64' en 'int', perte possible de données
c:\users\kmartin\desktop\origincpy\sources\busmaster\uds_protocol\udssettingswnd.cpp(313): warning C4244: '=' : conversion de '__int64' en 'int', perte possible de données
c:\users\kmartin\desktop\origincpy\sources\busmaster\uds_protocol\udssettingswnd.cpp(584): warning C4244: '=' : conversion de '__int64' en 'long', perte possible de données
c:\users\kmartin\desktop\origincpy\sources\busmaster\uds_protocol\udssettingswnd.cpp(585): warning C4244: '=' : conversion de '__int64' en 'long', perte possible de données
c:\users\kmartin\desktop\origincpy\sources\busmaster\uds_protocol\udssettingswnd.cpp(643): warning C4244: '=' : conversion de '__int64' en 'long', perte possible de données
c:\users\kmartin\desktop\origincpy\sources\busmaster\uds_protocol\udssettingswnd.cpp(644): warning C4244: '=' : conversion de '__int64' en 'long', perte possible de données
c:\users\kmartin\desktop\origincpy\sources\busmaster\uds_protocol\udssettingswnd.cpp(677): warning C4244: '=' : conversion de '__int64' en 'long', perte possible de données
c:\users\kmartin\desktop\origincpy\sources\busmaster\uds_protocol\udssettingswnd.cpp(678): warning C4244: '=' : conversion de '__int64' en 'long', perte possible de données
c:\users\kmartin\desktop\origincpy\sources\busmaster\uds_protocol\udssettingswnd.cpp(714): warning C4244: '=' : conversion de '__int64' en 'long', perte possible de données
c:\users\kmartin\desktop\origincpy\sources\busmaster\uds_protocol\udssettingswnd.cpp(715): warning C4244: '=' : conversion de '__int64' en 'long', perte possible de données
  Génération de code en cours...
