c:\users\kmartin\desktop\busmaster\sources\busmaster\uds_protocol\release\vc141.pdb
c:\users\kmartin\desktop\busmaster\sources\busmaster\bin\dumpfiles\release\obj\uds_protocol\udssettingswnd.obj
c:\users\kmartin\desktop\busmaster\sources\busmaster\bin\dumpfiles\release\obj\uds_protocol\udsmainwnd.obj
c:\users\kmartin\desktop\busmaster\sources\busmaster\bin\dumpfiles\release\obj\uds_protocol\uds_timmingwnd.obj
c:\users\kmartin\desktop\busmaster\sources\busmaster\bin\dumpfiles\release\obj\uds_protocol\uds_protocol.obj
c:\users\kmartin\desktop\busmaster\sources\busmaster\bin\dumpfiles\release\obj\uds_protocol\uds_negrespmng.obj
c:\users\kmartin\desktop\busmaster\sources\busmaster\bin\dumpfiles\release\obj\uds_protocol\stdafx.obj
c:\users\kmartin\desktop\busmaster\sources\busmaster\bin\release\uds_protocol.dll
c:\users\kmartin\desktop\busmaster\sources\busmaster\bin\dumpfiles\release\pdb\uds_protocol.pdb
c:\users\kmartin\desktop\busmaster\sources\busmaster\uds_protocol\release\uds.res
c:\users\kmartin\desktop\busmaster\sources\busmaster\bin\libs\release\uds_protocol.lib
c:\users\kmartin\desktop\busmaster\sources\busmaster\bin\libs\release\uds_protocol.exp
c:\users\kmartin\desktop\busmaster\sources\busmaster\uds_protocol\release\uds_protocol.tlog\cl.command.1.tlog
c:\users\kmartin\desktop\busmaster\sources\busmaster\uds_protocol\release\uds_protocol.tlog\cl.read.1.tlog
c:\users\kmartin\desktop\busmaster\sources\busmaster\uds_protocol\release\uds_protocol.tlog\cl.write.1.tlog
c:\users\kmartin\desktop\busmaster\sources\busmaster\uds_protocol\release\uds_protocol.tlog\link.command.1.tlog
c:\users\kmartin\desktop\busmaster\sources\busmaster\uds_protocol\release\uds_protocol.tlog\link.read.1.tlog
c:\users\kmartin\desktop\busmaster\sources\busmaster\uds_protocol\release\uds_protocol.tlog\link.write.1.tlog
c:\users\kmartin\desktop\busmaster\sources\busmaster\uds_protocol\release\uds_protocol.tlog\rc.command.1.tlog
c:\users\kmartin\desktop\busmaster\sources\busmaster\uds_protocol\release\uds_protocol.tlog\rc.read.1.tlog
c:\users\kmartin\desktop\busmaster\sources\busmaster\uds_protocol\release\uds_protocol.tlog\rc.write.1.tlog
c:\users\kmartin\desktop\busmaster\sources\busmaster\uds_protocol\release\uds_protocol.tlog\uds_protocol.write.1u.tlog
