  UDS_DataTypes.cpp
  ProjConfig_DataTypes.cpp
  NSCodeGenHelperFactory.cpp
  NodeSimCodeGenerator.cpp
NodeSimCodeGenerator.cpp(368): warning C4129: ' ' : unrecognized character escape sequence
  MsgSignal_Datatypes.cpp
MsgSignal_Datatypes.cpp(240): warning C4244: 'initializing' : conversion from 'double' to 'UINT64', possible loss of data
  MainSubEntry.cpp
  Log_Datatypes.cpp
Log_Datatypes.cpp(209): warning C4189: 'omstrLogTime' : local variable is initialized but not referenced
Log_Datatypes.cpp(260): warning C4245: '=' : conversion from 'int' to 'UINT', signed/unsigned mismatch
Log_Datatypes.cpp(261): warning C4245: '=' : conversion from 'int' to 'UINT', signed/unsigned mismatch
  LinNsCodeGenHelper.cpp
  J1939_DataTypes.cpp
  j1939NsCodeGenHelper.cpp
  Filter_Datatypes.cpp
Filter_Datatypes.cpp(161): warning C4244: 'initializing' : conversion from 'time_t' to 'UINT', possible loss of data
Filter_Datatypes.cpp(161): warning C4189: 'unRand' : local variable is initialized but not referenced
Filter_Datatypes.cpp(915): warning C4244: '=' : conversion from 'INT' to 'BYTE', possible loss of data
Filter_Datatypes.cpp(923): warning C4244: '=' : conversion from 'INT' to 'BYTE', possible loss of data
  CanNsCodeGenHelper.cpp
C:\Program Files (x86)\MSBuild\Microsoft.Cpp\v4.0\V120\Microsoft.CppBuild.targets(1361,5): warning MSB8012: TargetPath(C:\Users\kmartin\Desktop\origincpy\Sources\BUSMASTER\DataTypes\Debug\DataTypes.lib) does not match the Library's OutputFile property value (C:\Users\kmartin\Desktop\origincpy\Sources\BUSMASTER\BIN\Libs\Debug\DataTypes.lib). This may cause your project to build incorrectly. To correct this, please make sure that $(OutDir), $(TargetName) and $(TargetExt) property values match the value specified in %(Lib.OutputFile).
  DataTypes.vcxproj -> C:\Users\kmartin\Desktop\origincpy\Sources\BUSMASTER\DataTypes\Debug\DataTypes.lib
