c:\users\kmartin\desktop\busmaster\sources\busmaster\bin\libs\release\can_ics_neovi.lib
c:\users\kmartin\desktop\busmaster\sources\busmaster\bin\libs\release\can_ics_neovi.exp
c:\users\kmartin\desktop\busmaster\sources\busmaster\bin\dumpfiles\release\obj\can_ics_neovi\multilanguage.obj
c:\users\kmartin\desktop\busmaster\sources\busmaster\bin\dumpfiles\release\obj\can_ics_neovi\changeregisters_can_ics_neovi.obj
c:\users\kmartin\desktop\busmaster\sources\busmaster\bin\dumpfiles\release\obj\can_ics_neovi\canreganalysis_can_ics_neovi.obj
c:\users\kmartin\desktop\busmaster\sources\busmaster\bin\dumpfiles\release\obj\can_ics_neovi\can_ics_neovi_stdafx.obj
c:\users\kmartin\desktop\busmaster\sources\busmaster\bin\dumpfiles\release\obj\can_ics_neovi\can_ics_neovi_network.obj
c:\users\kmartin\desktop\busmaster\sources\busmaster\bin\dumpfiles\release\obj\can_ics_neovi\can_ics_neovi_channel.obj
c:\users\kmartin\desktop\busmaster\sources\busmaster\bin\dumpfiles\release\obj\can_ics_neovi\can_ics_neovi.obj
c:\users\kmartin\desktop\busmaster\sources\busmaster\bin\dumpfiles\release\obj\can_ics_neovi\hardwarelistingcan.obj
c:\users\kmartin\desktop\busmaster\sources\busmaster\bin\release\can_ics_neovi.dll
c:\users\kmartin\desktop\busmaster\sources\busmaster\bin\dumpfiles\release\pdb\can_ics_neovi.pdb
c:\users\kmartin\desktop\busmaster\sources\busmaster\can_ics_neovi\release\can_ics_neovi.res
c:\users\kmartin\desktop\busmaster\sources\busmaster\can_ics_neovi\release\can_ics_neovi.tlog\can_ics_neovi.write.1u.tlog
c:\users\kmartin\desktop\busmaster\sources\busmaster\can_ics_neovi\release\can_ics_neovi.tlog\cl.command.1.tlog
c:\users\kmartin\desktop\busmaster\sources\busmaster\can_ics_neovi\release\can_ics_neovi.tlog\cl.read.1.tlog
c:\users\kmartin\desktop\busmaster\sources\busmaster\can_ics_neovi\release\can_ics_neovi.tlog\cl.write.1.tlog
c:\users\kmartin\desktop\busmaster\sources\busmaster\can_ics_neovi\release\can_ics_neovi.tlog\link.command.1.tlog
c:\users\kmartin\desktop\busmaster\sources\busmaster\can_ics_neovi\release\can_ics_neovi.tlog\link.read.1.tlog
c:\users\kmartin\desktop\busmaster\sources\busmaster\can_ics_neovi\release\can_ics_neovi.tlog\link.write.1.tlog
c:\users\kmartin\desktop\busmaster\sources\busmaster\can_ics_neovi\release\can_ics_neovi.tlog\rc.command.1.tlog
c:\users\kmartin\desktop\busmaster\sources\busmaster\can_ics_neovi\release\can_ics_neovi.tlog\rc.read.1.tlog
c:\users\kmartin\desktop\busmaster\sources\busmaster\can_ics_neovi\release\can_ics_neovi.tlog\rc.write.1.tlog
