  GraphBottomView.cpp
c:\users\kmartin\desktop\origincpy\sources\busmaster\siggrphwnd\siggrphwnd_defines.h(199): warning C4091: 'typedef ' : ignoré à gauche de 'eELEMENT_TYPE' quand aucune variable n'est déclarée
c:\users\kmartin\desktop\origincpy\sources\busmaster\siggrphwnd\siggrphwnd_defines.h(206): warning C4091: 'typedef ' : ignoré à gauche de 'eDISPLAY_TYPE' quand aucune variable n'est déclarée
c:\users\kmartin\desktop\origincpy\sources\busmaster\siggrphwnd\siggrphwnd_defines.h(243): warning C4091: 'typedef ' : ignoré à gauche de 'eUSERSELCTION' quand aucune variable n'est déclarée
  GraphChildFrame.cpp
c:\users\kmartin\desktop\origincpy\sources\busmaster\siggrphwnd\siggrphwnd_defines.h(199): warning C4091: 'typedef ' : ignoré à gauche de 'eELEMENT_TYPE' quand aucune variable n'est déclarée
c:\users\kmartin\desktop\origincpy\sources\busmaster\siggrphwnd\siggrphwnd_defines.h(206): warning C4091: 'typedef ' : ignoré à gauche de 'eDISPLAY_TYPE' quand aucune variable n'est déclarée
c:\users\kmartin\desktop\origincpy\sources\busmaster\siggrphwnd\siggrphwnd_defines.h(243): warning C4091: 'typedef ' : ignoré à gauche de 'eUSERSELCTION' quand aucune variable n'est déclarée
  GraphExportDlg.cpp
c:\users\kmartin\desktop\origincpy\sources\busmaster\siggrphwnd\siggrphwnd_defines.h(199): warning C4091: 'typedef ' : ignoré à gauche de 'eELEMENT_TYPE' quand aucune variable n'est déclarée
c:\users\kmartin\desktop\origincpy\sources\busmaster\siggrphwnd\siggrphwnd_defines.h(206): warning C4091: 'typedef ' : ignoré à gauche de 'eDISPLAY_TYPE' quand aucune variable n'est déclarée
c:\users\kmartin\desktop\origincpy\sources\busmaster\siggrphwnd\siggrphwnd_defines.h(243): warning C4091: 'typedef ' : ignoré à gauche de 'eUSERSELCTION' quand aucune variable n'est déclarée
  GraphLeftView.cpp
c:\users\kmartin\desktop\origincpy\sources\busmaster\siggrphwnd\siggrphwnd_defines.h(199): warning C4091: 'typedef ' : ignoré à gauche de 'eELEMENT_TYPE' quand aucune variable n'est déclarée
c:\users\kmartin\desktop\origincpy\sources\busmaster\siggrphwnd\siggrphwnd_defines.h(206): warning C4091: 'typedef ' : ignoré à gauche de 'eDISPLAY_TYPE' quand aucune variable n'est déclarée
c:\users\kmartin\desktop\origincpy\sources\busmaster\siggrphwnd\siggrphwnd_defines.h(243): warning C4091: 'typedef ' : ignoré à gauche de 'eUSERSELCTION' quand aucune variable n'est déclarée
  GraphRightView.cpp
c:\users\kmartin\desktop\origincpy\sources\busmaster\siggrphwnd\siggrphwnd_defines.h(199): warning C4091: 'typedef ' : ignoré à gauche de 'eELEMENT_TYPE' quand aucune variable n'est déclarée
c:\users\kmartin\desktop\origincpy\sources\busmaster\siggrphwnd\siggrphwnd_defines.h(206): warning C4091: 'typedef ' : ignoré à gauche de 'eDISPLAY_TYPE' quand aucune variable n'est déclarée
c:\users\kmartin\desktop\origincpy\sources\busmaster\siggrphwnd\siggrphwnd_defines.h(243): warning C4091: 'typedef ' : ignoré à gauche de 'eUSERSELCTION' quand aucune variable n'est déclarée
  SigGrphWnd.cpp
c:\users\kmartin\desktop\origincpy\sources\busmaster\siggrphwnd\siggrphwnd_defines.h(199): warning C4091: 'typedef ' : ignoré à gauche de 'eELEMENT_TYPE' quand aucune variable n'est déclarée
c:\users\kmartin\desktop\origincpy\sources\busmaster\siggrphwnd\siggrphwnd_defines.h(206): warning C4091: 'typedef ' : ignoré à gauche de 'eDISPLAY_TYPE' quand aucune variable n'est déclarée
c:\users\kmartin\desktop\origincpy\sources\busmaster\siggrphwnd\siggrphwnd_defines.h(243): warning C4091: 'typedef ' : ignoré à gauche de 'eUSERSELCTION' quand aucune variable n'est déclarée
c:\users\kmartin\desktop\origincpy\sources\kernel\protocoldefinitions\protocolsdefinitions.h(23): warning C4091: 'typedef ' : ignoré à gauche de 'eBUSEVENT' quand aucune variable n'est déclarée
c:\users\kmartin\desktop\origincpy\sources\busmaster\include\basedefs.h(51): warning C4091: 'typedef ' : ignoré à gauche de 'eBUSEVEHANDLER' quand aucune variable n'est déclarée
  Génération de code en cours...
  GraphConfiguration.cpp
c:\users\kmartin\desktop\origincpy\sources\busmaster\siggrphwnd\siggrphwnd_defines.h(199): warning C4091: 'typedef ' : ignoré à gauche de 'eELEMENT_TYPE' quand aucune variable n'est déclarée
c:\users\kmartin\desktop\origincpy\sources\busmaster\siggrphwnd\siggrphwnd_defines.h(206): warning C4091: 'typedef ' : ignoré à gauche de 'eDISPLAY_TYPE' quand aucune variable n'est déclarée
c:\users\kmartin\desktop\origincpy\sources\busmaster\siggrphwnd\siggrphwnd_defines.h(243): warning C4091: 'typedef ' : ignoré à gauche de 'eUSERSELCTION' quand aucune variable n'est déclarée
  GraphElement.cpp
c:\users\kmartin\desktop\origincpy\sources\busmaster\siggrphwnd\siggrphwnd_defines.h(199): warning C4091: 'typedef ' : ignoré à gauche de 'eELEMENT_TYPE' quand aucune variable n'est déclarée
c:\users\kmartin\desktop\origincpy\sources\busmaster\siggrphwnd\siggrphwnd_defines.h(206): warning C4091: 'typedef ' : ignoré à gauche de 'eDISPLAY_TYPE' quand aucune variable n'est déclarée
c:\users\kmartin\desktop\origincpy\sources\busmaster\siggrphwnd\siggrphwnd_defines.h(243): warning C4091: 'typedef ' : ignoré à gauche de 'eUSERSELCTION' quand aucune variable n'est déclarée
  GraphList.cpp
c:\users\kmartin\desktop\origincpy\sources\busmaster\siggrphwnd\siggrphwnd_defines.h(199): warning C4091: 'typedef ' : ignoré à gauche de 'eELEMENT_TYPE' quand aucune variable n'est déclarée
c:\users\kmartin\desktop\origincpy\sources\busmaster\siggrphwnd\siggrphwnd_defines.h(206): warning C4091: 'typedef ' : ignoré à gauche de 'eDISPLAY_TYPE' quand aucune variable n'est déclarée
c:\users\kmartin\desktop\origincpy\sources\busmaster\siggrphwnd\siggrphwnd_defines.h(243): warning C4091: 'typedef ' : ignoré à gauche de 'eUSERSELCTION' quand aucune variable n'est déclarée
  GraphParameters.cpp
c:\users\kmartin\desktop\origincpy\sources\busmaster\siggrphwnd\siggrphwnd_defines.h(199): warning C4091: 'typedef ' : ignoré à gauche de 'eELEMENT_TYPE' quand aucune variable n'est déclarée
c:\users\kmartin\desktop\origincpy\sources\busmaster\siggrphwnd\siggrphwnd_defines.h(206): warning C4091: 'typedef ' : ignoré à gauche de 'eDISPLAY_TYPE' quand aucune variable n'est déclarée
c:\users\kmartin\desktop\origincpy\sources\busmaster\siggrphwnd\siggrphwnd_defines.h(243): warning C4091: 'typedef ' : ignoré à gauche de 'eUSERSELCTION' quand aucune variable n'est déclarée
  GraphSink.cpp
c:\users\kmartin\desktop\origincpy\sources\busmaster\siggrphwnd\siggrphwnd_defines.h(199): warning C4091: 'typedef ' : ignoré à gauche de 'eELEMENT_TYPE' quand aucune variable n'est déclarée
c:\users\kmartin\desktop\origincpy\sources\busmaster\siggrphwnd\siggrphwnd_defines.h(206): warning C4091: 'typedef ' : ignoré à gauche de 'eDISPLAY_TYPE' quand aucune variable n'est déclarée
c:\users\kmartin\desktop\origincpy\sources\busmaster\siggrphwnd\siggrphwnd_defines.h(243): warning C4091: 'typedef ' : ignoré à gauche de 'eUSERSELCTION' quand aucune variable n'est déclarée
  MDIChildBase.cpp
  MessageList.cpp
c:\users\kmartin\desktop\origincpy\sources\busmaster\siggrphwnd\siggrphwnd_defines.h(199): warning C4091: 'typedef ' : ignoré à gauche de 'eELEMENT_TYPE' quand aucune variable n'est déclarée
c:\users\kmartin\desktop\origincpy\sources\busmaster\siggrphwnd\siggrphwnd_defines.h(206): warning C4091: 'typedef ' : ignoré à gauche de 'eDISPLAY_TYPE' quand aucune variable n'est déclarée
c:\users\kmartin\desktop\origincpy\sources\busmaster\siggrphwnd\siggrphwnd_defines.h(243): warning C4091: 'typedef ' : ignoré à gauche de 'eUSERSELCTION' quand aucune variable n'est déclarée
  MultiLanguage.cpp
c:\users\kmartin\desktop\origincpy\sources\busmaster\application\multilanguage.cpp(174): warning C4996: 'GetVersion': a été déclaré déconseillé
  c:\program files (x86)\windows kits\8.1\include\um\sysinfoapi.h(110): note: voir la déclaration de 'GetVersion'
  Génération de code en cours...
C:\Program Files (x86)\Microsoft Visual Studio\2017\Community\Common7\IDE\VC\VCTargets\Microsoft.CppBuild.targets(1216,5): warning MSB8012: TargetPath(C:\Users\kmartin\Desktop\origincpy\Sources\BUSMASTER\SigGrphWnd\Release\SigGrphWnd.dll) ne correspond pas à la valeur de la propriété OutputFile (C:\Users\kmartin\Desktop\origincpy\Sources\BUSMASTER\BIN\Release\SigGrphWnd.dll) de Linker. Cela peut entraîner une génération incorrecte de votre projet. Pour corriger ce problème, vérifiez que les valeurs des propriétés $(OutDir), $(TargetName) et $(TargetExt) correspondent à la valeur spécifiée dans %(Link.OutputFile).
  Utilities.lib(MsgBufVSE.obj) : .netmodule ou module MSIL compilé avec /GL trouvé ; redémarrage de l'édition de liens avec /LTCG ; ajoutez /LTCG à la ligne de commande de l'édition de liens pour améliorer les performances de l'Éditeur de liens
     CrÚation de la bibliothÞque C:\Users\kmartin\Desktop\origincpy\Sources\BUSMASTER\/BIN/Libs/Release\SigGrphWnd.lib et de l'objet C:\Users\kmartin\Desktop\origincpy\Sources\BUSMASTER\/BIN/Libs/Release\SigGrphWnd.exp
  GÚnÚration de code en cours
  Fin de la gÚnÚration du code
  SigGrphWnd.vcxproj -> C:\Users\kmartin\Desktop\origincpy\Sources\BUSMASTER\SigGrphWnd\Release\SigGrphWnd.dll
