c:\users\kmartin\desktop\origincpy\sources\busmaster\bin\dumpfiles\release\obj\lin_peak_usb\lin_peak_usb_stdafx.obj
c:\users\kmartin\desktop\origincpy\sources\busmaster\bin\dumpfiles\release\obj\lin_peak_usb\lin_peak_usb_network.obj
c:\users\kmartin\desktop\origincpy\sources\busmaster\bin\dumpfiles\release\obj\lin_peak_usb\lin_peak_usb_channel.obj
c:\users\kmartin\desktop\origincpy\sources\busmaster\bin\dumpfiles\release\obj\lin_peak_usb\lin_peak_usb.obj
c:\users\kmartin\desktop\origincpy\sources\busmaster\bin\dumpfiles\release\obj\lin_peak_usb\hardwarelisting.obj
c:\users\kmartin\desktop\origincpy\sources\busmaster\bin\dumpfiles\release\obj\lin_peak_usb\commandil_lin.obj
c:\users\kmartin\desktop\origincpy\sources\busmaster\bin\release\lin_peak_usb.dll
c:\users\kmartin\desktop\origincpy\sources\busmaster\bin\dumpfiles\release\pdb\lin_peak_usb.pdb
c:\users\kmartin\desktop\origincpy\sources\busmaster\bin\libs\release\can_peak_usb.lib
c:\users\kmartin\desktop\origincpy\sources\busmaster\bin\libs\release\can_peak_usb.exp
c:\users\kmartin\desktop\origincpy\sources\busmaster\lin_peak_usb\release\lin_peak_usb.res
c:\users\kmartin\desktop\origincpy\sources\busmaster\lin_peak_usb\release\lin_peak_usbjpn.res
c:\users\kmartin\desktop\origincpy\sources\busmaster\lin_peak_usb\release\lin_peak_usb.tlog\cl.command.1.tlog
c:\users\kmartin\desktop\origincpy\sources\busmaster\lin_peak_usb\release\lin_peak_usb.tlog\cl.read.1.tlog
c:\users\kmartin\desktop\origincpy\sources\busmaster\lin_peak_usb\release\lin_peak_usb.tlog\cl.write.1.tlog
c:\users\kmartin\desktop\origincpy\sources\busmaster\lin_peak_usb\release\lin_peak_usb.tlog\link.command.1.tlog
c:\users\kmartin\desktop\origincpy\sources\busmaster\lin_peak_usb\release\lin_peak_usb.tlog\link.read.1.tlog
c:\users\kmartin\desktop\origincpy\sources\busmaster\lin_peak_usb\release\lin_peak_usb.tlog\link.write.1.tlog
c:\users\kmartin\desktop\origincpy\sources\busmaster\lin_peak_usb\release\lin_peak_usb.tlog\lin_peak_usb.write.1u.tlog
c:\users\kmartin\desktop\origincpy\sources\busmaster\lin_peak_usb\release\lin_peak_usb.tlog\rc.command.1.tlog
c:\users\kmartin\desktop\origincpy\sources\busmaster\lin_peak_usb\release\lin_peak_usb.tlog\rc.read.1.tlog
c:\users\kmartin\desktop\origincpy\sources\busmaster\lin_peak_usb\release\lin_peak_usb.tlog\rc.write.1.tlog
