  CommanDIL_LIN.cpp
c:\users\kmartin\desktop\origincpy\sources\kernel\protocoldefinitions\protocolsdefinitions.h(23): warning C4091: 'typedef ' : ignoré à gauche de 'eBUSEVENT' quand aucune variable n'est déclarée
c:\users\kmartin\desktop\origincpy\sources\kernel\protocoldefinitions\ccompumethod.h(27): warning C4091: 'typedef ' : ignoré à gauche de 'eCompuType' quand aucune variable n'est déclarée
c:\users\kmartin\desktop\origincpy\sources\busmaster\dil_interface\commandil_lin.cpp(451): warning C4244: '=' : conversion de 'int' en 'char', perte possible de données
c:\users\kmartin\desktop\origincpy\sources\busmaster\dil_interface\commandil_lin.cpp(561): warning C4244: '=' : conversion de 'unsigned int' en 'UCHAR', perte possible de données
c:\users\kmartin\desktop\origincpy\sources\busmaster\dil_interface\commandil_lin.cpp(589): warning C4244: '=' : conversion de 'int' en 'unsigned char', perte possible de données
c:\users\kmartin\desktop\origincpy\sources\busmaster\dil_interface\commandil_lin.cpp(591): warning C4456: la déclaration de 'itrCommands' masque la déclaration locale précédente
  c:\users\kmartin\desktop\origincpy\sources\busmaster\dil_interface\commandil_lin.cpp(587): note: voir la déclaration de 'itrCommands'
c:\users\kmartin\desktop\origincpy\sources\busmaster\dil_interface\commandil_lin.cpp(593): warning C4244: '=' : conversion de 'int' en 'unsigned char', perte possible de données
c:\users\kmartin\desktop\origincpy\sources\busmaster\dil_interface\commandil_lin.cpp(810): warning C4244: '=' : conversion de 'int' en 'unsigned char', perte possible de données
c:\users\kmartin\desktop\origincpy\sources\busmaster\dil_interface\commandil_lin.cpp(823): warning C4244: '=' : conversion de 'int' en 'unsigned char', perte possible de données
c:\users\kmartin\desktop\origincpy\sources\busmaster\dil_interface\commandil_lin.cpp(845): warning C4018: '>=' : incompatibilité signed/unsigned
c:\users\kmartin\desktop\origincpy\sources\busmaster\dil_interface\commandil_lin.cpp(863): warning C4244: '=' : conversion de '_Ty1' en 'unsigned char', perte possible de données
          with
          [
              _Ty1=int
          ]
  HardwareListing.cpp
c:\users\kmartin\desktop\origincpy\sources\kernel\protocoldefinitions\protocolsdefinitions.h(23): warning C4091: 'typedef ' : ignoré à gauche de 'eBUSEVENT' quand aucune variable n'est déclarée
c:\users\kmartin\desktop\origincpy\sources\busmaster\dil_interface\hardwarelisting.cpp(538): warning C4018: '<' : incompatibilité signed/unsigned
  LIN_PEAK_USB.cpp
c:\users\kmartin\desktop\origincpy\sources\kernel\protocoldefinitions\protocolsdefinitions.h(23): warning C4091: 'typedef ' : ignoré à gauche de 'eBUSEVENT' quand aucune variable n'est déclarée
c:\users\kmartin\desktop\origincpy\sources\kernel\protocoldefinitions\ccompumethod.h(27): warning C4091: 'typedef ' : ignoré à gauche de 'eCompuType' quand aucune variable n'est déclarée
c:\users\kmartin\desktop\origincpy\sources\busmaster\lin_peak_usb\lin_peak_usb.cpp(495): warning C4018: '<' : incompatibilité signed/unsigned
c:\users\kmartin\desktop\origincpy\sources\busmaster\lin_peak_usb\lin_peak_usb.cpp(543): warning C4244: '=' : conversion de 'unsigned __int64' en 'unsigned long', perte possible de données
c:\users\kmartin\desktop\origincpy\sources\busmaster\lin_peak_usb\lin_peak_usb.cpp(555): warning C4244: '=' : conversion de 'UINT' en 'unsigned char', perte possible de données
c:\users\kmartin\desktop\origincpy\sources\busmaster\lin_peak_usb\lin_peak_usb.cpp(556): warning C4244: '=' : conversion de 'UINT' en 'unsigned char', perte possible de données
c:\users\kmartin\desktop\origincpy\sources\busmaster\lin_peak_usb\lin_peak_usb.cpp(557): warning C4244: '=' : conversion de 'LONGLONG' en 'unsigned long', perte possible de données
c:\users\kmartin\desktop\origincpy\sources\busmaster\lin_peak_usb\lin_peak_usb.cpp(878): warning C4018: '>=' : incompatibilité signed/unsigned
c:\users\kmartin\desktop\origincpy\sources\busmaster\lin_peak_usb\lin_peak_usb.cpp(892): warning C4244: '=' : conversion de 'INT' en 'UCHAR', perte possible de données
c:\users\kmartin\desktop\origincpy\sources\busmaster\lin_peak_usb\lin_peak_usb.cpp(1598): warning C4244: 'argument' : conversion de 'UINT' en 'WORD', perte possible de données
c:\users\kmartin\desktop\origincpy\sources\busmaster\lin_peak_usb\lin_peak_usb.cpp(1598): warning C4244: 'argument' : conversion de 'UINT' en 'BYTE', perte possible de données
c:\users\kmartin\desktop\origincpy\sources\busmaster\lin_peak_usb\lin_peak_usb.cpp(1635): warning C4244: 'argument' : conversion de 'UINT' en 'WORD', perte possible de données
c:\users\kmartin\desktop\origincpy\sources\busmaster\lin_peak_usb\lin_peak_usb.cpp(1714): warning C4244: '=' : conversion de 'int' en 'BYTE', perte possible de données
  LIN_PEAK_USB_Channel.cpp
  LIN_PEAK_USB_Network.cpp
  LIN_PEAK_USB_stdafx.cpp
  Génération de code en cours...
C:\Program Files (x86)\Microsoft Visual Studio\2017\Community\Common7\IDE\VC\VCTargets\Microsoft.CppBuild.targets(1216,5): warning MSB8012: TargetPath(C:\Users\kmartin\Desktop\origincpy\Sources\BUSMASTER\LIN_PEAK_USB\Release\LIN_PEAK_USB.dll) ne correspond pas à la valeur de la propriété OutputFile (C:\Users\kmartin\Desktop\origincpy\Sources\BUSMASTER\bin\Release\LIN_PEAK_USB.dll) de Linker. Cela peut entraîner une génération incorrecte de votre projet. Pour corriger ce problème, vérifiez que les valeurs des propriétés $(OutDir), $(TargetName) et $(TargetExt) correspondent à la valeur spécifiée dans %(Link.OutputFile).
     Création de la bibliothèque C:\Users\kmartin\Desktop\origincpy\Sources\BUSMASTER\/BIN/Libs/Release\CAN_PEAK_USB.lib et de l'objet C:\Users\kmartin\Desktop\origincpy\Sources\BUSMASTER\/BIN/Libs/Release\CAN_PEAK_USB.exp
  LIN_PEAK_USB.vcxproj -> C:\Users\kmartin\Desktop\origincpy\Sources\BUSMASTER\LIN_PEAK_USB\Release\LIN_PEAK_USB.dll
