c:\users\kmartin\desktop\origincpy\sources\busmaster\bin\libs\release\can_nsi.lib
c:\users\kmartin\desktop\origincpy\sources\busmaster\bin\libs\release\can_nsi.exp
c:\users\kmartin\desktop\origincpy\sources\busmaster\bin\dumpfiles\release\obj\can_nsi\changeregisters.obj
c:\users\kmartin\desktop\origincpy\sources\busmaster\bin\dumpfiles\release\obj\can_nsi\canreganalysis.obj
c:\users\kmartin\desktop\origincpy\sources\busmaster\bin\dumpfiles\release\obj\can_nsi\can_nsi_stdafx.obj
c:\users\kmartin\desktop\origincpy\sources\busmaster\bin\dumpfiles\release\obj\can_nsi\can_nsi.obj
c:\users\kmartin\desktop\origincpy\sources\busmaster\bin\dumpfiles\release\obj\can_nsi\acceptancefilterdlg.obj
c:\users\kmartin\desktop\origincpy\sources\busmaster\bin\dumpfiles\release\obj\can_nsi\hardwarelistingcan.obj
c:\users\kmartin\desktop\origincpy\sources\busmaster\bin\dumpfiles\release\obj\can_nsi\multilanguage.obj
c:\users\kmartin\desktop\origincpy\sources\busmaster\bin\release\can_nsi.dll
c:\users\kmartin\desktop\origincpy\sources\busmaster\bin\dumpfiles\release\pdb\can_nsi.pdb
c:\users\kmartin\desktop\origincpy\sources\busmaster\can_nsi\release\can_nsi.res
c:\users\kmartin\desktop\origincpy\sources\busmaster\can_nsi\release\can_nsi.tlog\can_nsi.write.1u.tlog
c:\users\kmartin\desktop\origincpy\sources\busmaster\can_nsi\release\can_nsi.tlog\cl.command.1.tlog
c:\users\kmartin\desktop\origincpy\sources\busmaster\can_nsi\release\can_nsi.tlog\cl.read.1.tlog
c:\users\kmartin\desktop\origincpy\sources\busmaster\can_nsi\release\can_nsi.tlog\cl.write.1.tlog
c:\users\kmartin\desktop\origincpy\sources\busmaster\can_nsi\release\can_nsi.tlog\link.command.1.tlog
c:\users\kmartin\desktop\origincpy\sources\busmaster\can_nsi\release\can_nsi.tlog\link.read.1.tlog
c:\users\kmartin\desktop\origincpy\sources\busmaster\can_nsi\release\can_nsi.tlog\link.write.1.tlog
c:\users\kmartin\desktop\origincpy\sources\busmaster\can_nsi\release\can_nsi.tlog\rc.command.1.tlog
c:\users\kmartin\desktop\origincpy\sources\busmaster\can_nsi\release\can_nsi.tlog\rc.read.1.tlog
c:\users\kmartin\desktop\origincpy\sources\busmaster\can_nsi\release\can_nsi.tlog\rc.write.1.tlog
