  Microsoft Windows [version 10.0.18362.449]
  (c) 2019 Microsoft Corporation. Tous droits réservés.
  
  C:\Users\kmartin\Desktop\origincpy\Sources\BUSMASTER\CAN_NSI>
  HardwareListingCAN.cpp
c:\users\kmartin\desktop\origincpy\sources\kernel\protocoldefinitions\protocolsdefinitions.h(23): warning C4091: 'typedef ' : ignoré à gauche de 'eBUSEVENT' quand aucune variable n'est déclarée
c:\users\kmartin\desktop\origincpy\sources\busmaster\dil_interface\hardwarelistingcan.cpp(727): warning C4018: '<' : incompatibilité signed/unsigned
c:\users\kmartin\desktop\origincpy\sources\busmaster\dil_interface\hardwarelistingcan.cpp(1104): warning C4245: 'initialisation' : conversion de 'int' en 'UINT', incompatibilité signed/unsigned
c:\users\kmartin\desktop\origincpy\sources\busmaster\dil_interface\hardwarelistingcan.cpp(1149): warning C4100: 'pResult' : paramètre formel non référencé
c:\users\kmartin\desktop\origincpy\sources\busmaster\dil_interface\hardwarelistingcan.cpp(1149): warning C4100: 'pNMHDR' : paramètre formel non référencé
c:\users\kmartin\desktop\origincpy\sources\busmaster\dil_interface\hardwarelistingcan.cpp(1153): warning C4100: 'pResult' : paramètre formel non référencé
c:\users\kmartin\desktop\origincpy\sources\busmaster\dil_interface\hardwarelistingcan.cpp(1153): warning C4100: 'pNMHDR' : paramètre formel non référencé
  AcceptanceFilterDlg.cpp
  CAN_NSI.cpp
c:\users\kmartin\desktop\origincpy\sources\kernel\protocoldefinitions\protocolsdefinitions.h(23): warning C4091: 'typedef ' : ignoré à gauche de 'eBUSEVENT' quand aucune variable n'est déclarée
c:\users\kmartin\desktop\origincpy\sources\busmaster\can_nsi\external\nsi\candefex.h(411): warning C4121: '<anonymous-tag>' : l'alignement d'un membre était sensible à la compression
c:\users\kmartin\desktop\origincpy\sources\busmaster\can_nsi\can_nsi.cpp(464): warning C4459: la déclaration de 'cr' masque la déclaration globale
  c:\users\kmartin\desktop\origincpy\sources\busmaster\can_nsi\can_nsi.cpp(84): note: voir la déclaration de 'cr'
c:\users\kmartin\desktop\origincpy\sources\busmaster\can_nsi\can_nsi.cpp(983): warning C4840: utilisation non portable de la classe 'std::basic_string<char,std::char_traits<char>,std::allocator<char>>' en tant qu'argument d'une fonction variadique
  c:\users\kmartin\desktop\origincpy\sources\busmaster\can_nsi\can_nsi.cpp(983): note: 'std::basic_string<char,std::char_traits<char>,std::allocator<char>>::basic_string' n'est pas trivial
  c:\program files (x86)\microsoft visual studio\2017\community\vc\tools\msvc\14.16.27023\include\xstring(2128): note: voir la déclaration de 'std::basic_string<char,std::char_traits<char>,std::allocator<char>>::basic_string'
  c:\users\kmartin\desktop\origincpy\sources\busmaster\can_nsi\can_nsi.cpp(983): note: le constructeur et le destructeur ne sont pas appelés ; une copie de la classe au niveau du bit est passée en tant qu'argument
  c:\program files (x86)\microsoft visual studio\2017\community\vc\tools\msvc\14.16.27023\include\xstring(4373): note: voir la déclaration de 'std::basic_string<char,std::char_traits<char>,std::allocator<char>>'
c:\users\kmartin\desktop\origincpy\sources\busmaster\can_nsi\can_nsi.cpp(2539): warning C4840: utilisation non portable de la classe 'std::basic_string<char,std::char_traits<char>,std::allocator<char>>' en tant qu'argument d'une fonction variadique
  c:\users\kmartin\desktop\origincpy\sources\busmaster\can_nsi\can_nsi.cpp(2539): note: 'std::basic_string<char,std::char_traits<char>,std::allocator<char>>::basic_string' n'est pas trivial
  c:\program files (x86)\microsoft visual studio\2017\community\vc\tools\msvc\14.16.27023\include\xstring(2128): note: voir la déclaration de 'std::basic_string<char,std::char_traits<char>,std::allocator<char>>::basic_string'
  c:\users\kmartin\desktop\origincpy\sources\busmaster\can_nsi\can_nsi.cpp(2539): note: le constructeur et le destructeur ne sont pas appelés ; une copie de la classe au niveau du bit est passée en tant qu'argument
  c:\program files (x86)\microsoft visual studio\2017\community\vc\tools\msvc\14.16.27023\include\xstring(4373): note: voir la déclaration de 'std::basic_string<char,std::char_traits<char>,std::allocator<char>>'
c:\users\kmartin\desktop\origincpy\sources\busmaster\can_nsi\can_nsi.cpp(2555): warning C4840: utilisation non portable de la classe 'std::basic_string<char,std::char_traits<char>,std::allocator<char>>' en tant qu'argument d'une fonction variadique
  c:\users\kmartin\desktop\origincpy\sources\busmaster\can_nsi\can_nsi.cpp(2555): note: 'std::basic_string<char,std::char_traits<char>,std::allocator<char>>::basic_string' n'est pas trivial
  c:\program files (x86)\microsoft visual studio\2017\community\vc\tools\msvc\14.16.27023\include\xstring(2128): note: voir la déclaration de 'std::basic_string<char,std::char_traits<char>,std::allocator<char>>::basic_string'
  c:\users\kmartin\desktop\origincpy\sources\busmaster\can_nsi\can_nsi.cpp(2555): note: le constructeur et le destructeur ne sont pas appelés ; une copie de la classe au niveau du bit est passée en tant qu'argument
  c:\program files (x86)\microsoft visual studio\2017\community\vc\tools\msvc\14.16.27023\include\xstring(4373): note: voir la déclaration de 'std::basic_string<char,std::char_traits<char>,std::allocator<char>>'
c:\program files (x86)\microsoft visual studio\2017\community\vc\tools\msvc\14.16.27023\atlmfc\include\atlbase.h(5365): warning C4459: la déclaration de 'data' masque la déclaration globale
  c:\users\kmartin\desktop\origincpy\sources\busmaster\can_nsi\can_nsi.cpp(86): note: voir la déclaration de 'data'
  c:\program files (x86)\microsoft visual studio\2017\community\vc\tools\msvc\14.16.27023\atlmfc\include\atlbase.h(5358): note: pendant la compilation de la fonction membre '<Inconnu>' (classe <Inconnu>)
  c:\program files (x86)\microsoft visual studio\2017\community\vc\tools\msvc\14.16.27023\atlmfc\include\atlbase.h(5405): note: voir la référence à l'instanciation de classe modèle 'ATL::CAtlAutoThreadModuleT<ATL::CAtlAutoThreadModule,ATL::CComSimpleThreadAllocator,4294967295>' en cours de compilation
  CAN_NSI_stdafx.cpp
  CANRegAnalysis.cpp
  ChangeRegisters.cpp
c:\users\kmartin\desktop\origincpy\sources\busmaster\can_nsi\changeregisters.cpp(1868): warning C4840: utilisation non portable de la classe 'ATL::CStringT<char,StrTraitMFC_DLL<char,ATL::ChTraitsCRT<_CharType>>>' en tant qu'argument d'une fonction variadique
          with
          [
              _CharType=char
          ]
  c:\users\kmartin\desktop\origincpy\sources\busmaster\can_nsi\changeregisters.cpp(1868): note: 'ATL::CStringT<char,StrTraitMFC_DLL<char,ATL::ChTraitsCRT<_CharType>>>::CStringT' n'est pas trivial
          with
          [
              _CharType=char
          ]
  c:\program files (x86)\microsoft visual studio\2017\community\vc\tools\msvc\14.16.27023\atlmfc\include\cstringt.h(1026): note: voir la déclaration de 'ATL::CStringT<char,StrTraitMFC_DLL<char,ATL::ChTraitsCRT<_CharType>>>::CStringT'
          with
          [
              _CharType=char
          ]
  c:\users\kmartin\desktop\origincpy\sources\busmaster\can_nsi\changeregisters.cpp(1868): note: le constructeur et le destructeur ne sont pas appelés ; une copie de la classe au niveau du bit est passée en tant qu'argument
  c:\program files (x86)\microsoft visual studio\2017\community\vc\tools\msvc\14.16.27023\atlmfc\include\afxstr.h(87): note: voir la déclaration de 'ATL::CStringT<char,StrTraitMFC_DLL<char,ATL::ChTraitsCRT<_CharType>>>'
          with
          [
              _CharType=char
          ]
c:\users\kmartin\desktop\origincpy\sources\busmaster\can_nsi\changeregisters.cpp(1984): warning C4458: la déclaration de 'm_usBTR0BTR1' masque le membre de classe
  c:\users\kmartin\desktop\origincpy\sources\busmaster\can_nsi\changeregisters.h(168): note: voir la déclaration de 'CChangeRegisters::m_usBTR0BTR1'
c:\users\kmartin\desktop\origincpy\sources\busmaster\can_nsi\changeregisters.cpp(2177): warning C4018: '<' : incompatibilité signed/unsigned
c:\users\kmartin\desktop\origincpy\sources\busmaster\can_nsi\changeregisters.cpp(2184): warning C4018: '<' : incompatibilité signed/unsigned
c:\users\kmartin\desktop\origincpy\sources\busmaster\can_nsi\changeregisters.cpp(2287): warning C4840: utilisation non portable de la classe 'ATL::CStringT<char,StrTraitMFC_DLL<char,ATL::ChTraitsCRT<_CharType>>>' en tant qu'argument d'une fonction variadique
          with
          [
              _CharType=char
          ]
  c:\users\kmartin\desktop\origincpy\sources\busmaster\can_nsi\changeregisters.cpp(2287): note: 'ATL::CStringT<char,StrTraitMFC_DLL<char,ATL::ChTraitsCRT<_CharType>>>::CStringT' n'est pas trivial
          with
          [
              _CharType=char
          ]
  c:\program files (x86)\microsoft visual studio\2017\community\vc\tools\msvc\14.16.27023\atlmfc\include\cstringt.h(1026): note: voir la déclaration de 'ATL::CStringT<char,StrTraitMFC_DLL<char,ATL::ChTraitsCRT<_CharType>>>::CStringT'
          with
          [
              _CharType=char
          ]
  c:\users\kmartin\desktop\origincpy\sources\busmaster\can_nsi\changeregisters.cpp(2287): note: le constructeur et le destructeur ne sont pas appelés ; une copie de la classe au niveau du bit est passée en tant qu'argument
  c:\program files (x86)\microsoft visual studio\2017\community\vc\tools\msvc\14.16.27023\atlmfc\include\afxstr.h(87): note: voir la déclaration de 'ATL::CStringT<char,StrTraitMFC_DLL<char,ATL::ChTraitsCRT<_CharType>>>'
          with
          [
              _CharType=char
          ]
c:\users\kmartin\desktop\origincpy\sources\busmaster\can_nsi\changeregisters.cpp(2294): warning C4840: utilisation non portable de la classe 'ATL::CStringT<char,StrTraitMFC_DLL<char,ATL::ChTraitsCRT<_CharType>>>' en tant qu'argument d'une fonction variadique
          with
          [
              _CharType=char
          ]
  c:\users\kmartin\desktop\origincpy\sources\busmaster\can_nsi\changeregisters.cpp(2294): note: 'ATL::CStringT<char,StrTraitMFC_DLL<char,ATL::ChTraitsCRT<_CharType>>>::CStringT' n'est pas trivial
          with
          [
              _CharType=char
          ]
  c:\program files (x86)\microsoft visual studio\2017\community\vc\tools\msvc\14.16.27023\atlmfc\include\cstringt.h(1026): note: voir la déclaration de 'ATL::CStringT<char,StrTraitMFC_DLL<char,ATL::ChTraitsCRT<_CharType>>>::CStringT'
          with
          [
              _CharType=char
          ]
  c:\users\kmartin\desktop\origincpy\sources\busmaster\can_nsi\changeregisters.cpp(2294): note: le constructeur et le destructeur ne sont pas appelés ; une copie de la classe au niveau du bit est passée en tant qu'argument
  c:\program files (x86)\microsoft visual studio\2017\community\vc\tools\msvc\14.16.27023\atlmfc\include\afxstr.h(87): note: voir la déclaration de 'ATL::CStringT<char,StrTraitMFC_DLL<char,ATL::ChTraitsCRT<_CharType>>>'
          with
          [
              _CharType=char
          ]
  Génération de code en cours...
  MultiLanguage.cpp
c:\users\kmartin\desktop\origincpy\sources\busmaster\application\multilanguage.cpp(174): warning C4996: 'GetVersion': a été déclaré déconseillé
  c:\program files (x86)\windows kits\8.1\include\um\sysinfoapi.h(110): note: voir la déclaration de 'GetVersion'
C:\Program Files (x86)\Microsoft Visual Studio\2017\Community\Common7\IDE\VC\VCTargets\Microsoft.CppBuild.targets(1216,5): warning MSB8012: TargetPath(C:\Users\kmartin\Desktop\origincpy\Sources\BUSMASTER\CAN_NSI\Release\CAN_NSI.dll) ne correspond pas à la valeur de la propriété OutputFile (C:\Users\kmartin\Desktop\origincpy\Sources\BUSMASTER\bin\Release\CAN_NSI.dll) de Linker. Cela peut entraîner une génération incorrecte de votre projet. Pour corriger ce problème, vérifiez que les valeurs des propriétés $(OutDir), $(TargetName) et $(TargetExt) correspondent à la valeur spécifiée dans %(Link.OutputFile).
  Le fichier spécifié est introuvable.
  Impossible de trouver C:\Users\kmartin\AppData\Local\Temp\canlib32.lib
     Création de la bibliothèque C:\Users\kmartin\Desktop\origincpy\Sources\BUSMASTER\/BIN/Libs/Release\CAN_NSI.lib et de l'objet C:\Users\kmartin\Desktop\origincpy\Sources\BUSMASTER\/BIN/Libs/Release\CAN_NSI.exp
  CAN_NSI.vcxproj -> C:\Users\kmartin\Desktop\origincpy\Sources\BUSMASTER\CAN_NSI\Release\CAN_NSI.dll
