  AlphaChar.cpp
  AlphanumiricEdit.cpp
  ButtonItem.cpp
  ColorSelector.cpp
  ColumnTreeCtrl.cpp
  ColumnTreeWnd.cpp
  ComboItem.cpp
  DirectoryWatcher.cpp
  EditItem.cpp
  FFListCtrl.cpp
  FlexListCtrl.cpp
c:\users\kmartin\desktop\origincpy\sources\busmaster\utility\flexlistctrl.cpp(169): warning C4456: la déclaration de 'cs' masque la déclaration locale précédente
  c:\users\kmartin\desktop\origincpy\sources\busmaster\utility\flexlistctrl.cpp(142): note: voir la déclaration de 'cs'
  FlickerFreeListCtrl.cpp
  FlickerFreeTree.cpp
  BaseImportLogFile.cpp
c:\users\kmartin\desktop\origincpy\sources\kernel\protocoldefinitions\protocolsdefinitions.h(23): warning C4091: 'typedef ' : ignoré à gauche de 'eBUSEVENT' quand aucune variable n'est déclarée
c:\users\kmartin\desktop\origincpy\sources\busmaster\include\basedefs.h(51): warning C4091: 'typedef ' : ignoré à gauche de 'eBUSEVEHANDLER' quand aucune variable n'est déclarée
c:\users\kmartin\desktop\origincpy\sources\busmaster\application\hashdefines.h(138): warning C4091: 'typedef ' : ignoré à gauche de 'eREPLAYMODE' quand aucune variable n'est déclarée
c:\users\kmartin\desktop\origincpy\sources\busmaster\application\hashdefines.h(982): warning C4091: 'typedef ' : ignoré à gauche de 'eCONFIGDETAILS' quand aucune variable n'est déclarée
c:\program files (x86)\microsoft visual studio\2017\community\vc\tools\msvc\14.16.27023\include\algorithm(1443): warning C4244: '=' : conversion de 'int' en 'char', perte possible de données
  c:\users\kmartin\desktop\origincpy\sources\busmaster\utility\baseimportlogfile.cpp(53): note: voir la référence à l'instanciation de la fonction modèle '_OutIt std::transform<std::_String_iterator<std::_String_val<std::_Simple_types<_Ty>>>,std::_String_iterator<std::_String_val<std::_Simple_types<_Ty>>>,int(__cdecl *)(int)>(const _InIt,const _InIt,_OutIt,_Fn)' en cours de compilation
          with
          [
              _OutIt=std::_String_iterator<std::_String_val<std::_Simple_types<char>>>,
              _Ty=char,
              _InIt=std::_String_iterator<std::_String_val<std::_Simple_types<char>>>,
              _Fn=int (__cdecl *)(int)
          ]
  KeyNumEdit.cpp
  MsgInterpretation.cpp
c:\users\kmartin\desktop\origincpy\sources\kernel\protocoldefinitions\protocolsdefinitions.h(23): warning C4091: 'typedef ' : ignoré à gauche de 'eBUSEVENT' quand aucune variable n'est déclarée
c:\users\kmartin\desktop\origincpy\sources\busmaster\include\basedefs.h(51): warning C4091: 'typedef ' : ignoré à gauche de 'eBUSEVEHANDLER' quand aucune variable n'est déclarée
c:\users\kmartin\desktop\origincpy\sources\busmaster\utility\msginterpretation.cpp(407): warning C4840: utilisation non portable de la classe 'ATL::CStringT<char,StrTraitMFC_DLL<char,ATL::ChTraitsCRT<_CharType>>>' en tant qu'argument d'une fonction variadique
          with
          [
              _CharType=char
          ]
  c:\users\kmartin\desktop\origincpy\sources\busmaster\utility\msginterpretation.cpp(407): note: 'ATL::CStringT<char,StrTraitMFC_DLL<char,ATL::ChTraitsCRT<_CharType>>>::CStringT' n'est pas trivial
          with
          [
              _CharType=char
          ]
  c:\program files (x86)\microsoft visual studio\2017\community\vc\tools\msvc\14.16.27023\atlmfc\include\cstringt.h(1026): note: voir la déclaration de 'ATL::CStringT<char,StrTraitMFC_DLL<char,ATL::ChTraitsCRT<_CharType>>>::CStringT'
          with
          [
              _CharType=char
          ]
  c:\users\kmartin\desktop\origincpy\sources\busmaster\utility\msginterpretation.cpp(407): note: le constructeur et le destructeur ne sont pas appelés ; une copie de la classe au niveau du bit est passée en tant qu'argument
  c:\program files (x86)\microsoft visual studio\2017\community\vc\tools\msvc\14.16.27023\atlmfc\include\afxstr.h(87): note: voir la déclaration de 'ATL::CStringT<char,StrTraitMFC_DLL<char,ATL::ChTraitsCRT<_CharType>>>'
          with
          [
              _CharType=char
          ]
c:\users\kmartin\desktop\origincpy\sources\busmaster\utility\msginterpretation.cpp(597): warning C4840: utilisation non portable de la classe 'ATL::CStringT<char,StrTraitMFC_DLL<char,ATL::ChTraitsCRT<_CharType>>>' en tant qu'argument d'une fonction variadique
          with
          [
              _CharType=char
          ]
  c:\users\kmartin\desktop\origincpy\sources\busmaster\utility\msginterpretation.cpp(597): note: 'ATL::CStringT<char,StrTraitMFC_DLL<char,ATL::ChTraitsCRT<_CharType>>>::CStringT' n'est pas trivial
          with
          [
              _CharType=char
          ]
  c:\program files (x86)\microsoft visual studio\2017\community\vc\tools\msvc\14.16.27023\atlmfc\include\cstringt.h(1026): note: voir la déclaration de 'ATL::CStringT<char,StrTraitMFC_DLL<char,ATL::ChTraitsCRT<_CharType>>>::CStringT'
          with
          [
              _CharType=char
          ]
  c:\users\kmartin\desktop\origincpy\sources\busmaster\utility\msginterpretation.cpp(597): note: le constructeur et le destructeur ne sont pas appelés ; une copie de la classe au niveau du bit est passée en tant qu'argument
  c:\program files (x86)\microsoft visual studio\2017\community\vc\tools\msvc\14.16.27023\atlmfc\include\afxstr.h(87): note: voir la déclaration de 'ATL::CStringT<char,StrTraitMFC_DLL<char,ATL::ChTraitsCRT<_CharType>>>'
          with
          [
              _CharType=char
          ]
  MultiLanguageSupport.cpp
  NumEdit.cpp
  NumSpinCtrl.cpp
c:\users\kmartin\desktop\origincpy\sources\kernel\protocoldefinitions\protocolsdefinitions.h(23): warning C4091: 'typedef ' : ignoré à gauche de 'eBUSEVENT' quand aucune variable n'est déclarée
  OffScreenDC.cpp
  Génération de code en cours...
  Compilation en cours...
  ReadFile.cpp
c:\users\kmartin\desktop\origincpy\sources\busmaster\utility\readfile.cpp(8): warning C4307: '*' : dépassement de constante intégrale
c:\users\kmartin\desktop\origincpy\sources\busmaster\utility\readfile.cpp(8): warning C4245: '=' : conversion de 'int' en 'unsigned long', incompatibilité signed/unsigned
c:\users\kmartin\desktop\origincpy\sources\busmaster\utility\readfile.cpp(166): warning C4245: 'initialisation' : conversion de 'int' en 'size_t', incompatibilité signed/unsigned
c:\users\kmartin\desktop\origincpy\sources\busmaster\utility\readfile.cpp(177): warning C4245: '=' : conversion de 'int' en 'size_t', incompatibilité signed/unsigned
c:\users\kmartin\desktop\origincpy\sources\busmaster\utility\readfile.cpp(218): warning C4244: '=' : conversion de 'double' en 'int', perte possible de données
  SignalDetailsDlg.cpp
  SignalMatrix.cpp
  SortData.cpp
  TimeManager.cpp
c:\users\kmartin\desktop\origincpy\sources\kernel\protocoldefinitions\protocolsdefinitions.h(23): warning C4091: 'typedef ' : ignoré à gauche de 'eBUSEVENT' quand aucune variable n'est déclarée
c:\users\kmartin\desktop\origincpy\sources\busmaster\include\basedefs.h(51): warning C4091: 'typedef ' : ignoré à gauche de 'eBUSEVEHANDLER' quand aucune variable n'est déclarée
c:\users\kmartin\desktop\origincpy\sources\busmaster\application\hashdefines.h(138): warning C4091: 'typedef ' : ignoré à gauche de 'eREPLAYMODE' quand aucune variable n'est déclarée
c:\users\kmartin\desktop\origincpy\sources\busmaster\application\hashdefines.h(982): warning C4091: 'typedef ' : ignoré à gauche de 'eCONFIGDETAILS' quand aucune variable n'est déclarée
  UtilFunctions.cpp
c:\users\kmartin\desktop\origincpy\sources\busmaster\utility\utilfunctions.cpp(103): warning C4456: la déclaration de 'pchFilePath' masque la déclaration locale précédente
  c:\users\kmartin\desktop\origincpy\sources\busmaster\utility\utilfunctions.cpp(91): note: voir la déclaration de 'pchFilePath'
c:\users\kmartin\desktop\origincpy\sources\busmaster\utility\utilfunctions.cpp(366): warning C4244: '=' : conversion de 'long' en 'UCHAR', perte possible de données
c:\users\kmartin\desktop\origincpy\sources\busmaster\utility\utilfunctions.cpp(367): warning C4244: '=' : conversion de 'long' en 'UCHAR', perte possible de données
  Utility.cpp
c:\users\kmartin\desktop\origincpy\sources\kernel\protocoldefinitions\protocolsdefinitions.h(23): warning C4091: 'typedef ' : ignoré à gauche de 'eBUSEVENT' quand aucune variable n'est déclarée
c:\users\kmartin\desktop\origincpy\sources\busmaster\utility\utility.cpp(803): warning C4244: 'initialisation' : conversion de 'int' en 'short', perte possible de données
c:\users\kmartin\desktop\origincpy\sources\busmaster\utility\utility.cpp(841): warning C4244: 'initialisation' : conversion de 'double' en 'UINT64', perte possible de données
c:\users\kmartin\desktop\origincpy\sources\busmaster\utility\utility.cpp(828): warning C4100: 'dataLength' : paramètre formel non référencé
  Utility_Structs.cpp
  Utility_Thread.cpp
  WaitIndicator.cpp
  Génération de code en cours...
  RadixEdit.cpp
C:\Program Files (x86)\Microsoft Visual Studio\2017\Community\Common7\IDE\VC\VCTargets\Microsoft.CppBuild.targets(1397,5): warning MSB8012: TargetPath(C:\Users\kmartin\Desktop\origincpy\Sources\BUSMASTER\Utility\Release\Utils.lib) ne correspond pas à la valeur de la propriété OutputFile (C:\Users\kmartin\Desktop\origincpy\Sources\BUSMASTER\BIN\Libs\Release\Utils.lib) de Library. Cela peut entraîner une génération incorrecte de votre projet. Pour corriger ce problème, vérifiez que les valeurs des propriétés $(OutDir), $(TargetName) et $(TargetExt) correspondent à la valeur spécifiée dans %(Lib.OutputFile).
LINK : warning LNK4068: /MACHINE non spÚcifiÚá; X86 pris par dÚfaut
  Utils.vcxproj -> C:\Users\kmartin\Desktop\origincpy\Sources\BUSMASTER\Utility\Release\Utils.lib
