c:\users\kmartin\desktop\origincpy\sources\busmaster\bin\dumpfiles\release\obj\lin_etas_boa\lin_etas_boa_stdafx.obj
c:\users\kmartin\desktop\origincpy\sources\busmaster\bin\dumpfiles\release\obj\lin_etas_boa\lin_etas_boa.obj
c:\users\kmartin\desktop\origincpy\sources\busmaster\bin\dumpfiles\release\obj\lin_etas_boa\hardwarelisting.obj
c:\users\kmartin\desktop\origincpy\sources\busmaster\bin\dumpfiles\release\obj\lin_etas_boa\commandil_lin.obj
c:\users\kmartin\desktop\origincpy\sources\busmaster\bin\release\lin_etas_boa.dll
c:\users\kmartin\desktop\origincpy\sources\busmaster\bin\dumpfiles\release\pdb\lin_etas_boa.pdb
c:\users\kmartin\desktop\origincpy\sources\busmaster\bin\libs\release\can_vector_xl.lib
c:\users\kmartin\desktop\origincpy\sources\busmaster\bin\libs\release\can_vector_xl.exp
c:\users\kmartin\desktop\origincpy\sources\busmaster\lin_etas_boa\release\lin_etas_boa.res
c:\users\kmartin\desktop\origincpy\sources\busmaster\lin_etas_boa\release\lin_etas_boa.tlog\cl.command.1.tlog
c:\users\kmartin\desktop\origincpy\sources\busmaster\lin_etas_boa\release\lin_etas_boa.tlog\cl.read.1.tlog
c:\users\kmartin\desktop\origincpy\sources\busmaster\lin_etas_boa\release\lin_etas_boa.tlog\cl.write.1.tlog
c:\users\kmartin\desktop\origincpy\sources\busmaster\lin_etas_boa\release\lin_etas_boa.tlog\link.command.1.tlog
c:\users\kmartin\desktop\origincpy\sources\busmaster\lin_etas_boa\release\lin_etas_boa.tlog\link.delete.1.tlog
c:\users\kmartin\desktop\origincpy\sources\busmaster\lin_etas_boa\release\lin_etas_boa.tlog\link.read.1.tlog
c:\users\kmartin\desktop\origincpy\sources\busmaster\lin_etas_boa\release\lin_etas_boa.tlog\link.write.1.tlog
c:\users\kmartin\desktop\origincpy\sources\busmaster\lin_etas_boa\release\lin_etas_boa.tlog\lin_etas_boa.write.1u.tlog
c:\users\kmartin\desktop\origincpy\sources\busmaster\lin_etas_boa\release\lin_etas_boa.tlog\rc.command.1.tlog
c:\users\kmartin\desktop\origincpy\sources\busmaster\lin_etas_boa\release\lin_etas_boa.tlog\rc.read.1.tlog
c:\users\kmartin\desktop\origincpy\sources\busmaster\lin_etas_boa\release\lin_etas_boa.tlog\rc.write.1.tlog
