  TxMsgChildFrame.cpp
c:\users\kmartin\desktop\origincpy\sources\busmaster\txwindow\hashdefines.h(36): warning C4005: 'defNO_OF_CHANNELS' : macro redefinition
          c:\users\kmartin\desktop\origincpy\sources\kernel\busmasterdriverinterface\include\DeviceListInfo.h(40) : see previous definition of 'defNO_OF_CHANNELS'
C:\Users\kmartin\Desktop\origincpy\Sources\BUSMASTER\Utility/Utility_Structs.h(42): warning C4005: 'defFLC_CREATE_FAILED' : macro redefinition
          c:\users\kmartin\desktop\origincpy\sources\busmaster\txwindow\hashdefines.h(43) : see previous definition of 'defFLC_CREATE_FAILED'
C:\Users\kmartin\Desktop\origincpy\Sources\BUSMASTER\Utility/Utility_Structs.h(43): warning C4005: 'defCOMBO_ITEM' : macro redefinition
          c:\users\kmartin\desktop\origincpy\sources\busmaster\txwindow\hashdefines.h(44) : see previous definition of 'defCOMBO_ITEM'
C:\Users\kmartin\Desktop\origincpy\Sources\BUSMASTER\Utility/Utility_Structs.h(44): warning C4005: 'defCOMBO_LIST' : macro redefinition
          c:\users\kmartin\desktop\origincpy\sources\busmaster\txwindow\hashdefines.h(45) : see previous definition of 'defCOMBO_LIST'
C:\Users\kmartin\Desktop\origincpy\Sources\BUSMASTER\Utility/Utility_Structs.h(45): warning C4005: 'defEDIT_ITEM' : macro redefinition
          c:\users\kmartin\desktop\origincpy\sources\busmaster\txwindow\hashdefines.h(46) : see previous definition of 'defEDIT_ITEM'
C:\Users\kmartin\Desktop\origincpy\Sources\BUSMASTER\Utility/Utility_Structs.h(46): warning C4005: 'defNUM_ITEM' : macro redefinition
          c:\users\kmartin\desktop\origincpy\sources\busmaster\txwindow\hashdefines.h(47) : see previous definition of 'defNUM_ITEM'
  Tx_MDIChildBase.cpp
c:\users\kmartin\desktop\origincpy\sources\kernel\busmasterdriverinterface\include\DeviceListInfo.h(40): warning C4005: 'defNO_OF_CHANNELS' : macro redefinition
          c:\users\kmartin\desktop\origincpy\sources\busmaster\txwindow\hashdefines.h(36) : see previous definition of 'defNO_OF_CHANNELS'
C:\Users\kmartin\Desktop\origincpy\Sources\BUSMASTER\Utility/Utility_Structs.h(42): warning C4005: 'defFLC_CREATE_FAILED' : macro redefinition
          c:\users\kmartin\desktop\origincpy\sources\busmaster\txwindow\hashdefines.h(43) : see previous definition of 'defFLC_CREATE_FAILED'
C:\Users\kmartin\Desktop\origincpy\Sources\BUSMASTER\Utility/Utility_Structs.h(43): warning C4005: 'defCOMBO_ITEM' : macro redefinition
          c:\users\kmartin\desktop\origincpy\sources\busmaster\txwindow\hashdefines.h(44) : see previous definition of 'defCOMBO_ITEM'
C:\Users\kmartin\Desktop\origincpy\Sources\BUSMASTER\Utility/Utility_Structs.h(44): warning C4005: 'defCOMBO_LIST' : macro redefinition
          c:\users\kmartin\desktop\origincpy\sources\busmaster\txwindow\hashdefines.h(45) : see previous definition of 'defCOMBO_LIST'
C:\Users\kmartin\Desktop\origincpy\Sources\BUSMASTER\Utility/Utility_Structs.h(45): warning C4005: 'defEDIT_ITEM' : macro redefinition
          c:\users\kmartin\desktop\origincpy\sources\busmaster\txwindow\hashdefines.h(46) : see previous definition of 'defEDIT_ITEM'
C:\Users\kmartin\Desktop\origincpy\Sources\BUSMASTER\Utility/Utility_Structs.h(46): warning C4005: 'defNUM_ITEM' : macro redefinition
          c:\users\kmartin\desktop\origincpy\sources\busmaster\txwindow\hashdefines.h(47) : see previous definition of 'defNUM_ITEM'
  TXWindow_Extern.cpp
c:\users\kmartin\desktop\origincpy\sources\busmaster\txwindow\hashdefines.h(36): warning C4005: 'defNO_OF_CHANNELS' : macro redefinition
          c:\users\kmartin\desktop\origincpy\sources\kernel\busmasterdriverinterface\include\DeviceListInfo.h(40) : see previous definition of 'defNO_OF_CHANNELS'
C:\Users\kmartin\Desktop\origincpy\Sources\BUSMASTER\Utility/Utility_Structs.h(42): warning C4005: 'defFLC_CREATE_FAILED' : macro redefinition
          c:\users\kmartin\desktop\origincpy\sources\busmaster\txwindow\hashdefines.h(43) : see previous definition of 'defFLC_CREATE_FAILED'
C:\Users\kmartin\Desktop\origincpy\Sources\BUSMASTER\Utility/Utility_Structs.h(43): warning C4005: 'defCOMBO_ITEM' : macro redefinition
          c:\users\kmartin\desktop\origincpy\sources\busmaster\txwindow\hashdefines.h(44) : see previous definition of 'defCOMBO_ITEM'
C:\Users\kmartin\Desktop\origincpy\Sources\BUSMASTER\Utility/Utility_Structs.h(44): warning C4005: 'defCOMBO_LIST' : macro redefinition
          c:\users\kmartin\desktop\origincpy\sources\busmaster\txwindow\hashdefines.h(45) : see previous definition of 'defCOMBO_LIST'
C:\Users\kmartin\Desktop\origincpy\Sources\BUSMASTER\Utility/Utility_Structs.h(45): warning C4005: 'defEDIT_ITEM' : macro redefinition
          c:\users\kmartin\desktop\origincpy\sources\busmaster\txwindow\hashdefines.h(46) : see previous definition of 'defEDIT_ITEM'
C:\Users\kmartin\Desktop\origincpy\Sources\BUSMASTER\Utility/Utility_Structs.h(46): warning C4005: 'defNUM_ITEM' : macro redefinition
          c:\users\kmartin\desktop\origincpy\sources\busmaster\txwindow\hashdefines.h(47) : see previous definition of 'defNUM_ITEM'
  TxDataStore.cpp
  stdafx.cpp
  ScheduleTableCfgDlg.cpp
c:\users\kmartin\desktop\origincpy\sources\kernel\busmasterdriverinterface\include\DeviceListInfo.h(40): warning C4005: 'defNO_OF_CHANNELS' : macro redefinition
          c:\users\kmartin\desktop\origincpy\sources\busmaster\txwindow\HashDefines.h(36) : see previous definition of 'defNO_OF_CHANNELS'
ScheduleTableCfgDlg.cpp(116): warning C4244: '=' : conversion from 'double' to 'int', possible loss of data
ScheduleTableCfgDlg.cpp(121): warning C4244: '=' : conversion from 'double' to 'int', possible loss of data
ScheduleTableCfgDlg.cpp(126): warning C4244: '=' : conversion from 'double' to 'int', possible loss of data
ScheduleTableCfgDlg.cpp(131): warning C4244: '=' : conversion from 'double' to 'int', possible loss of data
  LINTxMsgItem.cpp
  LINTxFormView.cpp
c:\users\kmartin\desktop\origincpy\sources\busmaster\txwindow\HashDefines.h(36): warning C4005: 'defNO_OF_CHANNELS' : macro redefinition
          c:\users\kmartin\desktop\origincpy\sources\kernel\busmasterdriverinterface\include\DeviceListInfo.h(40) : see previous definition of 'defNO_OF_CHANNELS'
C:\Users\kmartin\Desktop\origincpy\Sources\BUSMASTER\Utility/Utility_Structs.h(42): warning C4005: 'defFLC_CREATE_FAILED' : macro redefinition
          c:\users\kmartin\desktop\origincpy\sources\busmaster\txwindow\HashDefines.h(43) : see previous definition of 'defFLC_CREATE_FAILED'
C:\Users\kmartin\Desktop\origincpy\Sources\BUSMASTER\Utility/Utility_Structs.h(43): warning C4005: 'defCOMBO_ITEM' : macro redefinition
          c:\users\kmartin\desktop\origincpy\sources\busmaster\txwindow\HashDefines.h(44) : see previous definition of 'defCOMBO_ITEM'
C:\Users\kmartin\Desktop\origincpy\Sources\BUSMASTER\Utility/Utility_Structs.h(44): warning C4005: 'defCOMBO_LIST' : macro redefinition
          c:\users\kmartin\desktop\origincpy\sources\busmaster\txwindow\HashDefines.h(45) : see previous definition of 'defCOMBO_LIST'
C:\Users\kmartin\Desktop\origincpy\Sources\BUSMASTER\Utility/Utility_Structs.h(45): warning C4005: 'defEDIT_ITEM' : macro redefinition
          c:\users\kmartin\desktop\origincpy\sources\busmaster\txwindow\HashDefines.h(46) : see previous definition of 'defEDIT_ITEM'
C:\Users\kmartin\Desktop\origincpy\Sources\BUSMASTER\Utility/Utility_Structs.h(46): warning C4005: 'defNUM_ITEM' : macro redefinition
          c:\users\kmartin\desktop\origincpy\sources\busmaster\txwindow\HashDefines.h(47) : see previous definition of 'defNUM_ITEM'
  LINTransmitter.cpp
  LINScheduleDataStore.cpp
c:\users\kmartin\desktop\origincpy\sources\busmaster\txwindow\HashDefines.h(36): warning C4005: 'defNO_OF_CHANNELS' : macro redefinition
          c:\users\kmartin\desktop\origincpy\sources\kernel\busmasterdriverinterface\include\DeviceListInfo.h(40) : see previous definition of 'defNO_OF_CHANNELS'
  ITxFormView.cpp
c:\users\kmartin\desktop\origincpy\sources\busmaster\txwindow\hashdefines.h(36): warning C4005: 'defNO_OF_CHANNELS' : macro redefinition
          c:\users\kmartin\desktop\origincpy\sources\kernel\busmasterdriverinterface\include\DeviceListInfo.h(40) : see previous definition of 'defNO_OF_CHANNELS'
c:\users\kmartin\desktop\origincpy\sources\busmaster\txwindow\hashdefines.h(43): warning C4005: 'defFLC_CREATE_FAILED' : macro redefinition
          C:\Users\kmartin\Desktop\origincpy\Sources\BUSMASTER\Utility/Utility_Structs.h(42) : see previous definition of 'defFLC_CREATE_FAILED'
c:\users\kmartin\desktop\origincpy\sources\busmaster\txwindow\hashdefines.h(44): warning C4005: 'defCOMBO_ITEM' : macro redefinition
          C:\Users\kmartin\Desktop\origincpy\Sources\BUSMASTER\Utility/Utility_Structs.h(43) : see previous definition of 'defCOMBO_ITEM'
c:\users\kmartin\desktop\origincpy\sources\busmaster\txwindow\hashdefines.h(45): warning C4005: 'defCOMBO_LIST' : macro redefinition
          C:\Users\kmartin\Desktop\origincpy\Sources\BUSMASTER\Utility/Utility_Structs.h(44) : see previous definition of 'defCOMBO_LIST'
c:\users\kmartin\desktop\origincpy\sources\busmaster\txwindow\hashdefines.h(46): warning C4005: 'defEDIT_ITEM' : macro redefinition
          C:\Users\kmartin\Desktop\origincpy\Sources\BUSMASTER\Utility/Utility_Structs.h(45) : see previous definition of 'defEDIT_ITEM'
c:\users\kmartin\desktop\origincpy\sources\busmaster\txwindow\hashdefines.h(47): warning C4005: 'defNUM_ITEM' : macro redefinition
          C:\Users\kmartin\Desktop\origincpy\Sources\BUSMASTER\Utility/Utility_Structs.h(46) : see previous definition of 'defNUM_ITEM'
ITxFormView.cpp(654): warning C4018: '<' : signed/unsigned mismatch
ITxFormView.cpp(1015): warning C4244: '=' : conversion from 'unsigned long' to 'unsigned char', possible loss of data
ITxFormView.cpp(1019): warning C4244: '=' : conversion from 'unsigned long' to 'unsigned char', possible loss of data
ITxFormView.cpp(1135): warning C4244: 'initializing' : conversion from 'double' to 'UINT64', possible loss of data
ITxFormView.cpp(1485): warning C4390: ';' : empty controlled statement found; is this the intent?
  CCheckColumnTreeCtrl.cpp
  CANTxMsgItem.cpp
  CANTxFormView.cpp
c:\users\kmartin\desktop\origincpy\sources\busmaster\txwindow\HashDefines.h(36): warning C4005: 'defNO_OF_CHANNELS' : macro redefinition
          c:\users\kmartin\desktop\origincpy\sources\kernel\busmasterdriverinterface\include\DeviceListInfo.h(40) : see previous definition of 'defNO_OF_CHANNELS'
C:\Users\kmartin\Desktop\origincpy\Sources\BUSMASTER\Utility/Utility_Structs.h(42): warning C4005: 'defFLC_CREATE_FAILED' : macro redefinition
          c:\users\kmartin\desktop\origincpy\sources\busmaster\txwindow\HashDefines.h(43) : see previous definition of 'defFLC_CREATE_FAILED'
C:\Users\kmartin\Desktop\origincpy\Sources\BUSMASTER\Utility/Utility_Structs.h(43): warning C4005: 'defCOMBO_ITEM' : macro redefinition
          c:\users\kmartin\desktop\origincpy\sources\busmaster\txwindow\HashDefines.h(44) : see previous definition of 'defCOMBO_ITEM'
C:\Users\kmartin\Desktop\origincpy\Sources\BUSMASTER\Utility/Utility_Structs.h(44): warning C4005: 'defCOMBO_LIST' : macro redefinition
          c:\users\kmartin\desktop\origincpy\sources\busmaster\txwindow\HashDefines.h(45) : see previous definition of 'defCOMBO_LIST'
C:\Users\kmartin\Desktop\origincpy\Sources\BUSMASTER\Utility/Utility_Structs.h(45): warning C4005: 'defEDIT_ITEM' : macro redefinition
          c:\users\kmartin\desktop\origincpy\sources\busmaster\txwindow\HashDefines.h(46) : see previous definition of 'defEDIT_ITEM'
C:\Users\kmartin\Desktop\origincpy\Sources\BUSMASTER\Utility/Utility_Structs.h(46): warning C4005: 'defNUM_ITEM' : macro redefinition
          c:\users\kmartin\desktop\origincpy\sources\busmaster\txwindow\HashDefines.h(47) : see previous definition of 'defNUM_ITEM'
CANTxFormView.cpp(332): warning C4018: '<' : signed/unsigned mismatch
  CANTransmitter.cpp
  Generating Code...
c:\users\kmartin\desktop\origincpy\sources\busmaster\txwindow\cantxmsgitem.cpp(364): warning C4715: 'CCANTxMsgItem::GetSignalList' : not all control paths return a value
c:\users\kmartin\desktop\origincpy\sources\busmaster\txwindow\lintxmsgitem.cpp(296): warning C4715: 'CLINTxMsgItem::GetSignalList' : not all control paths return a value
C:\Program Files (x86)\MSBuild\Microsoft.Cpp\v4.0\V120\Microsoft.CppBuild.targets(1193,5): warning MSB8012: TargetPath(C:\Users\kmartin\Desktop\origincpy\Sources\BUSMASTER\TXWindow\Debug\TXWindow.dll) does not match the Linker's OutputFile property value (C:\Users\kmartin\Desktop\origincpy\Sources\BUSMASTER\BIN\Debug\TXWindow.dll). This may cause your project to build incorrectly. To correct this, please make sure that $(OutDir), $(TargetName) and $(TargetExt) property values match the value specified in %(Link.OutputFile).
LINK : fatal error LNK1104: cannot open file '..\..\Kernel\bin\Debug\Utilities.lib'
