c:\users\kmartin\desktop\busmaster\sources\kernel\busmasterdriverinterface\release\busmasterdriverinterface.lib
c:\users\kmartin\desktop\busmaster\sources\kernel\busmasterdriverinterface\release\busmasterdriverinterface.exp
c:\users\kmartin\desktop\busmaster\sources\kernel\busmasterdriverinterface\release\busmasterdriverinterface.ipdb
c:\users\kmartin\desktop\busmaster\sources\kernel\busmasterdriverinterface\release\busmasterdriverinterface.iobj
c:\users\kmartin\desktop\busmaster\sources\kernel\busmasterdriverinterface\release\busmasterdriverinterface.pch
c:\users\kmartin\desktop\busmaster\sources\kernel\busmasterdriverinterface\release\vc141.pdb
c:\users\kmartin\desktop\busmaster\sources\kernel\busmasterdriverinterface\release\stdafx.obj
c:\users\kmartin\desktop\busmaster\sources\kernel\busmasterdriverinterface\release\dil_lin.obj
c:\users\kmartin\desktop\busmaster\sources\kernel\busmasterdriverinterface\release\dil_can.obj
c:\users\kmartin\desktop\busmaster\sources\kernel\busmasterdriverinterface\release\dill_dummy.obj
c:\users\kmartin\desktop\busmaster\sources\kernel\busmasterdriverinterface\release\dili_j1939.obj
c:\users\kmartin\desktop\busmaster\sources\kernel\busmasterdriverinterface\release\dilc_dummy.obj
c:\users\kmartin\desktop\busmaster\sources\kernel\busmasterdriverinterface\release\busmasterdriverinterface.obj
c:\users\kmartin\desktop\busmaster\sources\kernel\busmasterdriverinterface\release\dllmain.obj
c:\users\kmartin\desktop\busmaster\sources\kernel\busmasterdriverinterface\release\busmasterdriverinterface.dll
c:\users\kmartin\desktop\busmaster\sources\kernel\busmasterdriverinterface\release\busmasterdriverinterface.pdb
c:\users\kmartin\desktop\busmaster\sources\kernel\busmasterdriverinterface\release\busmaste.0aa85cd7.tlog\busmasterdriverinterface.write.1u.tlog
c:\users\kmartin\desktop\busmaster\sources\kernel\busmasterdriverinterface\release\busmaste.0aa85cd7.tlog\cl.command.1.tlog
c:\users\kmartin\desktop\busmaster\sources\kernel\busmasterdriverinterface\release\busmaste.0aa85cd7.tlog\cl.read.1.tlog
c:\users\kmartin\desktop\busmaster\sources\kernel\busmasterdriverinterface\release\busmaste.0aa85cd7.tlog\cl.write.1.tlog
c:\users\kmartin\desktop\busmaster\sources\kernel\busmasterdriverinterface\release\busmaste.0aa85cd7.tlog\link.command.1.tlog
c:\users\kmartin\desktop\busmaster\sources\kernel\busmasterdriverinterface\release\busmaste.0aa85cd7.tlog\link.read.1.tlog
c:\users\kmartin\desktop\busmaster\sources\kernel\busmasterdriverinterface\release\busmaste.0aa85cd7.tlog\link.write.1.tlog
