c:\users\kmartin\desktop\busmaster\sources\busmaster\datatypes\release\datatypes.pdb
c:\users\kmartin\desktop\busmaster\sources\busmaster\bin\dumpfiles\release\obj\datatypes\j1939nscodegenhelper.obj
c:\users\kmartin\desktop\busmaster\sources\busmaster\bin\dumpfiles\release\obj\datatypes\uds_datatypes.obj
c:\users\kmartin\desktop\busmaster\sources\busmaster\bin\dumpfiles\release\obj\datatypes\projconfig_datatypes.obj
c:\users\kmartin\desktop\busmaster\sources\busmaster\bin\dumpfiles\release\obj\datatypes\nodesimcodegenerator.obj
c:\users\kmartin\desktop\busmaster\sources\busmaster\bin\dumpfiles\release\obj\datatypes\nscodegenhelperfactory.obj
c:\users\kmartin\desktop\busmaster\sources\busmaster\bin\dumpfiles\release\obj\datatypes\msgsignal_datatypes.obj
c:\users\kmartin\desktop\busmaster\sources\busmaster\bin\dumpfiles\release\obj\datatypes\mainsubentry.obj
c:\users\kmartin\desktop\busmaster\sources\busmaster\bin\dumpfiles\release\obj\datatypes\log_datatypes.obj
c:\users\kmartin\desktop\busmaster\sources\busmaster\bin\dumpfiles\release\obj\datatypes\linnscodegenhelper.obj
c:\users\kmartin\desktop\busmaster\sources\busmaster\bin\dumpfiles\release\obj\datatypes\j1939_datatypes.obj
c:\users\kmartin\desktop\busmaster\sources\busmaster\bin\dumpfiles\release\obj\datatypes\filter_datatypes.obj
c:\users\kmartin\desktop\busmaster\sources\busmaster\bin\dumpfiles\release\obj\datatypes\cannscodegenhelper.obj
c:\users\kmartin\desktop\busmaster\sources\busmaster\bin\libs\release\datatypes.lib
c:\users\kmartin\desktop\busmaster\sources\busmaster\datatypes\release\datatypes.tlog\cl.command.1.tlog
c:\users\kmartin\desktop\busmaster\sources\busmaster\datatypes\release\datatypes.tlog\cl.read.1.tlog
c:\users\kmartin\desktop\busmaster\sources\busmaster\datatypes\release\datatypes.tlog\cl.write.1.tlog
c:\users\kmartin\desktop\busmaster\sources\busmaster\datatypes\release\datatypes.tlog\lib-link.read.1.tlog
c:\users\kmartin\desktop\busmaster\sources\busmaster\datatypes\release\datatypes.tlog\lib-link.write.1.tlog
c:\users\kmartin\desktop\busmaster\sources\busmaster\datatypes\release\datatypes.tlog\lib.command.1.tlog
