c:\users\kmartin\desktop\origincpy\sources\busmaster\bin\dumpfiles\release\obj\lin_isolar_eve_vlin\hardwarelisting.obj
c:\users\kmartin\desktop\origincpy\sources\busmaster\bin\dumpfiles\release\obj\lin_isolar_eve_vlin\socketudp.obj
c:\users\kmartin\desktop\origincpy\sources\busmaster\bin\dumpfiles\release\obj\lin_isolar_eve_vlin\lin_isolar_eve_vlin_stdafx.obj
c:\users\kmartin\desktop\origincpy\sources\busmaster\bin\dumpfiles\release\obj\lin_isolar_eve_vlin\lin_isolar_eve_vlin.obj
c:\users\kmartin\desktop\origincpy\sources\busmaster\bin\dumpfiles\release\obj\lin_isolar_eve_vlin\eve_lin_controller.obj
c:\users\kmartin\desktop\origincpy\sources\busmaster\bin\release\lin_isolar_eve_vlin.dll
c:\users\kmartin\desktop\origincpy\sources\busmaster\bin\dumpfiles\release\pdb\lin_isolar_eve_vlin.pdb
c:\users\kmartin\desktop\origincpy\sources\busmaster\lin_isolar_eve_vlin\release\lin_isolar_eve_vlin.lib
c:\users\kmartin\desktop\origincpy\sources\busmaster\lin_isolar_eve_vlin\release\lin_isolar_eve_vlin.exp
c:\users\kmartin\desktop\origincpy\sources\busmaster\lin_isolar_eve_vlin\release\lin_isolar_eve_vlin.res
c:\users\kmartin\desktop\origincpy\sources\busmaster\lin_isolar_eve_vlin\release\lin_isol.11fe9cc2.tlog\cl.command.1.tlog
c:\users\kmartin\desktop\origincpy\sources\busmaster\lin_isolar_eve_vlin\release\lin_isol.11fe9cc2.tlog\cl.read.1.tlog
c:\users\kmartin\desktop\origincpy\sources\busmaster\lin_isolar_eve_vlin\release\lin_isol.11fe9cc2.tlog\cl.write.1.tlog
c:\users\kmartin\desktop\origincpy\sources\busmaster\lin_isolar_eve_vlin\release\lin_isol.11fe9cc2.tlog\link.command.1.tlog
c:\users\kmartin\desktop\origincpy\sources\busmaster\lin_isolar_eve_vlin\release\lin_isol.11fe9cc2.tlog\link.read.1.tlog
c:\users\kmartin\desktop\origincpy\sources\busmaster\lin_isolar_eve_vlin\release\lin_isol.11fe9cc2.tlog\link.write.1.tlog
c:\users\kmartin\desktop\origincpy\sources\busmaster\lin_isolar_eve_vlin\release\lin_isol.11fe9cc2.tlog\lin_isolar_eve_vlin.write.1u.tlog
c:\users\kmartin\desktop\origincpy\sources\busmaster\lin_isolar_eve_vlin\release\lin_isol.11fe9cc2.tlog\rc.command.1.tlog
c:\users\kmartin\desktop\origincpy\sources\busmaster\lin_isolar_eve_vlin\release\lin_isol.11fe9cc2.tlog\rc.read.1.tlog
c:\users\kmartin\desktop\origincpy\sources\busmaster\lin_isolar_eve_vlin\release\lin_isol.11fe9cc2.tlog\rc.write.1.tlog
