  HardwareListing.cpp
c:\users\kmartin\desktop\origincpy\sources\kernel\protocoldefinitions\protocolsdefinitions.h(23): warning C4091: 'typedef ' : ignoré à gauche de 'eBUSEVENT' quand aucune variable n'est déclarée
c:\users\kmartin\desktop\origincpy\sources\busmaster\dil_interface\hardwarelisting.cpp(538): warning C4018: '<' : incompatibilité signed/unsigned
  EVE_LIN_Controller.cpp
  LIN_ISOLAR_EVE_VLIN.cpp
c:\users\kmartin\desktop\origincpy\sources\busmaster\lin_isolar_eve_vlin\lin_isolar_eve_vlin_defines.h(120): warning C4005: 'TRACE' : redéfinition de macro
  c:\program files (x86)\microsoft visual studio\2017\community\vc\tools\msvc\14.16.27023\atlmfc\include\afx.h(358): note: voir la définition précédente de 'TRACE'
c:\users\kmartin\desktop\origincpy\sources\kernel\protocoldefinitions\protocolsdefinitions.h(23): warning C4091: 'typedef ' : ignoré à gauche de 'eBUSEVENT' quand aucune variable n'est déclarée
c:\users\kmartin\desktop\origincpy\sources\kernel\protocoldefinitions\ccompumethod.h(27): warning C4091: 'typedef ' : ignoré à gauche de 'eCompuType' quand aucune variable n'est déclarée
c:\users\kmartin\desktop\origincpy\sources\busmaster\lin_isolar_eve_vlin\lin_isolar_eve_vlin.cpp(250): warning C4018: '>=' : incompatibilité signed/unsigned
  LIN_ISOLAR_EVE_VLIN_stdafx.cpp
  SocketUDP.cpp
c:\users\kmartin\desktop\origincpy\sources\busmaster\lin_isolar_eve_vlin\socketudp.cpp(121): warning C4996: 'inet_addr': Use inet_pton() or InetPton() instead or define _WINSOCK_DEPRECATED_NO_WARNINGS to disable deprecated API warnings
  c:\program files (x86)\windows kits\8.1\include\um\winsock2.h(1850): note: voir la déclaration de 'inet_addr'
c:\users\kmartin\desktop\origincpy\sources\busmaster\lin_isolar_eve_vlin\socketudp.cpp(126): warning C4996: 'inet_addr': Use inet_pton() or InetPton() instead or define _WINSOCK_DEPRECATED_NO_WARNINGS to disable deprecated API warnings
  c:\program files (x86)\windows kits\8.1\include\um\winsock2.h(1850): note: voir la déclaration de 'inet_addr'
c:\users\kmartin\desktop\origincpy\sources\busmaster\lin_isolar_eve_vlin\socketudp.cpp(160): warning C4996: 'inet_addr': Use inet_pton() or InetPton() instead or define _WINSOCK_DEPRECATED_NO_WARNINGS to disable deprecated API warnings
  c:\program files (x86)\windows kits\8.1\include\um\winsock2.h(1850): note: voir la déclaration de 'inet_addr'
c:\users\kmartin\desktop\origincpy\sources\busmaster\lin_isolar_eve_vlin\socketudp.cpp(165): warning C4996: 'inet_addr': Use inet_pton() or InetPton() instead or define _WINSOCK_DEPRECATED_NO_WARNINGS to disable deprecated API warnings
  c:\program files (x86)\windows kits\8.1\include\um\winsock2.h(1850): note: voir la déclaration de 'inet_addr'
c:\users\kmartin\desktop\origincpy\sources\busmaster\lin_isolar_eve_vlin\socketudp.cpp(199): warning C4996: 'inet_addr': Use inet_pton() or InetPton() instead or define _WINSOCK_DEPRECATED_NO_WARNINGS to disable deprecated API warnings
  c:\program files (x86)\windows kits\8.1\include\um\winsock2.h(1850): note: voir la déclaration de 'inet_addr'
c:\users\kmartin\desktop\origincpy\sources\busmaster\lin_isolar_eve_vlin\socketudp.cpp(204): warning C4996: 'inet_addr': Use inet_pton() or InetPton() instead or define _WINSOCK_DEPRECATED_NO_WARNINGS to disable deprecated API warnings
  c:\program files (x86)\windows kits\8.1\include\um\winsock2.h(1850): note: voir la déclaration de 'inet_addr'
c:\users\kmartin\desktop\origincpy\sources\busmaster\lin_isolar_eve_vlin\socketudp.cpp(293): warning C4018: '<' : incompatibilité signed/unsigned
c:\users\kmartin\desktop\origincpy\sources\busmaster\lin_isolar_eve_vlin\socketudp.cpp(362): warning C4018: '<' : incompatibilité signed/unsigned
C:\Program Files (x86)\Microsoft Visual Studio\2017\Community\Common7\IDE\VC\VCTargets\Microsoft.CppBuild.targets(1216,5): warning MSB8012: TargetPath(C:\Users\kmartin\Desktop\origincpy\Sources\BUSMASTER\LIN_ISOLAR_EVE_VLIN\Release\LIN_ISOLAR_EVE_VLIN.dll) ne correspond pas à la valeur de la propriété OutputFile (C:\Users\kmartin\Desktop\origincpy\Sources\BUSMASTER\bin\release\LIN_ISOLAR_EVE_VLIN.dll) de Linker. Cela peut entraîner une génération incorrecte de votre projet. Pour corriger ce problème, vérifiez que les valeurs des propriétés $(OutDir), $(TargetName) et $(TargetExt) correspondent à la valeur spécifiée dans %(Link.OutputFile).
     Création de la bibliothèque Release\LIN_ISOLAR_EVE_VLIN.lib et de l'objet Release\LIN_ISOLAR_EVE_VLIN.exp
  Génération de code en cours
  0 of 463 functions ( 0.0%) were compiled, the rest were copied from previous compilation.
    0 functions were new in current compilation
    0 functions had inline decision re-evaluated but remain unchanged
  Fin de la génération du code
  LIN_ISOLAR_EVE_VLIN.vcxproj -> C:\Users\kmartin\Desktop\origincpy\Sources\BUSMASTER\LIN_ISOLAR_EVE_VLIN\Release\LIN_ISOLAR_EVE_VLIN.dll
