  SigWatchDlg.cpp
  SignalWatch_LIN.cpp
  MsgSignalSelect.cpp
MsgSignalSelect.cpp(43): warning C4189: 'pNMTVItemChange' : local variable is initialized but not referenced
MsgSignalSelect.cpp(60): warning C4189: 'dStandard' : local variable is initialized but not referenced
  SignalWatchListBox.cpp
  SignalWatch_J1939.cpp
  SignalWatch_CAN.cpp
  SignalWatch.cpp
  CheckBoxTree.cpp
CheckBoxTree.cpp(41): warning C4189: 'hRoot' : local variable is initialized but not referenced
  BaseSignalWatchImp.cpp
BaseSignalWatchImp.cpp(103): warning C4389: '==' : signed/unsigned mismatch
BaseSignalWatchImp.cpp(114): warning C4389: '==' : signed/unsigned mismatch
BaseSignalWatchImp.cpp(140): warning C4189: 'nDebugSize' : local variable is initialized but not referenced
BaseSignalWatchImp.cpp(147): warning C4189: 'bIsWndwVisible' : local variable is initialized but not referenced
  MultiLanguage.cpp
c:\users\kmartin\desktop\origincpy\sources\busmaster\application\stdAfx.h(81): warning C4192: automatically excluding 'ISequentialStream' while importing type library 'msxml6.dll'
c:\users\kmartin\desktop\origincpy\sources\busmaster\application\stdAfx.h(81): warning C4192: automatically excluding '_FILETIME' while importing type library 'msxml6.dll'
..\Application\MultiLanguage.cpp(174): warning C4996: 'GetVersion': was declared deprecated
          C:\Program Files (x86)\Windows Kits\8.1\Include\um\sysinfoapi.h(110) : see declaration of 'GetVersion'
..\Application\MultiLanguage.cpp(144): warning C4189: 'nPrimaryLang' : local variable is initialized but not referenced
..\Application\MultiLanguage.cpp(146): warning C4189: 'lcid' : local variable is initialized but not referenced
..\Application\MultiLanguage.cpp(145): warning C4189: 'nSubLang' : local variable is initialized but not referenced
..\Application\MultiLanguage.cpp(328): warning C4189: 'nPrimaryLang' : local variable is initialized but not referenced
..\Application\MultiLanguage.cpp(331): warning C4189: 'nLocales' : local variable is initialized but not referenced
..\Application\MultiLanguage.cpp(330): warning C4189: 'lcid' : local variable is initialized but not referenced
..\Application\MultiLanguage.cpp(329): warning C4189: 'nSubLang' : local variable is initialized but not referenced
..\Application\MultiLanguage.cpp(388): warning C4189: 'nSubLang' : local variable is initialized but not referenced
  Generating Code...
C:\Program Files (x86)\MSBuild\Microsoft.Cpp\v4.0\V120\Microsoft.CppBuild.targets(1193,5): warning MSB8012: TargetPath(C:\Users\kmartin\Desktop\origincpy\Sources\BUSMASTER\SignalWatch\Debug\SignalWatch.dll) does not match the Linker's OutputFile property value (C:\Users\kmartin\Desktop\origincpy\Sources\BUSMASTER\bin\Debug\SignalWatch.dll). This may cause your project to build incorrectly. To correct this, please make sure that $(OutDir), $(TargetName) and $(TargetExt) property values match the value specified in %(Link.OutputFile).
LINK : fatal error LNK1104: cannot open file '..\..\Kernel\bin\Debug\Utilities.lib'
