  UtlityDlg.cpp
c:\users\kmartin\desktop\origincpy\sources\busmaster\nodesimex\HashDefines.h(404): warning C4189: 'pduFormat' : local variable is initialized but not referenced
  SimSysWnd.cpp
c:\users\kmartin\desktop\origincpy\sources\busmaster\nodesimex\HashDefines.h(404): warning C4189: 'pduFormat' : local variable is initialized but not referenced
  SimSysTreeView.cpp
c:\users\kmartin\desktop\origincpy\sources\busmaster\nodesimex\HashDefines.h(404): warning C4189: 'pduFormat' : local variable is initialized but not referenced
SimSysTreeView.cpp(277): warning C4189: 'odNodeDlg' : local variable is initialized but not referenced
SimSysTreeView.cpp(383): warning C4189: 'bCheck' : local variable is initialized but not referenced
SimSysTreeView.cpp(613): warning C4189: 'omTree' : local variable is initialized but not referenced
SimSysTreeView.cpp(933): warning C4800: 'BOOL' : forcing value to bool 'true' or 'false' (performance warning)
SimSysTreeView.cpp(987): warning C4189: 'bSuccess' : local variable is initialized but not referenced
SimSysTreeView.cpp(1207): warning C4189: 'Result' : local variable is initialized but not referenced
SimSysTreeView.cpp(1220): warning C4189: 'pListDisabled' : local variable is initialized but not referenced
  SimSysNodeInfo.cpp
c:\users\kmartin\desktop\origincpy\sources\busmaster\nodesimex\HashDefines.h(404): warning C4189: 'pduFormat' : local variable is initialized but not referenced
SimSysNodeInfo.cpp(561): warning C4553: '==' : operator has no effect; did you intend '='?
  SimSysManager.cpp
c:\users\kmartin\desktop\origincpy\sources\busmaster\nodesimex\HashDefines.h(404): warning C4189: 'pduFormat' : local variable is initialized but not referenced
SimSysManager.cpp(542): warning C4244: '=' : conversion from 'int' to 'BYTE', possible loss of data
SimSysManager.cpp(740): warning C4189: 'pSimSysNodeInf' : local variable is initialized but not referenced
SimSysManager.cpp(738): warning C4189: 'pSimSysTreeView' : local variable is initialized but not referenced
  Sim_MDIChildBase.cpp
c:\users\kmartin\desktop\origincpy\sources\busmaster\nodesimex\Hashdefines.h(404): warning C4189: 'pduFormat' : local variable is initialized but not referenced
  SetResetTimer.cpp
c:\users\kmartin\desktop\origincpy\sources\busmaster\nodesimex\HashDefines.h(404): warning C4189: 'pduFormat' : local variable is initialized but not referenced
  SelectFunctions.cpp
c:\users\kmartin\desktop\origincpy\sources\busmaster\nodesimex\HashDefines.h(404): warning C4189: 'pduFormat' : local variable is initialized but not referenced
  OutWnd.cpp
c:\users\kmartin\desktop\origincpy\sources\busmaster\nodesimex\Hashdefines.h(404): warning C4189: 'pduFormat' : local variable is initialized but not referenced
OutWnd.cpp(254): warning C4189: 'breturn' : local variable is initialized but not referenced
  NodeSimEx_stdafx.cpp
  NodeSimEx.cpp
c:\users\kmartin\desktop\origincpy\sources\busmaster\nodesimex\HashDefines.h(404): warning C4189: 'pduFormat' : local variable is initialized but not referenced
  NodeSim.cpp
c:\users\kmartin\desktop\origincpy\sources\busmaster\nodesimex\HashDefines.h(404): warning C4189: 'pduFormat' : local variable is initialized but not referenced
  NodeDetailsDlg.cpp
c:\users\kmartin\desktop\origincpy\sources\busmaster\nodesimex\HashDefines.h(404): warning C4189: 'pduFormat' : local variable is initialized but not referenced
NodeDetailsDlg.cpp(194): warning C4189: 'bDuplicateFound' : local variable is initialized but not referenced
NodeDetailsDlg.cpp(434): warning C4244: 'initializing' : conversion from 'double' to 'float', possible loss of data
NodeDetailsDlg.cpp(441): warning C4244: 'initializing' : conversion from 'double' to 'float', possible loss of data
NodeDetailsDlg.cpp(657): warning C4189: 'pSimSysNodeInf' : local variable is initialized but not referenced
NodeDetailsDlg.cpp(655): warning C4189: 'pSimSysTreeView' : local variable is initialized but not referenced
  MultiLanguage.cpp
c:\users\kmartin\desktop\origincpy\sources\busmaster\application\stdAfx.h(81): warning C4192: automatically excluding 'ISequentialStream' while importing type library 'msxml6.dll'
c:\users\kmartin\desktop\origincpy\sources\busmaster\application\stdAfx.h(81): warning C4192: automatically excluding '_FILETIME' while importing type library 'msxml6.dll'
..\Application\MultiLanguage.cpp(174): warning C4996: 'GetVersion': was declared deprecated
          C:\Program Files (x86)\Windows Kits\8.1\Include\um\sysinfoapi.h(110) : see declaration of 'GetVersion'
..\Application\MultiLanguage.cpp(144): warning C4189: 'nPrimaryLang' : local variable is initialized but not referenced
..\Application\MultiLanguage.cpp(146): warning C4189: 'lcid' : local variable is initialized but not referenced
..\Application\MultiLanguage.cpp(145): warning C4189: 'nSubLang' : local variable is initialized but not referenced
..\Application\MultiLanguage.cpp(328): warning C4189: 'nPrimaryLang' : local variable is initialized but not referenced
..\Application\MultiLanguage.cpp(331): warning C4189: 'nLocales' : local variable is initialized but not referenced
..\Application\MultiLanguage.cpp(330): warning C4189: 'lcid' : local variable is initialized but not referenced
..\Application\MultiLanguage.cpp(329): warning C4189: 'nSubLang' : local variable is initialized but not referenced
..\Application\MultiLanguage.cpp(388): warning C4189: 'nSubLang' : local variable is initialized but not referenced
  MsgHandlerDlg.cpp
c:\users\kmartin\desktop\origincpy\sources\busmaster\nodesimex\HashDefines.h(404): warning C4189: 'pduFormat' : local variable is initialized but not referenced
MsgHandlerDlg.cpp(635): warning C4189: 'unMsgIDForName' : local variable is initialized but not referenced
  KeyValue.cpp
c:\users\kmartin\desktop\origincpy\sources\busmaster\nodesimex\HashDefines.h(404): warning C4189: 'pduFormat' : local variable is initialized but not referenced
  IncludeHeaderDlg.cpp
c:\users\kmartin\desktop\origincpy\sources\busmaster\nodesimex\HashDefines.h(404): warning C4189: 'pduFormat' : local variable is initialized but not referenced
  HandlerFunc.cpp
c:\users\kmartin\desktop\origincpy\sources\busmaster\nodesimex\HashDefines.h(404): warning C4189: 'pduFormat' : local variable is initialized but not referenced
  GlobalObj.cpp
c:\users\kmartin\desktop\origincpy\sources\busmaster\nodesimex\HashDefines.h(404): warning C4189: 'pduFormat' : local variable is initialized but not referenced
  FunctionView.cpp
c:\users\kmartin\desktop\origincpy\sources\busmaster\nodesimex\HashDefines.h(404): warning C4189: 'pduFormat' : local variable is initialized but not referenced
  Generating Code...
c:\users\kmartin\desktop\origincpy\sources\busmaster\nodesimex\simsysmanager.cpp(486): warning C4702: unreachable code
c:\users\kmartin\desktop\origincpy\sources\busmaster\nodesimex\simsystreeview.cpp(266): warning C4701: potentially uninitialized local variable 'hNode' used
c:\users\kmartin\desktop\origincpy\sources\busmaster\nodesimex\simsystreeview.cpp(266): warning C4703: potentially uninitialized local pointer variable 'hNode' used
  Compiling...
  FunctionEditorDoc.cpp
c:\users\kmartin\desktop\origincpy\sources\busmaster\nodesimex\HashDefines.h(404): warning C4189: 'pduFormat' : local variable is initialized but not referenced
FunctionEditorDoc.cpp(366): warning C4244: 'initializing' : conversion from 'double' to 'float', possible loss of data
FunctionEditorDoc.cpp(373): warning C4244: 'initializing' : conversion from 'double' to 'float', possible loss of data
FunctionEditorDoc.cpp(415): warning C4189: 'nReplaceINdex' : local variable is initialized but not referenced
FunctionEditorDoc.cpp(1431): warning C4189: 'dwErrorCode' : local variable is initialized but not referenced
  FunctionEditorBase.cpp
c:\users\kmartin\desktop\origincpy\sources\busmaster\nodesimex\HashDefines.h(404): warning C4189: 'pduFormat' : local variable is initialized but not referenced
  FnsTreeView.cpp
c:\users\kmartin\desktop\origincpy\sources\busmaster\nodesimex\HashDefines.h(404): warning C4189: 'pduFormat' : local variable is initialized but not referenced
FnsTreeView.cpp(484): warning C4189: 'pGloArray' : local variable is initialized but not referenced
FnsTreeView.cpp(205): warning C4189: 'hPOC' : local variable is initialized but not referenced
FnsTreeView.cpp(206): warning C4189: 'hStartCycle' : local variable is initialized but not referenced
FnsTreeView.cpp(207): warning C4189: 'hPDU' : local variable is initialized but not referenced
FnsTreeView.cpp(815): warning C4189: 'hmn' : local variable is initialized but not referenced
FnsTreeView.cpp(814): warning C4189: 'bRetVal' : local variable is initialized but not referenced
FnsTreeView.cpp(1730): warning C4189: 'nLength' : local variable is initialized but not referenced
  FileView.cpp
c:\users\kmartin\desktop\origincpy\sources\busmaster\nodesimex\HashDefines.h(404): warning C4189: 'pduFormat' : local variable is initialized but not referenced
  ExploreMsgSg.cpp
c:\users\kmartin\desktop\origincpy\sources\busmaster\nodesimex\HashDefines.h(404): warning C4189: 'pduFormat' : local variable is initialized but not referenced
ExploreMsgSg.cpp(552): warning C4189: 'nIndex' : local variable is initialized but not referenced
ExploreMsgSg.cpp(782): warning C4189: 'pBaseDIL_CAN' : local variable is initialized but not referenced
  ExecuteManager.cpp
c:\users\kmartin\desktop\origincpy\sources\busmaster\nodesimex\Hashdefines.h(404): warning C4189: 'pduFormat' : local variable is initialized but not referenced
ExecuteManager.cpp(397): warning C4189: 'i' : local variable is initialized but not referenced
ExecuteManager.cpp(1669): warning C4189: 'nNodeCount' : local variable is initialized but not referenced
ExecuteManager.cpp(1758): warning C4189: 'nNodeCount' : local variable is initialized but not referenced
  ExecuteFunc.cpp
c:\users\kmartin\desktop\origincpy\sources\busmaster\nodesimex\HashDefines.h(404): warning C4189: 'pduFormat' : local variable is initialized but not referenced
ExecuteFunc.cpp(2537): warning C4245: '=' : conversion from 'int' to 'DWORD', signed/unsigned mismatch
ExecuteFunc.cpp(2494): warning C4189: 'nMsgID' : local variable is initialized but not referenced
ExecuteFunc.cpp(2781): warning C4189: 'unMsgIDFrom' : local variable is initialized but not referenced
ExecuteFunc.cpp(2782): warning C4189: 'unMsgIDTo' : local variable is initialized but not referenced
ExecuteFunc.cpp(2890): warning C4189: 'unMsgIDFrom' : local variable is initialized but not referenced
ExecuteFunc.cpp(2891): warning C4189: 'unMsgIDTo' : local variable is initialized but not referenced
  EventHandlerDlg.cpp
c:\users\kmartin\desktop\origincpy\sources\busmaster\nodesimex\Hashdefines.h(404): warning C4189: 'pduFormat' : local variable is initialized but not referenced
EventHandlerDlg.cpp(60): warning C4189: 'bAvailable' : local variable is initialized but not referenced
EventHandlerDlg.cpp(175): warning C4189: 'hNew' : local variable is initialized but not referenced
  ErrHandlerDlgLIN.cpp
c:\users\kmartin\desktop\origincpy\sources\busmaster\nodesimex\HashDefines.h(404): warning C4189: 'pduFormat' : local variable is initialized but not referenced
  ErrHandlerDlg.cpp
c:\users\kmartin\desktop\origincpy\sources\busmaster\nodesimex\HashDefines.h(404): warning C4189: 'pduFormat' : local variable is initialized but not referenced
  EditFrameWnd.cpp
c:\users\kmartin\desktop\origincpy\sources\busmaster\nodesimex\HashDefines.h(404): warning C4189: 'pduFormat' : local variable is initialized but not referenced
  DLLHandlerDlg.cpp
c:\users\kmartin\desktop\origincpy\sources\busmaster\nodesimex\HashDefines.h(404): warning C4189: 'pduFormat' : local variable is initialized but not referenced
  DefineTimerHandler.cpp
c:\users\kmartin\desktop\origincpy\sources\busmaster\nodesimex\HashDefines.h(404): warning C4189: 'pduFormat' : local variable is initialized but not referenced
  ConvertCpp.cpp
c:\users\kmartin\desktop\origincpy\sources\busmaster\nodesimex\HashDefines.h(404): warning C4189: 'pduFormat' : local variable is initialized but not referenced
ConvertCpp.cpp(32): warning C4189: 'nReplaceINdex' : local variable is initialized but not referenced
ConvertCpp.cpp(117): warning C4244: 'initializing' : conversion from 'double' to 'float', possible loss of data
ConvertCpp.cpp(124): warning C4244: 'initializing' : conversion from 'double' to 'float', possible loss of data
ConvertCpp.cpp(203): warning C4189: 'bFreeLibrary' : local variable is initialized but not referenced
  BusEventHandlerDlg.cpp
c:\users\kmartin\desktop\origincpy\sources\busmaster\nodesimex\HashDefines.h(404): warning C4189: 'pduFormat' : local variable is initialized but not referenced
  BuildProgram.cpp
c:\users\kmartin\desktop\origincpy\sources\busmaster\nodesimex\Hashdefines.h(404): warning C4189: 'pduFormat' : local variable is initialized but not referenced
BuildProgram.cpp(332): warning C4189: 'pucGCCPath' : local variable is initialized but not referenced
  AppServicesLIN.cpp
c:\users\kmartin\desktop\origincpy\sources\busmaster\nodesimex\Hashdefines.h(404): warning C4189: 'pduFormat' : local variable is initialized but not referenced
  AppServicesJ1939.cpp
c:\users\kmartin\desktop\origincpy\sources\busmaster\nodesimex\Hashdefines.h(404): warning C4189: 'pduFormat' : local variable is initialized but not referenced
  AppServicesCAN.cpp
c:\users\kmartin\desktop\origincpy\sources\busmaster\nodesimex\Hashdefines.h(404): warning C4189: 'pduFormat' : local variable is initialized but not referenced
  AppServices.cpp
c:\users\kmartin\desktop\origincpy\sources\busmaster\nodesimex\Hashdefines.h(404): warning C4189: 'pduFormat' : local variable is initialized but not referenced
AppServices.cpp(169): warning C4244: 'initializing' : conversion from 'double' to 'unsigned __int64', possible loss of data
AppServices.cpp(180): warning C4244: 'initializing' : conversion from 'unsigned __int64' to 'double', possible loss of data
  Generating Code...
  Compiling...
  CNVTCToolBar.cpp
  CNVTCImageList.cpp
  Generating Code...
  OffScreenDC.cpp
C:\Program Files (x86)\MSBuild\Microsoft.Cpp\v4.0\V120\Microsoft.CppBuild.targets(1193,5): warning MSB8012: TargetPath(C:\Users\kmartin\Desktop\origincpy\Sources\BUSMASTER\NodeSimEx\Debug\NodeSimEx.dll) does not match the Linker's OutputFile property value (C:\Users\kmartin\Desktop\origincpy\Sources\BUSMASTER\BIN\Debug\NodeSimEx.dll). This may cause your project to build incorrectly. To correct this, please make sure that $(OutDir), $(TargetName) and $(TargetExt) property values match the value specified in %(Link.OutputFile).
LINK : fatal error LNK1104: cannot open file '..\..\Kernel\bin\Debug\Utilities.lib'
