  MsgReplayWnd.cpp
c:\users\kmartin\desktop\origincpy\sources\kernel\protocoldefinitions\protocolsdefinitions.h(23): warning C4091: 'typedef ' : ignoré à gauche de 'eBUSEVENT' quand aucune variable n'est déclarée
c:\users\kmartin\desktop\origincpy\sources\kernel\protocoldefinitions\ccompumethod.h(27): warning C4091: 'typedef ' : ignoré à gauche de 'eCompuType' quand aucune variable n'est déclarée
c:\users\kmartin\desktop\origincpy\sources\busmaster\application\hashdefines.h(138): warning C4091: 'typedef ' : ignoré à gauche de 'eREPLAYMODE' quand aucune variable n'est déclarée
c:\users\kmartin\desktop\origincpy\sources\busmaster\application\hashdefines.h(982): warning C4091: 'typedef ' : ignoré à gauche de 'eCONFIGDETAILS' quand aucune variable n'est déclarée
c:\users\kmartin\desktop\origincpy\sources\busmaster\include\basedefs.h(51): warning C4091: 'typedef ' : ignoré à gauche de 'eBUSEVEHANDLER' quand aucune variable n'est déclarée
c:\users\kmartin\desktop\origincpy\sources\busmaster\datatypes\filter_datatypes.h(564): warning C5037: 'SFILTERAPPLIED<SFRAMEINFO_BASIC_BUS>::pbSetConfigData' : une définition hors ligne d'un membre d'un modèle de classe ne peut pas avoir d'arguments par défaut
c:\users\kmartin\desktop\origincpy\sources\busmaster\application\struct.h(218): warning C4091: 'typedef ' : ignoré à gauche de 'eUSERSELCTION' quand aucune variable n'est déclarée
c:\users\kmartin\desktop\origincpy\sources\busmaster\replay\msgreplaywnd.cpp(280): warning C4840: utilisation non portable de la classe 'ATL::CStringT<char,StrTraitMFC_DLL<char,ATL::ChTraitsCRT<_CharType>>>' en tant qu'argument d'une fonction variadique
          with
          [
              _CharType=char
          ]
  c:\users\kmartin\desktop\origincpy\sources\busmaster\replay\msgreplaywnd.cpp(280): note: 'ATL::CStringT<char,StrTraitMFC_DLL<char,ATL::ChTraitsCRT<_CharType>>>::CStringT' n'est pas trivial
          with
          [
              _CharType=char
          ]
  c:\program files (x86)\microsoft visual studio\2017\community\vc\tools\msvc\14.16.27023\atlmfc\include\cstringt.h(1026): note: voir la déclaration de 'ATL::CStringT<char,StrTraitMFC_DLL<char,ATL::ChTraitsCRT<_CharType>>>::CStringT'
          with
          [
              _CharType=char
          ]
  c:\users\kmartin\desktop\origincpy\sources\busmaster\replay\msgreplaywnd.cpp(280): note: le constructeur et le destructeur ne sont pas appelés ; une copie de la classe au niveau du bit est passée en tant qu'argument
  c:\program files (x86)\microsoft visual studio\2017\community\vc\tools\msvc\14.16.27023\atlmfc\include\afxstr.h(87): note: voir la déclaration de 'ATL::CStringT<char,StrTraitMFC_DLL<char,ATL::ChTraitsCRT<_CharType>>>'
          with
          [
              _CharType=char
          ]
c:\users\kmartin\desktop\origincpy\sources\busmaster\replay\msgreplaywnd.cpp(293): warning C4840: utilisation non portable de la classe 'ATL::CStringT<char,StrTraitMFC_DLL<char,ATL::ChTraitsCRT<_CharType>>>' en tant qu'argument d'une fonction variadique
          with
          [
              _CharType=char
          ]
  c:\users\kmartin\desktop\origincpy\sources\busmaster\replay\msgreplaywnd.cpp(293): note: 'ATL::CStringT<char,StrTraitMFC_DLL<char,ATL::ChTraitsCRT<_CharType>>>::CStringT' n'est pas trivial
          with
          [
              _CharType=char
          ]
  c:\program files (x86)\microsoft visual studio\2017\community\vc\tools\msvc\14.16.27023\atlmfc\include\cstringt.h(1026): note: voir la déclaration de 'ATL::CStringT<char,StrTraitMFC_DLL<char,ATL::ChTraitsCRT<_CharType>>>::CStringT'
          with
          [
              _CharType=char
          ]
  c:\users\kmartin\desktop\origincpy\sources\busmaster\replay\msgreplaywnd.cpp(293): note: le constructeur et le destructeur ne sont pas appelés ; une copie de la classe au niveau du bit est passée en tant qu'argument
  c:\program files (x86)\microsoft visual studio\2017\community\vc\tools\msvc\14.16.27023\atlmfc\include\afxstr.h(87): note: voir la déclaration de 'ATL::CStringT<char,StrTraitMFC_DLL<char,ATL::ChTraitsCRT<_CharType>>>'
          with
          [
              _CharType=char
          ]
c:\users\kmartin\desktop\origincpy\sources\busmaster\replay\msgreplaywnd.cpp(292): warning C4840: utilisation non portable de la classe 'ATL::CStringT<char,StrTraitMFC_DLL<char,ATL::ChTraitsCRT<_CharType>>>' en tant qu'argument d'une fonction variadique
          with
          [
              _CharType=char
          ]
  c:\users\kmartin\desktop\origincpy\sources\busmaster\replay\msgreplaywnd.cpp(292): note: 'ATL::CStringT<char,StrTraitMFC_DLL<char,ATL::ChTraitsCRT<_CharType>>>::CStringT' n'est pas trivial
          with
          [
              _CharType=char
          ]
  c:\program files (x86)\microsoft visual studio\2017\community\vc\tools\msvc\14.16.27023\atlmfc\include\cstringt.h(1026): note: voir la déclaration de 'ATL::CStringT<char,StrTraitMFC_DLL<char,ATL::ChTraitsCRT<_CharType>>>::CStringT'
          with
          [
              _CharType=char
          ]
  c:\users\kmartin\desktop\origincpy\sources\busmaster\replay\msgreplaywnd.cpp(292): note: le constructeur et le destructeur ne sont pas appelés ; une copie de la classe au niveau du bit est passée en tant qu'argument
  c:\program files (x86)\microsoft visual studio\2017\community\vc\tools\msvc\14.16.27023\atlmfc\include\afxstr.h(87): note: voir la déclaration de 'ATL::CStringT<char,StrTraitMFC_DLL<char,ATL::ChTraitsCRT<_CharType>>>'
          with
          [
              _CharType=char
          ]
c:\users\kmartin\desktop\origincpy\sources\busmaster\replay\msgreplaywnd.cpp(704): warning C4018: '<' : incompatibilité signed/unsigned
  MultiLanguage.cpp
c:\users\kmartin\desktop\origincpy\sources\busmaster\application\multilanguage.cpp(174): warning C4996: 'GetVersion': a été déclaré déconseillé
  c:\program files (x86)\windows kits\8.1\include\um\sysinfoapi.h(110): note: voir la déclaration de 'GetVersion'
  OwnerDataListCtrl.cpp
c:\users\kmartin\desktop\origincpy\sources\kernel\protocoldefinitions\protocolsdefinitions.h(23): warning C4091: 'typedef ' : ignoré à gauche de 'eBUSEVENT' quand aucune variable n'est déclarée
c:\users\kmartin\desktop\origincpy\sources\kernel\protocoldefinitions\ccompumethod.h(27): warning C4091: 'typedef ' : ignoré à gauche de 'eCompuType' quand aucune variable n'est déclarée
  Replay.cpp
c:\users\kmartin\desktop\origincpy\sources\kernel\protocoldefinitions\protocolsdefinitions.h(23): warning C4091: 'typedef ' : ignoré à gauche de 'eBUSEVENT' quand aucune variable n'est déclarée
c:\users\kmartin\desktop\origincpy\sources\kernel\protocoldefinitions\ccompumethod.h(27): warning C4091: 'typedef ' : ignoré à gauche de 'eCompuType' quand aucune variable n'est déclarée
c:\users\kmartin\desktop\origincpy\sources\busmaster\include\basedefs.h(51): warning C4091: 'typedef ' : ignoré à gauche de 'eBUSEVEHANDLER' quand aucune variable n'est déclarée
c:\users\kmartin\desktop\origincpy\sources\busmaster\application\hashdefines.h(138): warning C4091: 'typedef ' : ignoré à gauche de 'eREPLAYMODE' quand aucune variable n'est déclarée
c:\users\kmartin\desktop\origincpy\sources\busmaster\application\hashdefines.h(982): warning C4091: 'typedef ' : ignoré à gauche de 'eCONFIGDETAILS' quand aucune variable n'est déclarée
c:\users\kmartin\desktop\origincpy\sources\busmaster\datatypes\filter_datatypes.h(564): warning C5037: 'SFILTERAPPLIED<SFRAMEINFO_BASIC_BUS>::pbSetConfigData' : une définition hors ligne d'un membre d'un modèle de classe ne peut pas avoir d'arguments par défaut
c:\users\kmartin\desktop\origincpy\sources\busmaster\application\struct.h(218): warning C4091: 'typedef ' : ignoré à gauche de 'eUSERSELCTION' quand aucune variable n'est déclarée
  ReplayFile.cpp
c:\users\kmartin\desktop\origincpy\sources\kernel\protocoldefinitions\protocolsdefinitions.h(23): warning C4091: 'typedef ' : ignoré à gauche de 'eBUSEVENT' quand aucune variable n'est déclarée
c:\users\kmartin\desktop\origincpy\sources\kernel\protocoldefinitions\ccompumethod.h(27): warning C4091: 'typedef ' : ignoré à gauche de 'eCompuType' quand aucune variable n'est déclarée
c:\users\kmartin\desktop\origincpy\sources\busmaster\application\hashdefines.h(138): warning C4091: 'typedef ' : ignoré à gauche de 'eREPLAYMODE' quand aucune variable n'est déclarée
c:\users\kmartin\desktop\origincpy\sources\busmaster\application\hashdefines.h(982): warning C4091: 'typedef ' : ignoré à gauche de 'eCONFIGDETAILS' quand aucune variable n'est déclarée
c:\users\kmartin\desktop\origincpy\sources\busmaster\include\basedefs.h(51): warning C4091: 'typedef ' : ignoré à gauche de 'eBUSEVEHANDLER' quand aucune variable n'est déclarée
c:\users\kmartin\desktop\origincpy\sources\busmaster\datatypes\filter_datatypes.h(564): warning C5037: 'SFILTERAPPLIED<SFRAMEINFO_BASIC_BUS>::pbSetConfigData' : une définition hors ligne d'un membre d'un modèle de classe ne peut pas avoir d'arguments par défaut
c:\users\kmartin\desktop\origincpy\sources\busmaster\application\struct.h(218): warning C4091: 'typedef ' : ignoré à gauche de 'eUSERSELCTION' quand aucune variable n'est déclarée
c:\users\kmartin\desktop\origincpy\sources\busmaster\utility\canchannelconfigdefines.h(33): warning C4005: 'defCLOCK' : redéfinition de macro
  c:\users\kmartin\desktop\origincpy\sources\busmaster\application\hashdefines.h(913): note: voir la définition précédente de 'defCLOCK'
  ReplayFileConfigDlg.cpp
c:\users\kmartin\desktop\origincpy\sources\kernel\protocoldefinitions\protocolsdefinitions.h(23): warning C4091: 'typedef ' : ignoré à gauche de 'eBUSEVENT' quand aucune variable n'est déclarée
c:\users\kmartin\desktop\origincpy\sources\kernel\protocoldefinitions\ccompumethod.h(27): warning C4091: 'typedef ' : ignoré à gauche de 'eCompuType' quand aucune variable n'est déclarée
c:\users\kmartin\desktop\origincpy\sources\busmaster\application\hashdefines.h(138): warning C4091: 'typedef ' : ignoré à gauche de 'eREPLAYMODE' quand aucune variable n'est déclarée
c:\users\kmartin\desktop\origincpy\sources\busmaster\application\hashdefines.h(982): warning C4091: 'typedef ' : ignoré à gauche de 'eCONFIGDETAILS' quand aucune variable n'est déclarée
c:\users\kmartin\desktop\origincpy\sources\busmaster\include\basedefs.h(51): warning C4091: 'typedef ' : ignoré à gauche de 'eBUSEVEHANDLER' quand aucune variable n'est déclarée
c:\users\kmartin\desktop\origincpy\sources\busmaster\datatypes\filter_datatypes.h(564): warning C5037: 'SFILTERAPPLIED<SFRAMEINFO_BASIC_BUS>::pbSetConfigData' : une définition hors ligne d'un membre d'un modèle de classe ne peut pas avoir d'arguments par défaut
c:\users\kmartin\desktop\origincpy\sources\busmaster\application\struct.h(218): warning C4091: 'typedef ' : ignoré à gauche de 'eUSERSELCTION' quand aucune variable n'est déclarée
c:\users\kmartin\desktop\origincpy\sources\busmaster\replay\replayfileconfigdlg.cpp(895): warning C4456: la déclaration de 'sMainEntry' masque la déclaration locale précédente
  c:\users\kmartin\desktop\origincpy\sources\busmaster\replay\replayfileconfigdlg.cpp(891): note: voir la déclaration de 'sMainEntry'
c:\users\kmartin\desktop\origincpy\sources\busmaster\replay\replayfileconfigdlg.cpp(968): warning C4840: utilisation non portable de la classe 'ATL::CStringT<char,StrTraitMFC_DLL<char,ATL::ChTraitsCRT<_CharType>>>' en tant qu'argument d'une fonction variadique
          with
          [
              _CharType=char
          ]
  c:\users\kmartin\desktop\origincpy\sources\busmaster\replay\replayfileconfigdlg.cpp(968): note: 'ATL::CStringT<char,StrTraitMFC_DLL<char,ATL::ChTraitsCRT<_CharType>>>::CStringT' n'est pas trivial
          with
          [
              _CharType=char
          ]
  c:\program files (x86)\microsoft visual studio\2017\community\vc\tools\msvc\14.16.27023\atlmfc\include\cstringt.h(1026): note: voir la déclaration de 'ATL::CStringT<char,StrTraitMFC_DLL<char,ATL::ChTraitsCRT<_CharType>>>::CStringT'
          with
          [
              _CharType=char
          ]
  c:\users\kmartin\desktop\origincpy\sources\busmaster\replay\replayfileconfigdlg.cpp(968): note: le constructeur et le destructeur ne sont pas appelés ; une copie de la classe au niveau du bit est passée en tant qu'argument
  c:\program files (x86)\microsoft visual studio\2017\community\vc\tools\msvc\14.16.27023\atlmfc\include\afxstr.h(87): note: voir la déclaration de 'ATL::CStringT<char,StrTraitMFC_DLL<char,ATL::ChTraitsCRT<_CharType>>>'
          with
          [
              _CharType=char
          ]
  ReplayManager.cpp
c:\users\kmartin\desktop\origincpy\sources\kernel\protocoldefinitions\protocolsdefinitions.h(23): warning C4091: 'typedef ' : ignoré à gauche de 'eBUSEVENT' quand aucune variable n'est déclarée
c:\users\kmartin\desktop\origincpy\sources\kernel\protocoldefinitions\ccompumethod.h(27): warning C4091: 'typedef ' : ignoré à gauche de 'eCompuType' quand aucune variable n'est déclarée
c:\users\kmartin\desktop\origincpy\sources\busmaster\application\hashdefines.h(138): warning C4091: 'typedef ' : ignoré à gauche de 'eREPLAYMODE' quand aucune variable n'est déclarée
c:\users\kmartin\desktop\origincpy\sources\busmaster\application\hashdefines.h(982): warning C4091: 'typedef ' : ignoré à gauche de 'eCONFIGDETAILS' quand aucune variable n'est déclarée
c:\users\kmartin\desktop\origincpy\sources\busmaster\include\basedefs.h(51): warning C4091: 'typedef ' : ignoré à gauche de 'eBUSEVEHANDLER' quand aucune variable n'est déclarée
c:\users\kmartin\desktop\origincpy\sources\busmaster\datatypes\filter_datatypes.h(564): warning C5037: 'SFILTERAPPLIED<SFRAMEINFO_BASIC_BUS>::pbSetConfigData' : une définition hors ligne d'un membre d'un modèle de classe ne peut pas avoir d'arguments par défaut
c:\users\kmartin\desktop\origincpy\sources\busmaster\application\struct.h(218): warning C4091: 'typedef ' : ignoré à gauche de 'eUSERSELCTION' quand aucune variable n'est déclarée
c:\users\kmartin\desktop\origincpy\sources\busmaster\replay\replaymanager.cpp(268): warning C4840: utilisation non portable de la classe 'ATL::CStringT<char,StrTraitMFC_DLL<char,ATL::ChTraitsCRT<_CharType>>>' en tant qu'argument d'une fonction variadique
          with
          [
              _CharType=char
          ]
  c:\users\kmartin\desktop\origincpy\sources\busmaster\replay\replaymanager.cpp(268): note: 'ATL::CStringT<char,StrTraitMFC_DLL<char,ATL::ChTraitsCRT<_CharType>>>::CStringT' n'est pas trivial
          with
          [
              _CharType=char
          ]
  c:\program files (x86)\microsoft visual studio\2017\community\vc\tools\msvc\14.16.27023\atlmfc\include\cstringt.h(1026): note: voir la déclaration de 'ATL::CStringT<char,StrTraitMFC_DLL<char,ATL::ChTraitsCRT<_CharType>>>::CStringT'
          with
          [
              _CharType=char
          ]
  c:\users\kmartin\desktop\origincpy\sources\busmaster\replay\replaymanager.cpp(268): note: le constructeur et le destructeur ne sont pas appelés ; une copie de la classe au niveau du bit est passée en tant qu'argument
  c:\program files (x86)\microsoft visual studio\2017\community\vc\tools\msvc\14.16.27023\atlmfc\include\afxstr.h(87): note: voir la déclaration de 'ATL::CStringT<char,StrTraitMFC_DLL<char,ATL::ChTraitsCRT<_CharType>>>'
          with
          [
              _CharType=char
          ]
c:\users\kmartin\desktop\origincpy\sources\busmaster\replay\replaymanager.cpp(267): warning C4840: utilisation non portable de la classe 'ATL::CStringT<char,StrTraitMFC_DLL<char,ATL::ChTraitsCRT<_CharType>>>' en tant qu'argument d'une fonction variadique
          with
          [
              _CharType=char
          ]
  c:\users\kmartin\desktop\origincpy\sources\busmaster\replay\replaymanager.cpp(267): note: 'ATL::CStringT<char,StrTraitMFC_DLL<char,ATL::ChTraitsCRT<_CharType>>>::CStringT' n'est pas trivial
          with
          [
              _CharType=char
          ]
  c:\program files (x86)\microsoft visual studio\2017\community\vc\tools\msvc\14.16.27023\atlmfc\include\cstringt.h(1026): note: voir la déclaration de 'ATL::CStringT<char,StrTraitMFC_DLL<char,ATL::ChTraitsCRT<_CharType>>>::CStringT'
          with
          [
              _CharType=char
          ]
  c:\users\kmartin\desktop\origincpy\sources\busmaster\replay\replaymanager.cpp(267): note: le constructeur et le destructeur ne sont pas appelés ; une copie de la classe au niveau du bit est passée en tant qu'argument
  c:\program files (x86)\microsoft visual studio\2017\community\vc\tools\msvc\14.16.27023\atlmfc\include\afxstr.h(87): note: voir la déclaration de 'ATL::CStringT<char,StrTraitMFC_DLL<char,ATL::ChTraitsCRT<_CharType>>>'
          with
          [
              _CharType=char
          ]
c:\users\kmartin\desktop\origincpy\sources\busmaster\replay\replaymanager.cpp(359): warning C4018: '<' : incompatibilité signed/unsigned
c:\users\kmartin\desktop\origincpy\sources\busmaster\replay\replaymanager.cpp(374): warning C4018: '<' : incompatibilité signed/unsigned
  ReplayProcess.cpp
c:\users\kmartin\desktop\origincpy\sources\kernel\protocoldefinitions\protocolsdefinitions.h(23): warning C4091: 'typedef ' : ignoré à gauche de 'eBUSEVENT' quand aucune variable n'est déclarée
c:\users\kmartin\desktop\origincpy\sources\kernel\protocoldefinitions\ccompumethod.h(27): warning C4091: 'typedef ' : ignoré à gauche de 'eCompuType' quand aucune variable n'est déclarée
c:\users\kmartin\desktop\origincpy\sources\busmaster\application\hashdefines.h(138): warning C4091: 'typedef ' : ignoré à gauche de 'eREPLAYMODE' quand aucune variable n'est déclarée
c:\users\kmartin\desktop\origincpy\sources\busmaster\application\hashdefines.h(982): warning C4091: 'typedef ' : ignoré à gauche de 'eCONFIGDETAILS' quand aucune variable n'est déclarée
c:\users\kmartin\desktop\origincpy\sources\busmaster\include\basedefs.h(51): warning C4091: 'typedef ' : ignoré à gauche de 'eBUSEVEHANDLER' quand aucune variable n'est déclarée
c:\users\kmartin\desktop\origincpy\sources\busmaster\datatypes\filter_datatypes.h(564): warning C5037: 'SFILTERAPPLIED<SFRAMEINFO_BASIC_BUS>::pbSetConfigData' : une définition hors ligne d'un membre d'un modèle de classe ne peut pas avoir d'arguments par défaut
c:\users\kmartin\desktop\origincpy\sources\busmaster\application\struct.h(218): warning C4091: 'typedef ' : ignoré à gauche de 'eUSERSELCTION' quand aucune variable n'est déclarée
c:\users\kmartin\desktop\origincpy\sources\busmaster\utility\canchannelconfigdefines.h(33): warning C4005: 'defCLOCK' : redéfinition de macro
  c:\users\kmartin\desktop\origincpy\sources\busmaster\application\hashdefines.h(913): note: voir la définition précédente de 'defCLOCK'
c:\users\kmartin\desktop\origincpy\sources\busmaster\replay\replayprocess.cpp(231): warning C4456: la déclaration de 'hRet' masque la déclaration locale précédente
  c:\users\kmartin\desktop\origincpy\sources\busmaster\replay\replayprocess.cpp(216): note: voir la déclaration de 'hRet'
c:\users\kmartin\desktop\origincpy\sources\busmaster\replay\replayprocess.cpp(424): warning C4456: la déclaration de 'hRet' masque la déclaration locale précédente
  c:\users\kmartin\desktop\origincpy\sources\busmaster\replay\replayprocess.cpp(406): note: voir la déclaration de 'hRet'
c:\users\kmartin\desktop\origincpy\sources\busmaster\replay\replayprocess.cpp(1035): warning C4244: 'initialisation' : conversion de 'std::streamoff' en 'DWORD', perte possible de données
c:\users\kmartin\desktop\origincpy\sources\busmaster\replay\replayprocess.cpp(1072): warning C4018: '<=' : incompatibilité signed/unsigned
c:\users\kmartin\desktop\origincpy\sources\busmaster\replay\replayprocess.cpp(1142): warning C4018: '<=' : incompatibilité signed/unsigned
c:\users\kmartin\desktop\origincpy\sources\busmaster\replay\replayprocess.cpp(1146): warning C4244: '=' : conversion de 'std::streamoff' en 'DWORD', perte possible de données
  Utility_Replay.cpp
c:\users\kmartin\desktop\origincpy\sources\kernel\protocoldefinitions\protocolsdefinitions.h(23): warning C4091: 'typedef ' : ignoré à gauche de 'eBUSEVENT' quand aucune variable n'est déclarée
c:\users\kmartin\desktop\origincpy\sources\kernel\protocoldefinitions\ccompumethod.h(27): warning C4091: 'typedef ' : ignoré à gauche de 'eCompuType' quand aucune variable n'est déclarée
c:\users\kmartin\desktop\origincpy\sources\busmaster\application\hashdefines.h(138): warning C4091: 'typedef ' : ignoré à gauche de 'eREPLAYMODE' quand aucune variable n'est déclarée
c:\users\kmartin\desktop\origincpy\sources\busmaster\application\hashdefines.h(982): warning C4091: 'typedef ' : ignoré à gauche de 'eCONFIGDETAILS' quand aucune variable n'est déclarée
  Génération de code en cours...
C:\Program Files (x86)\Microsoft Visual Studio\2017\Community\Common7\IDE\VC\VCTargets\Microsoft.CppBuild.targets(1216,5): warning MSB8012: TargetPath(C:\Users\kmartin\Desktop\origincpy\Sources\BUSMASTER\Replay\Release\Replay.dll) ne correspond pas à la valeur de la propriété OutputFile (C:\Users\kmartin\Desktop\origincpy\Sources\BUSMASTER\bin\Release\Replay.dll) de Linker. Cela peut entraîner une génération incorrecte de votre projet. Pour corriger ce problème, vérifiez que les valeurs des propriétés $(OutDir), $(TargetName) et $(TargetExt) correspondent à la valeur spécifiée dans %(Link.OutputFile).
     Création de la bibliothèque C:\Users\kmartin\Desktop\origincpy\Sources\BUSMASTER\/BIN/Libs/Release\Replay.lib et de l'objet C:\Users\kmartin\Desktop\origincpy\Sources\BUSMASTER\/BIN/Libs/Release\Replay.exp
  Replay.vcxproj -> C:\Users\kmartin\Desktop\origincpy\Sources\BUSMASTER\Replay\Release\Replay.dll
