  HardwareListingCAN.cpp
c:\users\kmartin\desktop\origincpy\sources\kernel\protocoldefinitions\protocolsdefinitions.h(23): warning C4091: 'typedef ' : ignoré à gauche de 'eBUSEVENT' quand aucune variable n'est déclarée
c:\users\kmartin\desktop\origincpy\sources\busmaster\dil_interface\hardwarelistingcan.cpp(727): warning C4018: '<' : incompatibilité signed/unsigned
c:\users\kmartin\desktop\origincpy\sources\busmaster\dil_interface\hardwarelistingcan.cpp(1104): warning C4245: 'initialisation' : conversion de 'int' en 'UINT', incompatibilité signed/unsigned
c:\users\kmartin\desktop\origincpy\sources\busmaster\dil_interface\hardwarelistingcan.cpp(1149): warning C4100: 'pResult' : paramètre formel non référencé
c:\users\kmartin\desktop\origincpy\sources\busmaster\dil_interface\hardwarelistingcan.cpp(1149): warning C4100: 'pNMHDR' : paramètre formel non référencé
c:\users\kmartin\desktop\origincpy\sources\busmaster\dil_interface\hardwarelistingcan.cpp(1153): warning C4100: 'pResult' : paramètre formel non référencé
c:\users\kmartin\desktop\origincpy\sources\busmaster\dil_interface\hardwarelistingcan.cpp(1153): warning C4100: 'pNMHDR' : paramètre formel non référencé
  AcceptanceFilterDlg.cpp
  CAN_Vector_XL.cpp
c:\users\kmartin\desktop\origincpy\sources\kernel\protocoldefinitions\protocolsdefinitions.h(23): warning C4091: 'typedef ' : ignoré à gauche de 'eBUSEVENT' quand aucune variable n'est déclarée
c:\users\kmartin\desktop\origincpy\sources\busmaster\can_vector_xl\can_vector_xl.cpp(1221): warning C4018: '<' : incompatibilité signed/unsigned
c:\users\kmartin\desktop\origincpy\sources\busmaster\can_vector_xl\can_vector_xl.cpp(1363): warning C4018: '>=' : incompatibilité signed/unsigned
c:\users\kmartin\desktop\origincpy\sources\busmaster\can_vector_xl\can_vector_xl.cpp(2290): warning C4018: '>=' : incompatibilité signed/unsigned
c:\users\kmartin\desktop\origincpy\sources\busmaster\can_vector_xl\can_vector_xl.cpp(2301): warning C4244: '=' : conversion de 'int' en 'UCHAR', perte possible de données
c:\users\kmartin\desktop\origincpy\sources\busmaster\can_vector_xl\can_vector_xl.cpp(2647): warning C4018: '<' : incompatibilité signed/unsigned
c:\users\kmartin\desktop\origincpy\sources\busmaster\can_vector_xl\can_vector_xl.cpp(2659): warning C4018: '<' : incompatibilité signed/unsigned
  CANRegAnalysis.cpp
  ChangeRegisters.cpp
c:\users\kmartin\desktop\origincpy\sources\busmaster\can_vector_xl\changeregisters.cpp(1794): warning C4840: utilisation non portable de la classe 'ATL::CStringT<char,StrTraitMFC_DLL<char,ATL::ChTraitsCRT<_CharType>>>' en tant qu'argument d'une fonction variadique
          with
          [
              _CharType=char
          ]
  c:\users\kmartin\desktop\origincpy\sources\busmaster\can_vector_xl\changeregisters.cpp(1794): note: 'ATL::CStringT<char,StrTraitMFC_DLL<char,ATL::ChTraitsCRT<_CharType>>>::CStringT' n'est pas trivial
          with
          [
              _CharType=char
          ]
  c:\program files (x86)\microsoft visual studio\2017\community\vc\tools\msvc\14.16.27023\atlmfc\include\cstringt.h(1026): note: voir la déclaration de 'ATL::CStringT<char,StrTraitMFC_DLL<char,ATL::ChTraitsCRT<_CharType>>>::CStringT'
          with
          [
              _CharType=char
          ]
  c:\users\kmartin\desktop\origincpy\sources\busmaster\can_vector_xl\changeregisters.cpp(1794): note: le constructeur et le destructeur ne sont pas appelés ; une copie de la classe au niveau du bit est passée en tant qu'argument
  c:\program files (x86)\microsoft visual studio\2017\community\vc\tools\msvc\14.16.27023\atlmfc\include\afxstr.h(87): note: voir la déclaration de 'ATL::CStringT<char,StrTraitMFC_DLL<char,ATL::ChTraitsCRT<_CharType>>>'
          with
          [
              _CharType=char
          ]
c:\users\kmartin\desktop\origincpy\sources\busmaster\can_vector_xl\changeregisters.cpp(1820): warning C4458: la déclaration de 'm_usBTR0BTR1' masque le membre de classe
  c:\users\kmartin\desktop\origincpy\sources\busmaster\can_vector_xl\changeregisters.h(164): note: voir la déclaration de 'CChangeRegisters::m_usBTR0BTR1'
c:\users\kmartin\desktop\origincpy\sources\busmaster\can_vector_xl\changeregisters.cpp(2011): warning C4018: '<' : incompatibilité signed/unsigned
c:\users\kmartin\desktop\origincpy\sources\busmaster\can_vector_xl\changeregisters.cpp(2018): warning C4018: '<' : incompatibilité signed/unsigned
c:\users\kmartin\desktop\origincpy\sources\busmaster\can_vector_xl\changeregisters.cpp(2116): warning C4840: utilisation non portable de la classe 'ATL::CStringT<char,StrTraitMFC_DLL<char,ATL::ChTraitsCRT<_CharType>>>' en tant qu'argument d'une fonction variadique
          with
          [
              _CharType=char
          ]
  c:\users\kmartin\desktop\origincpy\sources\busmaster\can_vector_xl\changeregisters.cpp(2116): note: 'ATL::CStringT<char,StrTraitMFC_DLL<char,ATL::ChTraitsCRT<_CharType>>>::CStringT' n'est pas trivial
          with
          [
              _CharType=char
          ]
  c:\program files (x86)\microsoft visual studio\2017\community\vc\tools\msvc\14.16.27023\atlmfc\include\cstringt.h(1026): note: voir la déclaration de 'ATL::CStringT<char,StrTraitMFC_DLL<char,ATL::ChTraitsCRT<_CharType>>>::CStringT'
          with
          [
              _CharType=char
          ]
  c:\users\kmartin\desktop\origincpy\sources\busmaster\can_vector_xl\changeregisters.cpp(2116): note: le constructeur et le destructeur ne sont pas appelés ; une copie de la classe au niveau du bit est passée en tant qu'argument
  c:\program files (x86)\microsoft visual studio\2017\community\vc\tools\msvc\14.16.27023\atlmfc\include\afxstr.h(87): note: voir la déclaration de 'ATL::CStringT<char,StrTraitMFC_DLL<char,ATL::ChTraitsCRT<_CharType>>>'
          with
          [
              _CharType=char
          ]
c:\users\kmartin\desktop\origincpy\sources\busmaster\can_vector_xl\changeregisters.cpp(2123): warning C4840: utilisation non portable de la classe 'ATL::CStringT<char,StrTraitMFC_DLL<char,ATL::ChTraitsCRT<_CharType>>>' en tant qu'argument d'une fonction variadique
          with
          [
              _CharType=char
          ]
  c:\users\kmartin\desktop\origincpy\sources\busmaster\can_vector_xl\changeregisters.cpp(2123): note: 'ATL::CStringT<char,StrTraitMFC_DLL<char,ATL::ChTraitsCRT<_CharType>>>::CStringT' n'est pas trivial
          with
          [
              _CharType=char
          ]
  c:\program files (x86)\microsoft visual studio\2017\community\vc\tools\msvc\14.16.27023\atlmfc\include\cstringt.h(1026): note: voir la déclaration de 'ATL::CStringT<char,StrTraitMFC_DLL<char,ATL::ChTraitsCRT<_CharType>>>::CStringT'
          with
          [
              _CharType=char
          ]
  c:\users\kmartin\desktop\origincpy\sources\busmaster\can_vector_xl\changeregisters.cpp(2123): note: le constructeur et le destructeur ne sont pas appelés ; une copie de la classe au niveau du bit est passée en tant qu'argument
  c:\program files (x86)\microsoft visual studio\2017\community\vc\tools\msvc\14.16.27023\atlmfc\include\afxstr.h(87): note: voir la déclaration de 'ATL::CStringT<char,StrTraitMFC_DLL<char,ATL::ChTraitsCRT<_CharType>>>'
          with
          [
              _CharType=char
          ]
  MultiLanguage.cpp
c:\users\kmartin\desktop\origincpy\sources\busmaster\application\multilanguage.cpp(174): warning C4996: 'GetVersion': a été déclaré déconseillé
  c:\program files (x86)\windows kits\8.1\include\um\sysinfoapi.h(110): note: voir la déclaration de 'GetVersion'
  Génération de code en cours...
C:\Program Files (x86)\Microsoft Visual Studio\2017\Community\Common7\IDE\VC\VCTargets\Microsoft.CppBuild.targets(1216,5): warning MSB8012: TargetPath(C:\Users\kmartin\Desktop\origincpy\Sources\BUSMASTER\CAN_Vector_XL\Release\CAN_Vector_XL.dll) ne correspond pas à la valeur de la propriété OutputFile (C:\Users\kmartin\Desktop\origincpy\Sources\BUSMASTER\bin\Release\CAN_Vector_XL.dll) de Linker. Cela peut entraîner une génération incorrecte de votre projet. Pour corriger ce problème, vérifiez que les valeurs des propriétés $(OutDir), $(TargetName) et $(TargetExt) correspondent à la valeur spécifiée dans %(Link.OutputFile).
     Création de la bibliothèque C:\Users\kmartin\Desktop\origincpy\Sources\BUSMASTER\/BIN/Libs/Release\CAN_Vector_XL.lib et de l'objet C:\Users\kmartin\Desktop\origincpy\Sources\BUSMASTER\/BIN/Libs/Release\CAN_Vector_XL.exp
  CAN_Vector_XL.vcxproj -> C:\Users\kmartin\Desktop\origincpy\Sources\BUSMASTER\CAN_Vector_XL\Release\CAN_Vector_XL.dll
