c:\users\kmartin\desktop\busmaster\sources\busmaster\bin\libs\release\can_vector_xl.lib
c:\users\kmartin\desktop\busmaster\sources\busmaster\bin\libs\release\can_vector_xl.exp
c:\users\kmartin\desktop\busmaster\sources\busmaster\bin\dumpfiles\release\obj\can_vector_xl\multilanguage.obj
c:\users\kmartin\desktop\busmaster\sources\busmaster\bin\dumpfiles\release\obj\can_vector_xl\changeregisters.obj
c:\users\kmartin\desktop\busmaster\sources\busmaster\bin\dumpfiles\release\obj\can_vector_xl\canreganalysis.obj
c:\users\kmartin\desktop\busmaster\sources\busmaster\bin\dumpfiles\release\obj\can_vector_xl\can_vector_xl.obj
c:\users\kmartin\desktop\busmaster\sources\busmaster\bin\dumpfiles\release\obj\can_vector_xl\acceptancefilterdlg.obj
c:\users\kmartin\desktop\busmaster\sources\busmaster\bin\dumpfiles\release\obj\can_vector_xl\hardwarelistingcan.obj
c:\users\kmartin\desktop\busmaster\sources\busmaster\bin\release\can_vector_xl.dll
c:\users\kmartin\desktop\busmaster\sources\busmaster\bin\dumpfiles\release\pdb\can_vector_xl.pdb
c:\users\kmartin\desktop\busmaster\sources\busmaster\can_vector_xl\release\can_vector_xl.res
c:\users\kmartin\desktop\busmaster\sources\busmaster\can_vector_xl\release\can_vector_xl.tlog\can_vector_xl.write.1u.tlog
c:\users\kmartin\desktop\busmaster\sources\busmaster\can_vector_xl\release\can_vector_xl.tlog\cl.command.1.tlog
c:\users\kmartin\desktop\busmaster\sources\busmaster\can_vector_xl\release\can_vector_xl.tlog\cl.read.1.tlog
c:\users\kmartin\desktop\busmaster\sources\busmaster\can_vector_xl\release\can_vector_xl.tlog\cl.write.1.tlog
c:\users\kmartin\desktop\busmaster\sources\busmaster\can_vector_xl\release\can_vector_xl.tlog\link.command.1.tlog
c:\users\kmartin\desktop\busmaster\sources\busmaster\can_vector_xl\release\can_vector_xl.tlog\link.delete.1.tlog
c:\users\kmartin\desktop\busmaster\sources\busmaster\can_vector_xl\release\can_vector_xl.tlog\link.read.1.tlog
c:\users\kmartin\desktop\busmaster\sources\busmaster\can_vector_xl\release\can_vector_xl.tlog\link.write.1.tlog
c:\users\kmartin\desktop\busmaster\sources\busmaster\can_vector_xl\release\can_vector_xl.tlog\rc.command.1.tlog
c:\users\kmartin\desktop\busmaster\sources\busmaster\can_vector_xl\release\can_vector_xl.tlog\rc.read.1.tlog
c:\users\kmartin\desktop\busmaster\sources\busmaster\can_vector_xl\release\can_vector_xl.tlog\rc.write.1.tlog
