c:\users\kmartin\desktop\origincpy\sources\busmaster\bin\libs\release\can_ixxat_vci.lib
c:\users\kmartin\desktop\origincpy\sources\busmaster\bin\libs\release\can_ixxat_vci.exp
c:\users\kmartin\desktop\origincpy\sources\busmaster\can_ixxat_vci\release\can_ixxat_vci.pch
c:\users\kmartin\desktop\origincpy\sources\busmaster\bin\dumpfiles\release\obj\can_ixxat_vci\can_ixxat_vci_stdafx.obj
c:\users\kmartin\desktop\origincpy\sources\busmaster\bin\dumpfiles\release\obj\can_ixxat_vci\vcinpldynl.obj
c:\users\kmartin\desktop\origincpy\sources\busmaster\bin\dumpfiles\release\obj\can_ixxat_vci\multilanguage.obj
c:\users\kmartin\desktop\origincpy\sources\busmaster\bin\dumpfiles\release\obj\can_ixxat_vci\ixxatcanchannel.obj
c:\users\kmartin\desktop\origincpy\sources\busmaster\bin\dumpfiles\release\obj\can_ixxat_vci\dil_can_ixxat_vci.obj
c:\users\kmartin\desktop\origincpy\sources\busmaster\bin\dumpfiles\release\obj\can_ixxat_vci\clientlist.obj
c:\users\kmartin\desktop\origincpy\sources\busmaster\bin\dumpfiles\release\obj\can_ixxat_vci\clientbuffer.obj
c:\users\kmartin\desktop\origincpy\sources\busmaster\bin\dumpfiles\release\obj\can_ixxat_vci\canselectdlg.obj
c:\users\kmartin\desktop\origincpy\sources\busmaster\bin\dumpfiles\release\obj\can_ixxat_vci\cancontrollerconfigdlg.obj
c:\users\kmartin\desktop\origincpy\sources\busmaster\bin\dumpfiles\release\obj\can_ixxat_vci\can_ixxat_vci.obj
c:\users\kmartin\desktop\origincpy\sources\busmaster\bin\dumpfiles\release\obj\can_ixxat_vci\hardwarelistingcan.obj
c:\users\kmartin\desktop\origincpy\sources\busmaster\bin\release\can_ixxat_vci.dll
c:\users\kmartin\desktop\origincpy\sources\busmaster\bin\release\can_ixxat_vci.map
c:\users\kmartin\desktop\origincpy\sources\busmaster\bin\dumpfiles\release\pdb\can_ixxat_vci.pdb
c:\users\kmartin\desktop\origincpy\sources\busmaster\can_ixxat_vci\release\can_ixxat_vci.res
c:\users\kmartin\desktop\origincpy\sources\busmaster\can_ixxat_vci\release\can_ixxat_vci.tlog\can_ixxat_vci.write.1u.tlog
c:\users\kmartin\desktop\origincpy\sources\busmaster\can_ixxat_vci\release\can_ixxat_vci.tlog\cl.command.1.tlog
c:\users\kmartin\desktop\origincpy\sources\busmaster\can_ixxat_vci\release\can_ixxat_vci.tlog\cl.read.1.tlog
c:\users\kmartin\desktop\origincpy\sources\busmaster\can_ixxat_vci\release\can_ixxat_vci.tlog\cl.write.1.tlog
c:\users\kmartin\desktop\origincpy\sources\busmaster\can_ixxat_vci\release\can_ixxat_vci.tlog\link.command.1.tlog
c:\users\kmartin\desktop\origincpy\sources\busmaster\can_ixxat_vci\release\can_ixxat_vci.tlog\link.read.1.tlog
c:\users\kmartin\desktop\origincpy\sources\busmaster\can_ixxat_vci\release\can_ixxat_vci.tlog\link.write.1.tlog
c:\users\kmartin\desktop\origincpy\sources\busmaster\can_ixxat_vci\release\can_ixxat_vci.tlog\rc.command.1.tlog
c:\users\kmartin\desktop\origincpy\sources\busmaster\can_ixxat_vci\release\can_ixxat_vci.tlog\rc.read.1.tlog
c:\users\kmartin\desktop\origincpy\sources\busmaster\can_ixxat_vci\release\can_ixxat_vci.tlog\rc.write.1.tlog
