  SigGrphWnd.cpp
  GraphRightView.cpp
  GraphLeftView.cpp
  GraphExportDlg.cpp
  GraphChildFrame.cpp
  GraphBottomView.cpp
  Generating Code...
  MultiLanguage.cpp
c:\users\kmartin\desktop\origincpy\sources\busmaster\application\stdAfx.h(81): warning C4192: automatically excluding 'ISequentialStream' while importing type library 'msxml6.dll'
c:\users\kmartin\desktop\origincpy\sources\busmaster\application\stdAfx.h(81): warning C4192: automatically excluding '_FILETIME' while importing type library 'msxml6.dll'
..\Application\MultiLanguage.cpp(174): warning C4996: 'GetVersion': was declared deprecated
          C:\Program Files (x86)\Windows Kits\8.1\Include\um\sysinfoapi.h(110) : see declaration of 'GetVersion'
  MessageList.cpp
  MDIChildBase.cpp
  GraphSink.cpp
  GraphParameters.cpp
  GraphList.cpp
  GraphElement.cpp
  GraphConfiguration.cpp
  Generating Code...
C:\Program Files (x86)\MSBuild\Microsoft.Cpp\v4.0\V120\Microsoft.CppBuild.targets(1193,5): warning MSB8012: TargetPath(C:\Users\kmartin\Desktop\origincpy\Sources\BUSMASTER\SigGrphWnd\Debug\SigGrphWnd.dll) does not match the Linker's OutputFile property value (C:\Users\kmartin\Desktop\origincpy\Sources\BUSMASTER\BIN\Debug\SigGrphWnd.dll). This may cause your project to build incorrectly. To correct this, please make sure that $(OutDir), $(TargetName) and $(TargetExt) property values match the value specified in %(Link.OutputFile).
LINK : fatal error LNK1104: cannot open file '..\..\Kernel\bin\Debug\Utilities.lib'
